[35m[1mConsolidate compiler generated dependencies of target my_interface__rosidl_generator_c[0m
[  2%] Built target my_interface__cpp
[ 12%] Built target my_interface__rosidl_generator_c
[ 12%] Built target ament_cmake_python_copy_my_interface
[35m[1mConsolidate compiler generated dependencies of target my_interface__rosidl_typesupport_cpp[0m
[35m[1mConsolidate compiler generated dependencies of target my_interface__rosidl_typesupport_fastrtps_cpp[0m
[35m[1mConsolidate compiler generated dependencies of target my_interface__rosidl_typesupport_fastrtps_c[0m
[35m[1mConsolidate compiler generated dependencies of target my_interface__rosidl_typesupport_introspection_cpp[0m
[ 23%] Built target my_interface__rosidl_typesupport_cpp
[ 33%] Built target my_interface__rosidl_typesupport_fastrtps_cpp
[ 53%] Built target my_interface__rosidl_typesupport_introspection_cpp
[ 53%] Built target my_interface__rosidl_typesupport_fastrtps_c
[35m[1mConsolidate compiler generated dependencies of target my_interface__rosidl_typesupport_introspection_c[0m
[35m[1mConsolidate compiler generated dependencies of target my_interface__rosidl_typesupport_c[0m
[ 64%] Built target my_interface__rosidl_typesupport_introspection_c
[ 74%] Built target my_interface__rosidl_typesupport_c
[ 74%] Built target my_interface
[ 76%] Built target my_interface__py
[35m[1mConsolidate compiler generated dependencies of target my_interface__rosidl_generator_py[0m
[ 84%] Built target my_interface__rosidl_generator_py
[35m[1mConsolidate compiler generated dependencies of target my_interface__rosidl_typesupport_introspection_c__pyext[0m
[35m[1mConsolidate compiler generated dependencies of target my_interface__rosidl_typesupport_fastrtps_c__pyext[0m
[35m[1mConsolidate compiler generated dependencies of target my_interface__rosidl_typesupport_c__pyext[0m
[ 92%] Built target my_interface__rosidl_typesupport_introspection_c__pyext
[ 94%] Built target my_interface__rosidl_typesupport_fastrtps_c__pyext
[100%] Built target my_interface__rosidl_typesupport_c__pyext
running egg_info
writing my_interface.egg-info/PKG-INFO
writing dependency_links to my_interface.egg-info/dependency_links.txt
writing top-level names to my_interface.egg-info/top_level.txt
reading manifest file 'my_interface.egg-info/SOURCES.txt'
writing manifest file 'my_interface.egg-info/SOURCES.txt'
[100%] Built target ament_cmake_python_build_my_interface_egg
-- Install configuration: ""
-- Up-to-date: /home/anthonyubuntu/Desktop/inmind/session6/Anthony-Moundalak-ROS2-Assignment-Session6/ros2ws/install/my_interface/share/ament_index/resource_index/rosidl_interfaces/my_interface
-- Up-to-date: /home/anthonyubuntu/Desktop/inmind/session6/Anthony-Moundalak-ROS2-Assignment-Session6/ros2ws/install/my_interface/include/my_interface/my_interface
-- Up-to-date: /home/anthonyubuntu/Desktop/inmind/session6/Anthony-Moundalak-ROS2-Assignment-Session6/ros2ws/install/my_interface/include/my_interface/my_interface/srv
-- Up-to-date: /home/anthonyubuntu/Desktop/inmind/session6/Anthony-Moundalak-ROS2-Assignment-Session6/ros2ws/install/my_interface/include/my_interface/my_interface/srv/detail
-- Up-to-date: /home/anthonyubuntu/Desktop/inmind/session6/Anthony-Moundalak-ROS2-Assignment-Session6/ros2ws/install/my_interface/include/my_interface/my_interface/srv/detail/check_stock__functions.c
-- Up-to-date: /home/anthonyubuntu/Desktop/inmind/session6/Anthony-Moundalak-ROS2-Assignment-Session6/ros2ws/install/my_interface/include/my_interface/my_interface/srv/detail/check_stock__type_support.h
-- Up-to-date: /home/anthonyubuntu/Desktop/inmind/session6/Anthony-Moundalak-ROS2-Assignment-Session6/ros2ws/install/my_interface/include/my_interface/my_interface/srv/detail/check_stock__struct.h
-- Up-to-date: /home/anthonyubuntu/Desktop/inmind/session6/Anthony-Moundalak-ROS2-Assignment-Session6/ros2ws/install/my_interface/include/my_interface/my_interface/srv/detail/check_stock__functions.h
-- Up-to-date: /home/anthonyubuntu/Desktop/inmind/session6/Anthony-Moundalak-ROS2-Assignment-Session6/ros2ws/install/my_interface/include/my_interface/my_interface/srv/check_stock.h
-- Up-to-date: /home/anthonyubuntu/Desktop/inmind/session6/Anthony-Moundalak-ROS2-Assignment-Session6/ros2ws/install/my_interface/include/my_interface/my_interface/msg
-- Up-to-date: /home/anthonyubuntu/Desktop/inmind/session6/Anthony-Moundalak-ROS2-Assignment-Session6/ros2ws/install/my_interface/include/my_interface/my_interface/msg/rosidl_generator_c__visibility_control.h
-- Up-to-date: /home/anthonyubuntu/Desktop/inmind/session6/Anthony-Moundalak-ROS2-Assignment-Session6/ros2ws/install/my_interface/include/my_interface/my_interface/action
-- Up-to-date: /home/anthonyubuntu/Desktop/inmind/session6/Anthony-Moundalak-ROS2-Assignment-Session6/ros2ws/install/my_interface/include/my_interface/my_interface/action/detail
-- Up-to-date: /home/anthonyubuntu/Desktop/inmind/session6/Anthony-Moundalak-ROS2-Assignment-Session6/ros2ws/install/my_interface/include/my_interface/my_interface/action/detail/deliver_item__type_support.h
-- Up-to-date: /home/anthonyubuntu/Desktop/inmind/session6/Anthony-Moundalak-ROS2-Assignment-Session6/ros2ws/install/my_interface/include/my_interface/my_interface/action/detail/deliver_item__struct.h
-- Up-to-date: /home/anthonyubuntu/Desktop/inmind/session6/Anthony-Moundalak-ROS2-Assignment-Session6/ros2ws/install/my_interface/include/my_interface/my_interface/action/detail/deliver_item__functions.h
-- Up-to-date: /home/anthonyubuntu/Desktop/inmind/session6/Anthony-Moundalak-ROS2-Assignment-Session6/ros2ws/install/my_interface/include/my_interface/my_interface/action/detail/deliver_item__functions.c
-- Up-to-date: /home/anthonyubuntu/Desktop/inmind/session6/Anthony-Moundalak-ROS2-Assignment-Session6/ros2ws/install/my_interface/include/my_interface/my_interface/action/deliver_item.h
-- Up-to-date: /home/anthonyubuntu/Desktop/inmind/session6/Anthony-Moundalak-ROS2-Assignment-Session6/ros2ws/install/my_interface/share/my_interface/environment/library_path.sh
-- Up-to-date: /home/anthonyubuntu/Desktop/inmind/session6/Anthony-Moundalak-ROS2-Assignment-Session6/ros2ws/install/my_interface/share/my_interface/environment/library_path.dsv
-- Up-to-date: /home/anthonyubuntu/Desktop/inmind/session6/Anthony-Moundalak-ROS2-Assignment-Session6/ros2ws/install/my_interface/lib/libmy_interface__rosidl_generator_c.so
-- Up-to-date: /home/anthonyubuntu/Desktop/inmind/session6/Anthony-Moundalak-ROS2-Assignment-Session6/ros2ws/install/my_interface/include/my_interface/my_interface
-- Up-to-date: /home/anthonyubuntu/Desktop/inmind/session6/Anthony-Moundalak-ROS2-Assignment-Session6/ros2ws/install/my_interface/include/my_interface/my_interface/srv
-- Up-to-date: /home/anthonyubuntu/Desktop/inmind/session6/Anthony-Moundalak-ROS2-Assignment-Session6/ros2ws/install/my_interface/include/my_interface/my_interface/srv/detail
-- Up-to-date: /home/anthonyubuntu/Desktop/inmind/session6/Anthony-Moundalak-ROS2-Assignment-Session6/ros2ws/install/my_interface/include/my_interface/my_interface/srv/detail/check_stock__rosidl_typesupport_fastrtps_c.h
-- Up-to-date: /home/anthonyubuntu/Desktop/inmind/session6/Anthony-Moundalak-ROS2-Assignment-Session6/ros2ws/install/my_interface/include/my_interface/my_interface/msg
-- Up-to-date: /home/anthonyubuntu/Desktop/inmind/session6/Anthony-Moundalak-ROS2-Assignment-Session6/ros2ws/install/my_interface/include/my_interface/my_interface/msg/rosidl_typesupport_fastrtps_c__visibility_control.h
-- Up-to-date: /home/anthonyubuntu/Desktop/inmind/session6/Anthony-Moundalak-ROS2-Assignment-Session6/ros2ws/install/my_interface/include/my_interface/my_interface/action
-- Up-to-date: /home/anthonyubuntu/Desktop/inmind/session6/Anthony-Moundalak-ROS2-Assignment-Session6/ros2ws/install/my_interface/include/my_interface/my_interface/action/detail
-- Up-to-date: /home/anthonyubuntu/Desktop/inmind/session6/Anthony-Moundalak-ROS2-Assignment-Session6/ros2ws/install/my_interface/include/my_interface/my_interface/action/detail/deliver_item__rosidl_typesupport_fastrtps_c.h
-- Up-to-date: /home/anthonyubuntu/Desktop/inmind/session6/Anthony-Moundalak-ROS2-Assignment-Session6/ros2ws/install/my_interface/lib/libmy_interface__rosidl_typesupport_fastrtps_c.so
-- Up-to-date: /home/anthonyubuntu/Desktop/inmind/session6/Anthony-Moundalak-ROS2-Assignment-Session6/ros2ws/install/my_interface/include/my_interface/my_interface
-- Up-to-date: /home/anthonyubuntu/Desktop/inmind/session6/Anthony-Moundalak-ROS2-Assignment-Session6/ros2ws/install/my_interface/include/my_interface/my_interface/srv
-- Up-to-date: /home/anthonyubuntu/Desktop/inmind/session6/Anthony-Moundalak-ROS2-Assignment-Session6/ros2ws/install/my_interface/include/my_interface/my_interface/srv/detail
-- Up-to-date: /home/anthonyubuntu/Desktop/inmind/session6/Anthony-Moundalak-ROS2-Assignment-Session6/ros2ws/install/my_interface/include/my_interface/my_interface/srv/detail/check_stock__type_support.c
-- Up-to-date: /home/anthonyubuntu/Desktop/inmind/session6/Anthony-Moundalak-ROS2-Assignment-Session6/ros2ws/install/my_interface/include/my_interface/my_interface/srv/detail/check_stock__rosidl_typesupport_introspection_c.h
-- Up-to-date: /home/anthonyubuntu/Desktop/inmind/session6/Anthony-Moundalak-ROS2-Assignment-Session6/ros2ws/install/my_interface/include/my_interface/my_interface/msg
-- Up-to-date: /home/anthonyubuntu/Desktop/inmind/session6/Anthony-Moundalak-ROS2-Assignment-Session6/ros2ws/install/my_interface/include/my_interface/my_interface/msg/rosidl_typesupport_introspection_c__visibility_control.h
-- Up-to-date: /home/anthonyubuntu/Desktop/inmind/session6/Anthony-Moundalak-ROS2-Assignment-Session6/ros2ws/install/my_interface/include/my_interface/my_interface/action
-- Up-to-date: /home/anthonyubuntu/Desktop/inmind/session6/Anthony-Moundalak-ROS2-Assignment-Session6/ros2ws/install/my_interface/include/my_interface/my_interface/action/detail
-- Up-to-date: /home/anthonyubuntu/Desktop/inmind/session6/Anthony-Moundalak-ROS2-Assignment-Session6/ros2ws/install/my_interface/include/my_interface/my_interface/action/detail/deliver_item__rosidl_typesupport_introspection_c.h
-- Up-to-date: /home/anthonyubuntu/Desktop/inmind/session6/Anthony-Moundalak-ROS2-Assignment-Session6/ros2ws/install/my_interface/include/my_interface/my_interface/action/detail/deliver_item__type_support.c
-- Up-to-date: /home/anthonyubuntu/Desktop/inmind/session6/Anthony-Moundalak-ROS2-Assignment-Session6/ros2ws/install/my_interface/lib/libmy_interface__rosidl_typesupport_introspection_c.so
-- Up-to-date: /home/anthonyubuntu/Desktop/inmind/session6/Anthony-Moundalak-ROS2-Assignment-Session6/ros2ws/install/my_interface/lib/libmy_interface__rosidl_typesupport_c.so
-- Up-to-date: /home/anthonyubuntu/Desktop/inmind/session6/Anthony-Moundalak-ROS2-Assignment-Session6/ros2ws/install/my_interface/include/my_interface/my_interface
-- Up-to-date: /home/anthonyubuntu/Desktop/inmind/session6/Anthony-Moundalak-ROS2-Assignment-Session6/ros2ws/install/my_interface/include/my_interface/my_interface/srv
-- Up-to-date: /home/anthonyubuntu/Desktop/inmind/session6/Anthony-Moundalak-ROS2-Assignment-Session6/ros2ws/install/my_interface/include/my_interface/my_interface/srv/detail
-- Up-to-date: /home/anthonyubuntu/Desktop/inmind/session6/Anthony-Moundalak-ROS2-Assignment-Session6/ros2ws/install/my_interface/include/my_interface/my_interface/srv/detail/check_stock__builder.hpp
-- Up-to-date: /home/anthonyubuntu/Desktop/inmind/session6/Anthony-Moundalak-ROS2-Assignment-Session6/ros2ws/install/my_interface/include/my_interface/my_interface/srv/detail/check_stock__struct.hpp
-- Up-to-date: /home/anthonyubuntu/Desktop/inmind/session6/Anthony-Moundalak-ROS2-Assignment-Session6/ros2ws/install/my_interface/include/my_interface/my_interface/srv/detail/check_stock__traits.hpp
-- Up-to-date: /home/anthonyubuntu/Desktop/inmind/session6/Anthony-Moundalak-ROS2-Assignment-Session6/ros2ws/install/my_interface/include/my_interface/my_interface/srv/check_stock.hpp
-- Up-to-date: /home/anthonyubuntu/Desktop/inmind/session6/Anthony-Moundalak-ROS2-Assignment-Session6/ros2ws/install/my_interface/include/my_interface/my_interface/action
-- Up-to-date: /home/anthonyubuntu/Desktop/inmind/session6/Anthony-Moundalak-ROS2-Assignment-Session6/ros2ws/install/my_interface/include/my_interface/my_interface/action/deliver_item.hpp
-- Up-to-date: /home/anthonyubuntu/Desktop/inmind/session6/Anthony-Moundalak-ROS2-Assignment-Session6/ros2ws/install/my_interface/include/my_interface/my_interface/action/detail
-- Up-to-date: /home/anthonyubuntu/Desktop/inmind/session6/Anthony-Moundalak-ROS2-Assignment-Session6/ros2ws/install/my_interface/include/my_interface/my_interface/action/detail/deliver_item__struct.hpp
-- Up-to-date: /home/anthonyubuntu/Desktop/inmind/session6/Anthony-Moundalak-ROS2-Assignment-Session6/ros2ws/install/my_interface/include/my_interface/my_interface/action/detail/deliver_item__builder.hpp
-- Up-to-date: /home/anthonyubuntu/Desktop/inmind/session6/Anthony-Moundalak-ROS2-Assignment-Session6/ros2ws/install/my_interface/include/my_interface/my_interface/action/detail/deliver_item__traits.hpp
-- Up-to-date: /home/anthonyubuntu/Desktop/inmind/session6/Anthony-Moundalak-ROS2-Assignment-Session6/ros2ws/install/my_interface/include/my_interface/my_interface
-- Up-to-date: /home/anthonyubuntu/Desktop/inmind/session6/Anthony-Moundalak-ROS2-Assignment-Session6/ros2ws/install/my_interface/include/my_interface/my_interface/srv
-- Up-to-date: /home/anthonyubuntu/Desktop/inmind/session6/Anthony-Moundalak-ROS2-Assignment-Session6/ros2ws/install/my_interface/include/my_interface/my_interface/srv/detail
-- Up-to-date: /home/anthonyubuntu/Desktop/inmind/session6/Anthony-Moundalak-ROS2-Assignment-Session6/ros2ws/install/my_interface/include/my_interface/my_interface/srv/detail/check_stock__rosidl_typesupport_fastrtps_cpp.hpp
-- Up-to-date: /home/anthonyubuntu/Desktop/inmind/session6/Anthony-Moundalak-ROS2-Assignment-Session6/ros2ws/install/my_interface/include/my_interface/my_interface/srv/detail/dds_fastrtps
-- Up-to-date: /home/anthonyubuntu/Desktop/inmind/session6/Anthony-Moundalak-ROS2-Assignment-Session6/ros2ws/install/my_interface/include/my_interface/my_interface/msg
-- Up-to-date: /home/anthonyubuntu/Desktop/inmind/session6/Anthony-Moundalak-ROS2-Assignment-Session6/ros2ws/install/my_interface/include/my_interface/my_interface/msg/rosidl_typesupport_fastrtps_cpp__visibility_control.h
-- Up-to-date: /home/anthonyubuntu/Desktop/inmind/session6/Anthony-Moundalak-ROS2-Assignment-Session6/ros2ws/install/my_interface/include/my_interface/my_interface/action
-- Up-to-date: /home/anthonyubuntu/Desktop/inmind/session6/Anthony-Moundalak-ROS2-Assignment-Session6/ros2ws/install/my_interface/include/my_interface/my_interface/action/detail
-- Up-to-date: /home/anthonyubuntu/Desktop/inmind/session6/Anthony-Moundalak-ROS2-Assignment-Session6/ros2ws/install/my_interface/include/my_interface/my_interface/action/detail/deliver_item__rosidl_typesupport_fastrtps_cpp.hpp
-- Up-to-date: /home/anthonyubuntu/Desktop/inmind/session6/Anthony-Moundalak-ROS2-Assignment-Session6/ros2ws/install/my_interface/include/my_interface/my_interface/action/detail/dds_fastrtps
-- Up-to-date: /home/anthonyubuntu/Desktop/inmind/session6/Anthony-Moundalak-ROS2-Assignment-Session6/ros2ws/install/my_interface/lib/libmy_interface__rosidl_typesupport_fastrtps_cpp.so
-- Up-to-date: /home/anthonyubuntu/Desktop/inmind/session6/Anthony-Moundalak-ROS2-Assignment-Session6/ros2ws/install/my_interface/include/my_interface/my_interface
-- Up-to-date: /home/anthonyubuntu/Desktop/inmind/session6/Anthony-Moundalak-ROS2-Assignment-Session6/ros2ws/install/my_interface/include/my_interface/my_interface/srv
-- Up-to-date: /home/anthonyubuntu/Desktop/inmind/session6/Anthony-Moundalak-ROS2-Assignment-Session6/ros2ws/install/my_interface/include/my_interface/my_interface/srv/detail
-- Up-to-date: /home/anthonyubuntu/Desktop/inmind/session6/Anthony-Moundalak-ROS2-Assignment-Session6/ros2ws/install/my_interface/include/my_interface/my_interface/srv/detail/check_stock__type_support.cpp
-- Up-to-date: /home/anthonyubuntu/Desktop/inmind/session6/Anthony-Moundalak-ROS2-Assignment-Session6/ros2ws/install/my_interface/include/my_interface/my_interface/srv/detail/check_stock__rosidl_typesupport_introspection_cpp.hpp
-- Up-to-date: /home/anthonyubuntu/Desktop/inmind/session6/Anthony-Moundalak-ROS2-Assignment-Session6/ros2ws/install/my_interface/include/my_interface/my_interface/action
-- Up-to-date: /home/anthonyubuntu/Desktop/inmind/session6/Anthony-Moundalak-ROS2-Assignment-Session6/ros2ws/install/my_interface/include/my_interface/my_interface/action/detail
-- Up-to-date: /home/anthonyubuntu/Desktop/inmind/session6/Anthony-Moundalak-ROS2-Assignment-Session6/ros2ws/install/my_interface/include/my_interface/my_interface/action/detail/deliver_item__rosidl_typesupport_introspection_cpp.hpp
-- Up-to-date: /home/anthonyubuntu/Desktop/inmind/session6/Anthony-Moundalak-ROS2-Assignment-Session6/ros2ws/install/my_interface/include/my_interface/my_interface/action/detail/deliver_item__type_support.cpp
-- Up-to-date: /home/anthonyubuntu/Desktop/inmind/session6/Anthony-Moundalak-ROS2-Assignment-Session6/ros2ws/install/my_interface/lib/libmy_interface__rosidl_typesupport_introspection_cpp.so
-- Up-to-date: /home/anthonyubuntu/Desktop/inmind/session6/Anthony-Moundalak-ROS2-Assignment-Session6/ros2ws/install/my_interface/lib/libmy_interface__rosidl_typesupport_cpp.so
-- Up-to-date: /home/anthonyubuntu/Desktop/inmind/session6/Anthony-Moundalak-ROS2-Assignment-Session6/ros2ws/install/my_interface/share/my_interface/environment/pythonpath.sh
-- Up-to-date: /home/anthonyubuntu/Desktop/inmind/session6/Anthony-Moundalak-ROS2-Assignment-Session6/ros2ws/install/my_interface/share/my_interface/environment/pythonpath.dsv
-- Up-to-date: /home/anthonyubuntu/Desktop/inmind/session6/Anthony-Moundalak-ROS2-Assignment-Session6/ros2ws/install/my_interface/local/lib/python3.10/dist-packages/my_interface-0.0.0-py3.10.egg-info
-- Installing: /home/anthonyubuntu/Desktop/inmind/session6/Anthony-Moundalak-ROS2-Assignment-Session6/ros2ws/install/my_interface/local/lib/python3.10/dist-packages/my_interface-0.0.0-py3.10.egg-info/dependency_links.txt
-- Installing: /home/anthonyubuntu/Desktop/inmind/session6/Anthony-Moundalak-ROS2-Assignment-Session6/ros2ws/install/my_interface/local/lib/python3.10/dist-packages/my_interface-0.0.0-py3.10.egg-info/top_level.txt
-- Installing: /home/anthonyubuntu/Desktop/inmind/session6/Anthony-Moundalak-ROS2-Assignment-Session6/ros2ws/install/my_interface/local/lib/python3.10/dist-packages/my_interface-0.0.0-py3.10.egg-info/PKG-INFO
-- Installing: /home/anthonyubuntu/Desktop/inmind/session6/Anthony-Moundalak-ROS2-Assignment-Session6/ros2ws/install/my_interface/local/lib/python3.10/dist-packages/my_interface-0.0.0-py3.10.egg-info/SOURCES.txt
-- Up-to-date: /home/anthonyubuntu/Desktop/inmind/session6/Anthony-Moundalak-ROS2-Assignment-Session6/ros2ws/install/my_interface/local/lib/python3.10/dist-packages/my_interface
-- Up-to-date: /home/anthonyubuntu/Desktop/inmind/session6/Anthony-Moundalak-ROS2-Assignment-Session6/ros2ws/install/my_interface/local/lib/python3.10/dist-packages/my_interface/__init__.py
-- Up-to-date: /home/anthonyubuntu/Desktop/inmind/session6/Anthony-Moundalak-ROS2-Assignment-Session6/ros2ws/install/my_interface/local/lib/python3.10/dist-packages/my_interface/srv
-- Up-to-date: /home/anthonyubuntu/Desktop/inmind/session6/Anthony-Moundalak-ROS2-Assignment-Session6/ros2ws/install/my_interface/local/lib/python3.10/dist-packages/my_interface/srv/__init__.py
-- Up-to-date: /home/anthonyubuntu/Desktop/inmind/session6/Anthony-Moundalak-ROS2-Assignment-Session6/ros2ws/install/my_interface/local/lib/python3.10/dist-packages/my_interface/srv/_check_stock.py
-- Up-to-date: /home/anthonyubuntu/Desktop/inmind/session6/Anthony-Moundalak-ROS2-Assignment-Session6/ros2ws/install/my_interface/local/lib/python3.10/dist-packages/my_interface/srv/_check_stock_s.c
-- Up-to-date: /home/anthonyubuntu/Desktop/inmind/session6/Anthony-Moundalak-ROS2-Assignment-Session6/ros2ws/install/my_interface/local/lib/python3.10/dist-packages/my_interface/my_interface_s__rosidl_typesupport_fastrtps_c.cpython-310-x86_64-linux-gnu.so
-- Up-to-date: /home/anthonyubuntu/Desktop/inmind/session6/Anthony-Moundalak-ROS2-Assignment-Session6/ros2ws/install/my_interface/local/lib/python3.10/dist-packages/my_interface/my_interface_s__rosidl_typesupport_c.cpython-310-x86_64-linux-gnu.so
-- Up-to-date: /home/anthonyubuntu/Desktop/inmind/session6/Anthony-Moundalak-ROS2-Assignment-Session6/ros2ws/install/my_interface/local/lib/python3.10/dist-packages/my_interface/_my_interface_s.ep.rosidl_typesupport_introspection_c.c
-- Up-to-date: /home/anthonyubuntu/Desktop/inmind/session6/Anthony-Moundalak-ROS2-Assignment-Session6/ros2ws/install/my_interface/local/lib/python3.10/dist-packages/my_interface/libmy_interface__rosidl_generator_py.so
-- Up-to-date: /home/anthonyubuntu/Desktop/inmind/session6/Anthony-Moundalak-ROS2-Assignment-Session6/ros2ws/install/my_interface/local/lib/python3.10/dist-packages/my_interface/my_interface_s__rosidl_typesupport_introspection_c.cpython-310-x86_64-linux-gnu.so
-- Up-to-date: /home/anthonyubuntu/Desktop/inmind/session6/Anthony-Moundalak-ROS2-Assignment-Session6/ros2ws/install/my_interface/local/lib/python3.10/dist-packages/my_interface/_my_interface_s.ep.rosidl_typesupport_c.c
-- Up-to-date: /home/anthonyubuntu/Desktop/inmind/session6/Anthony-Moundalak-ROS2-Assignment-Session6/ros2ws/install/my_interface/local/lib/python3.10/dist-packages/my_interface/_my_interface_s.ep.rosidl_typesupport_fastrtps_c.c
-- Up-to-date: /home/anthonyubuntu/Desktop/inmind/session6/Anthony-Moundalak-ROS2-Assignment-Session6/ros2ws/install/my_interface/local/lib/python3.10/dist-packages/my_interface/action
-- Up-to-date: /home/anthonyubuntu/Desktop/inmind/session6/Anthony-Moundalak-ROS2-Assignment-Session6/ros2ws/install/my_interface/local/lib/python3.10/dist-packages/my_interface/action/__init__.py
-- Up-to-date: /home/anthonyubuntu/Desktop/inmind/session6/Anthony-Moundalak-ROS2-Assignment-Session6/ros2ws/install/my_interface/local/lib/python3.10/dist-packages/my_interface/action/_deliver_item.py
-- Up-to-date: /home/anthonyubuntu/Desktop/inmind/session6/Anthony-Moundalak-ROS2-Assignment-Session6/ros2ws/install/my_interface/local/lib/python3.10/dist-packages/my_interface/action/_deliver_item_s.c
Listing '/home/anthonyubuntu/Desktop/inmind/session6/Anthony-Moundalak-ROS2-Assignment-Session6/ros2ws/install/my_interface/local/lib/python3.10/dist-packages/my_interface'...
Listing '/home/anthonyubuntu/Desktop/inmind/session6/Anthony-Moundalak-ROS2-Assignment-Session6/ros2ws/install/my_interface/local/lib/python3.10/dist-packages/my_interface/action'...
Listing '/home/anthonyubuntu/Desktop/inmind/session6/Anthony-Moundalak-ROS2-Assignment-Session6/ros2ws/install/my_interface/local/lib/python3.10/dist-packages/my_interface/srv'...
-- Up-to-date: /home/anthonyubuntu/Desktop/inmind/session6/Anthony-Moundalak-ROS2-Assignment-Session6/ros2ws/install/my_interface/local/lib/python3.10/dist-packages/my_interface/my_interface_s__rosidl_typesupport_fastrtps_c.cpython-310-x86_64-linux-gnu.so
-- Up-to-date: /home/anthonyubuntu/Desktop/inmind/session6/Anthony-Moundalak-ROS2-Assignment-Session6/ros2ws/install/my_interface/local/lib/python3.10/dist-packages/my_interface/my_interface_s__rosidl_typesupport_introspection_c.cpython-310-x86_64-linux-gnu.so
-- Up-to-date: /home/anthonyubuntu/Desktop/inmind/session6/Anthony-Moundalak-ROS2-Assignment-Session6/ros2ws/install/my_interface/local/lib/python3.10/dist-packages/my_interface/my_interface_s__rosidl_typesupport_c.cpython-310-x86_64-linux-gnu.so
-- Up-to-date: /home/anthonyubuntu/Desktop/inmind/session6/Anthony-Moundalak-ROS2-Assignment-Session6/ros2ws/install/my_interface/lib/libmy_interface__rosidl_generator_py.so
-- Up-to-date: /home/anthonyubuntu/Desktop/inmind/session6/Anthony-Moundalak-ROS2-Assignment-Session6/ros2ws/install/my_interface/share/my_interface/action/DeliverItem.idl
-- Up-to-date: /home/anthonyubuntu/Desktop/inmind/session6/Anthony-Moundalak-ROS2-Assignment-Session6/ros2ws/install/my_interface/share/my_interface/srv/CheckStock.idl
-- Up-to-date: /home/anthonyubuntu/Desktop/inmind/session6/Anthony-Moundalak-ROS2-Assignment-Session6/ros2ws/install/my_interface/share/my_interface/action/DeliverItem.action
-- Up-to-date: /home/anthonyubuntu/Desktop/inmind/session6/Anthony-Moundalak-ROS2-Assignment-Session6/ros2ws/install/my_interface/share/my_interface/srv/CheckStock.srv
-- Up-to-date: /home/anthonyubuntu/Desktop/inmind/session6/Anthony-Moundalak-ROS2-Assignment-Session6/ros2ws/install/my_interface/share/my_interface/srv/CheckStock_Request.msg
-- Up-to-date: /home/anthonyubuntu/Desktop/inmind/session6/Anthony-Moundalak-ROS2-Assignment-Session6/ros2ws/install/my_interface/share/my_interface/srv/CheckStock_Response.msg
-- Up-to-date: /home/anthonyubuntu/Desktop/inmind/session6/Anthony-Moundalak-ROS2-Assignment-Session6/ros2ws/install/my_interface/share/ament_index/resource_index/package_run_dependencies/my_interface
-- Up-to-date: /home/anthonyubuntu/Desktop/inmind/session6/Anthony-Moundalak-ROS2-Assignment-Session6/ros2ws/install/my_interface/share/ament_index/resource_index/parent_prefix_path/my_interface
-- Up-to-date: /home/anthonyubuntu/Desktop/inmind/session6/Anthony-Moundalak-ROS2-Assignment-Session6/ros2ws/install/my_interface/share/my_interface/environment/ament_prefix_path.sh
-- Up-to-date: /home/anthonyubuntu/Desktop/inmind/session6/Anthony-Moundalak-ROS2-Assignment-Session6/ros2ws/install/my_interface/share/my_interface/environment/ament_prefix_path.dsv
-- Up-to-date: /home/anthonyubuntu/Desktop/inmind/session6/Anthony-Moundalak-ROS2-Assignment-Session6/ros2ws/install/my_interface/share/my_interface/environment/path.sh
-- Up-to-date: /home/anthonyubuntu/Desktop/inmind/session6/Anthony-Moundalak-ROS2-Assignment-Session6/ros2ws/install/my_interface/share/my_interface/environment/path.dsv
-- Up-to-date: /home/anthonyubuntu/Desktop/inmind/session6/Anthony-Moundalak-ROS2-Assignment-Session6/ros2ws/install/my_interface/share/my_interface/local_setup.bash
-- Up-to-date: /home/anthonyubuntu/Desktop/inmind/session6/Anthony-Moundalak-ROS2-Assignment-Session6/ros2ws/install/my_interface/share/my_interface/local_setup.sh
-- Up-to-date: /home/anthonyubuntu/Desktop/inmind/session6/Anthony-Moundalak-ROS2-Assignment-Session6/ros2ws/install/my_interface/share/my_interface/local_setup.zsh
-- Up-to-date: /home/anthonyubuntu/Desktop/inmind/session6/Anthony-Moundalak-ROS2-Assignment-Session6/ros2ws/install/my_interface/share/my_interface/local_setup.dsv
-- Installing: /home/anthonyubuntu/Desktop/inmind/session6/Anthony-Moundalak-ROS2-Assignment-Session6/ros2ws/install/my_interface/share/my_interface/package.dsv
-- Up-to-date: /home/anthonyubuntu/Desktop/inmind/session6/Anthony-Moundalak-ROS2-Assignment-Session6/ros2ws/install/my_interface/share/ament_index/resource_index/packages/my_interface
-- Up-to-date: /home/anthonyubuntu/Desktop/inmind/session6/Anthony-Moundalak-ROS2-Assignment-Session6/ros2ws/install/my_interface/share/my_interface/cmake/export_my_interface__rosidl_generator_cExport.cmake
-- Up-to-date: /home/anthonyubuntu/Desktop/inmind/session6/Anthony-Moundalak-ROS2-Assignment-Session6/ros2ws/install/my_interface/share/my_interface/cmake/export_my_interface__rosidl_generator_cExport-noconfig.cmake
-- Up-to-date: /home/anthonyubuntu/Desktop/inmind/session6/Anthony-Moundalak-ROS2-Assignment-Session6/ros2ws/install/my_interface/share/my_interface/cmake/export_my_interface__rosidl_typesupport_fastrtps_cExport.cmake
-- Up-to-date: /home/anthonyubuntu/Desktop/inmind/session6/Anthony-Moundalak-ROS2-Assignment-Session6/ros2ws/install/my_interface/share/my_interface/cmake/export_my_interface__rosidl_typesupport_fastrtps_cExport-noconfig.cmake
-- Up-to-date: /home/anthonyubuntu/Desktop/inmind/session6/Anthony-Moundalak-ROS2-Assignment-Session6/ros2ws/install/my_interface/share/my_interface/cmake/my_interface__rosidl_typesupport_introspection_cExport.cmake
-- Up-to-date: /home/anthonyubuntu/Desktop/inmind/session6/Anthony-Moundalak-ROS2-Assignment-Session6/ros2ws/install/my_interface/share/my_interface/cmake/my_interface__rosidl_typesupport_introspection_cExport-noconfig.cmake
-- Up-to-date: /home/anthonyubuntu/Desktop/inmind/session6/Anthony-Moundalak-ROS2-Assignment-Session6/ros2ws/install/my_interface/share/my_interface/cmake/my_interface__rosidl_typesupport_cExport.cmake
-- Up-to-date: /home/anthonyubuntu/Desktop/inmind/session6/Anthony-Moundalak-ROS2-Assignment-Session6/ros2ws/install/my_interface/share/my_interface/cmake/my_interface__rosidl_typesupport_cExport-noconfig.cmake
-- Up-to-date: /home/anthonyubuntu/Desktop/inmind/session6/Anthony-Moundalak-ROS2-Assignment-Session6/ros2ws/install/my_interface/share/my_interface/cmake/export_my_interface__rosidl_generator_cppExport.cmake
-- Up-to-date: /home/anthonyubuntu/Desktop/inmind/session6/Anthony-Moundalak-ROS2-Assignment-Session6/ros2ws/install/my_interface/share/my_interface/cmake/export_my_interface__rosidl_typesupport_fastrtps_cppExport.cmake
-- Up-to-date: /home/anthonyubuntu/Desktop/inmind/session6/Anthony-Moundalak-ROS2-Assignment-Session6/ros2ws/install/my_interface/share/my_interface/cmake/export_my_interface__rosidl_typesupport_fastrtps_cppExport-noconfig.cmake
-- Up-to-date: /home/anthonyubuntu/Desktop/inmind/session6/Anthony-Moundalak-ROS2-Assignment-Session6/ros2ws/install/my_interface/share/my_interface/cmake/my_interface__rosidl_typesupport_introspection_cppExport.cmake
-- Up-to-date: /home/anthonyubuntu/Desktop/inmind/session6/Anthony-Moundalak-ROS2-Assignment-Session6/ros2ws/install/my_interface/share/my_interface/cmake/my_interface__rosidl_typesupport_introspection_cppExport-noconfig.cmake
-- Up-to-date: /home/anthonyubuntu/Desktop/inmind/session6/Anthony-Moundalak-ROS2-Assignment-Session6/ros2ws/install/my_interface/share/my_interface/cmake/my_interface__rosidl_typesupport_cppExport.cmake
-- Up-to-date: /home/anthonyubuntu/Desktop/inmind/session6/Anthony-Moundalak-ROS2-Assignment-Session6/ros2ws/install/my_interface/share/my_interface/cmake/my_interface__rosidl_typesupport_cppExport-noconfig.cmake
-- Up-to-date: /home/anthonyubuntu/Desktop/inmind/session6/Anthony-Moundalak-ROS2-Assignment-Session6/ros2ws/install/my_interface/share/my_interface/cmake/export_my_interface__rosidl_generator_pyExport.cmake
-- Up-to-date: /home/anthonyubuntu/Desktop/inmind/session6/Anthony-Moundalak-ROS2-Assignment-Session6/ros2ws/install/my_interface/share/my_interface/cmake/export_my_interface__rosidl_generator_pyExport-noconfig.cmake
-- Up-to-date: /home/anthonyubuntu/Desktop/inmind/session6/Anthony-Moundalak-ROS2-Assignment-Session6/ros2ws/install/my_interface/share/my_interface/cmake/rosidl_cmake-extras.cmake
-- Up-to-date: /home/anthonyubuntu/Desktop/inmind/session6/Anthony-Moundalak-ROS2-Assignment-Session6/ros2ws/install/my_interface/share/my_interface/cmake/ament_cmake_export_dependencies-extras.cmake
-- Up-to-date: /home/anthonyubuntu/Desktop/inmind/session6/Anthony-Moundalak-ROS2-Assignment-Session6/ros2ws/install/my_interface/share/my_interface/cmake/ament_cmake_export_include_directories-extras.cmake
-- Up-to-date: /home/anthonyubuntu/Desktop/inmind/session6/Anthony-Moundalak-ROS2-Assignment-Session6/ros2ws/install/my_interface/share/my_interface/cmake/ament_cmake_export_libraries-extras.cmake
-- Up-to-date: /home/anthonyubuntu/Desktop/inmind/session6/Anthony-Moundalak-ROS2-Assignment-Session6/ros2ws/install/my_interface/share/my_interface/cmake/ament_cmake_export_targets-extras.cmake
-- Up-to-date: /home/anthonyubuntu/Desktop/inmind/session6/Anthony-Moundalak-ROS2-Assignment-Session6/ros2ws/install/my_interface/share/my_interface/cmake/rosidl_cmake_export_typesupport_targets-extras.cmake
-- Up-to-date: /home/anthonyubuntu/Desktop/inmind/session6/Anthony-Moundalak-ROS2-Assignment-Session6/ros2ws/install/my_interface/share/my_interface/cmake/rosidl_cmake_export_typesupport_libraries-extras.cmake
-- Up-to-date: /home/anthonyubuntu/Desktop/inmind/session6/Anthony-Moundalak-ROS2-Assignment-Session6/ros2ws/install/my_interface/share/my_interface/cmake/my_interfaceConfig.cmake
-- Up-to-date: /home/anthonyubuntu/Desktop/inmind/session6/Anthony-Moundalak-ROS2-Assignment-Session6/ros2ws/install/my_interface/share/my_interface/cmake/my_interfaceConfig-version.cmake
-- Up-to-date: /home/anthonyubuntu/Desktop/inmind/session6/Anthony-Moundalak-ROS2-Assignment-Session6/ros2ws/install/my_interface/share/my_interface/package.xml
