running egg_info
writing ../../build/warehouse_robot/warehouse_robot.egg-info/PKG-INFO
writing dependency_links to ../../build/warehouse_robot/warehouse_robot.egg-info/dependency_links.txt
writing entry points to ../../build/warehouse_robot/warehouse_robot.egg-info/entry_points.txt
writing requirements to ../../build/warehouse_robot/warehouse_robot.egg-info/requires.txt
writing top-level names to ../../build/warehouse_robot/warehouse_robot.egg-info/top_level.txt
reading manifest file '../../build/warehouse_robot/warehouse_robot.egg-info/SOURCES.txt'
writing manifest file '../../build/warehouse_robot/warehouse_robot.egg-info/SOURCES.txt'
running build
running build_py
running install
running install_lib
running install_data
running install_egg_info
removing '/home/anthonyubuntu/Desktop/inmind/session6/Anthony-Moundalak-ROS2-Assignment-Session6/ros2ws/install/warehouse_robot/lib/python3.10/site-packages/warehouse_robot-0.0.0-py3.10.egg-info' (and everything under it)
Copying ../../build/warehouse_robot/warehouse_robot.egg-info to /home/anthonyubuntu/Desktop/inmind/session6/Anthony-Moundalak-ROS2-Assignment-Session6/ros2ws/install/warehouse_robot/lib/python3.10/site-packages/warehouse_robot-0.0.0-py3.10.egg-info
running install_scripts
Installing item_delivery_action_client script to /home/anthonyubuntu/Desktop/inmind/session6/Anthony-Moundalak-ROS2-Assignment-Session6/ros2ws/install/warehouse_robot/lib/warehouse_robot
Installing item_delivery_action_server script to /home/anthonyubuntu/Desktop/inmind/session6/Anthony-Moundalak-ROS2-Assignment-Session6/ros2ws/install/warehouse_robot/lib/warehouse_robot
Installing stock_checker_service_client script to /home/anthonyubuntu/Desktop/inmind/session6/Anthony-Moundalak-ROS2-Assignment-Session6/ros2ws/install/warehouse_robot/lib/warehouse_robot
Installing stock_checker_service_server script to /home/anthonyubuntu/Desktop/inmind/session6/Anthony-Moundalak-ROS2-Assignment-Session6/ros2ws/install/warehouse_robot/lib/warehouse_robot
writing list of installed files to '/home/anthonyubuntu/Desktop/inmind/session6/Anthony-Moundalak-ROS2-Assignment-Session6/ros2ws/build/warehouse_robot/install.log'
