[0.706s] Invoking command in '/home/anthonyubuntu/Desktop/inmind/session6/Anthony-Moundalak-ROS2-Assignment-Session6/ros2ws/src/warehouse_robot': PYTHONPATH=/home/anthonyubuntu/Desktop/inmind/session6/Anthony-Moundalak-ROS2-Assignment-Session6/ros2ws/build/warehouse_robot/prefix_override:/usr/lib/python3/dist-packages/colcon_core/task/python/colcon_distutils_commands:/home/anthonyubuntu/Desktop/inmind/session6/Anthony-Moundalak-ROS2-Assignment-Session6/ros2ws/install/warehouse_robot/lib/python3.10/site-packages:${PYTHONPATH} /usr/bin/python3 -W ignore:setup.py install is deprecated setup.py egg_info --egg-base ../../build/warehouse_robot build --build-base /home/anthonyubuntu/Desktop/inmind/session6/Anthony-Moundalak-ROS2-Assignment-Session6/ros2ws/build/warehouse_robot/build install --record /home/anthonyubuntu/Desktop/inmind/session6/Anthony-Moundalak-ROS2-Assignment-Session6/ros2ws/build/warehouse_robot/install.log --single-version-externally-managed install_data
[0.973s] running egg_info
[0.973s] writing ../../build/warehouse_robot/warehouse_robot.egg-info/PKG-INFO
[0.974s] writing dependency_links to ../../build/warehouse_robot/warehouse_robot.egg-info/dependency_links.txt
[0.975s] writing entry points to ../../build/warehouse_robot/warehouse_robot.egg-info/entry_points.txt
[0.975s] writing requirements to ../../build/warehouse_robot/warehouse_robot.egg-info/requires.txt
[0.975s] writing top-level names to ../../build/warehouse_robot/warehouse_robot.egg-info/top_level.txt
[0.977s] reading manifest file '../../build/warehouse_robot/warehouse_robot.egg-info/SOURCES.txt'
[0.978s] writing manifest file '../../build/warehouse_robot/warehouse_robot.egg-info/SOURCES.txt'
[0.979s] running build
[0.979s] running build_py
[0.979s] running install
[0.980s] running install_lib
[0.981s] running install_data
[0.982s] running install_egg_info
[0.983s] removing '/home/anthonyubuntu/Desktop/inmind/session6/Anthony-Moundalak-ROS2-Assignment-Session6/ros2ws/install/warehouse_robot/lib/python3.10/site-packages/warehouse_robot-0.0.0-py3.10.egg-info' (and everything under it)
[0.984s] Copying ../../build/warehouse_robot/warehouse_robot.egg-info to /home/anthonyubuntu/Desktop/inmind/session6/Anthony-Moundalak-ROS2-Assignment-Session6/ros2ws/install/warehouse_robot/lib/python3.10/site-packages/warehouse_robot-0.0.0-py3.10.egg-info
[0.985s] running install_scripts
[1.010s] Installing item_delivery_action_client script to /home/anthonyubuntu/Desktop/inmind/session6/Anthony-Moundalak-ROS2-Assignment-Session6/ros2ws/install/warehouse_robot/lib/warehouse_robot
[1.010s] Installing item_delivery_action_server script to /home/anthonyubuntu/Desktop/inmind/session6/Anthony-Moundalak-ROS2-Assignment-Session6/ros2ws/install/warehouse_robot/lib/warehouse_robot
[1.011s] Installing stock_checker_service_client script to /home/anthonyubuntu/Desktop/inmind/session6/Anthony-Moundalak-ROS2-Assignment-Session6/ros2ws/install/warehouse_robot/lib/warehouse_robot
[1.011s] Installing stock_checker_service_server script to /home/anthonyubuntu/Desktop/inmind/session6/Anthony-Moundalak-ROS2-Assignment-Session6/ros2ws/install/warehouse_robot/lib/warehouse_robot
[1.012s] writing list of installed files to '/home/anthonyubuntu/Desktop/inmind/session6/Anthony-Moundalak-ROS2-Assignment-Session6/ros2ws/build/warehouse_robot/install.log'
[1.037s] Invoked command in '/home/anthonyubuntu/Desktop/inmind/session6/Anthony-Moundalak-ROS2-Assignment-Session6/ros2ws/src/warehouse_robot' returned '0': PYTHONPATH=/home/anthonyubuntu/Desktop/inmind/session6/Anthony-Moundalak-ROS2-Assignment-Session6/ros2ws/build/warehouse_robot/prefix_override:/usr/lib/python3/dist-packages/colcon_core/task/python/colcon_distutils_commands:/home/anthonyubuntu/Desktop/inmind/session6/Anthony-Moundalak-ROS2-Assignment-Session6/ros2ws/install/warehouse_robot/lib/python3.10/site-packages:${PYTHONPATH} /usr/bin/python3 -W ignore:setup.py install is deprecated setup.py egg_info --egg-base ../../build/warehouse_robot build --build-base /home/anthonyubuntu/Desktop/inmind/session6/Anthony-Moundalak-ROS2-Assignment-Session6/ros2ws/build/warehouse_robot/build install --record /home/anthonyubuntu/Desktop/inmind/session6/Anthony-Moundalak-ROS2-Assignment-Session6/ros2ws/build/warehouse_robot/install.log --single-version-externally-managed install_data
