[0.012s] Invoking command in '/home/anthonyubuntu/Desktop/inmind/session6/Anthony-Moundalak-ROS2-Assignment-Session6/ros2ws/build/my_interface': CMAKE_PREFIX_PATH=${CMAKE_PREFIX_PATH}:/home/anthonyubuntu/Desktop/inmind/session6/Anthony-Moundalak-ROS2-Assignment-Session6/ros2ws/install/warehouse_robot:/opt/ros/humble /usr/bin/cmake --build /home/anthonyubuntu/Desktop/inmind/session6/Anthony-Moundalak-ROS2-Assignment-Session6/ros2ws/build/my_interface -- -j4 -l4
[0.071s] [  2%] Built target my_interface__cpp
[0.071s] [ 12%] Built target my_interface__rosidl_generator_c
[0.082s] [ 12%] Built target ament_cmake_python_copy_my_interface
[0.093s] [ 23%] Built target my_interface__rosidl_typesupport_cpp
[0.094s] [ 33%] Built target my_interface__rosidl_typesupport_introspection_cpp
[0.095s] [ 43%] Built target my_interface__rosidl_typesupport_fastrtps_cpp
[0.106s] [ 53%] Built target my_interface__rosidl_typesupport_fastrtps_c
[0.118s] [ 64%] Built target my_interface__rosidl_typesupport_introspection_c
[0.119s] [ 74%] Built target my_interface__rosidl_typesupport_c
[0.145s] [ 74%] Built target my_interface
[0.170s] [ 76%] Built target my_interface__py
[0.196s] [ 84%] Built target my_interface__rosidl_generator_py
[0.220s] [100%] Built target my_interface__rosidl_typesupport_fastrtps_c__pyext
[0.220s] [100%] Built target my_interface__rosidl_typesupport_c__pyext
[0.220s] [100%] Built target my_interface__rosidl_typesupport_introspection_c__pyext
[0.382s] running egg_info
[0.382s] writing my_interface.egg-info/PKG-INFO
[0.383s] writing dependency_links to my_interface.egg-info/dependency_links.txt
[0.383s] writing top-level names to my_interface.egg-info/top_level.txt
[0.385s] reading manifest file 'my_interface.egg-info/SOURCES.txt'
[0.386s] writing manifest file 'my_interface.egg-info/SOURCES.txt'
[0.416s] [100%] Built target ament_cmake_python_build_my_interface_egg
[0.429s] Invoked command in '/home/anthonyubuntu/Desktop/inmind/session6/Anthony-Moundalak-ROS2-Assignment-Session6/ros2ws/build/my_interface' returned '0': CMAKE_PREFIX_PATH=${CMAKE_PREFIX_PATH}:/home/anthonyubuntu/Desktop/inmind/session6/Anthony-Moundalak-ROS2-Assignment-Session6/ros2ws/install/warehouse_robot:/opt/ros/humble /usr/bin/cmake --build /home/anthonyubuntu/Desktop/inmind/session6/Anthony-Moundalak-ROS2-Assignment-Session6/ros2ws/build/my_interface -- -j4 -l4
[0.531s] Invoking command in '/home/anthonyubuntu/Desktop/inmind/session6/Anthony-Moundalak-ROS2-Assignment-Session6/ros2ws/build/my_interface': CMAKE_PREFIX_PATH=${CMAKE_PREFIX_PATH}:/home/anthonyubuntu/Desktop/inmind/session6/Anthony-Moundalak-ROS2-Assignment-Session6/ros2ws/install/warehouse_robot:/opt/ros/humble /usr/bin/cmake --install /home/anthonyubuntu/Desktop/inmind/session6/Anthony-Moundalak-ROS2-Assignment-Session6/ros2ws/build/my_interface
[0.541s] -- Install configuration: ""
[0.542s] -- Up-to-date: /home/anthonyubuntu/Desktop/inmind/session6/Anthony-Moundalak-ROS2-Assignment-Session6/ros2ws/install/my_interface/share/ament_index/resource_index/rosidl_interfaces/my_interface
[0.542s] -- Up-to-date: /home/anthonyubuntu/Desktop/inmind/session6/Anthony-Moundalak-ROS2-Assignment-Session6/ros2ws/install/my_interface/include/my_interface/my_interface
[0.542s] -- Up-to-date: /home/anthonyubuntu/Desktop/inmind/session6/Anthony-Moundalak-ROS2-Assignment-Session6/ros2ws/install/my_interface/include/my_interface/my_interface/srv
[0.542s] -- Up-to-date: /home/anthonyubuntu/Desktop/inmind/session6/Anthony-Moundalak-ROS2-Assignment-Session6/ros2ws/install/my_interface/include/my_interface/my_interface/srv/detail
[0.543s] -- Up-to-date: /home/anthonyubuntu/Desktop/inmind/session6/Anthony-Moundalak-ROS2-Assignment-Session6/ros2ws/install/my_interface/include/my_interface/my_interface/srv/detail/check_stock__functions.c
[0.543s] -- Up-to-date: /home/anthonyubuntu/Desktop/inmind/session6/Anthony-Moundalak-ROS2-Assignment-Session6/ros2ws/install/my_interface/include/my_interface/my_interface/srv/detail/check_stock__type_support.h
[0.543s] -- Up-to-date: /home/anthonyubuntu/Desktop/inmind/session6/Anthony-Moundalak-ROS2-Assignment-Session6/ros2ws/install/my_interface/include/my_interface/my_interface/srv/detail/check_stock__struct.h
[0.543s] -- Up-to-date: /home/anthonyubuntu/Desktop/inmind/session6/Anthony-Moundalak-ROS2-Assignment-Session6/ros2ws/install/my_interface/include/my_interface/my_interface/srv/detail/check_stock__functions.h
[0.543s] -- Up-to-date: /home/anthonyubuntu/Desktop/inmind/session6/Anthony-Moundalak-ROS2-Assignment-Session6/ros2ws/install/my_interface/include/my_interface/my_interface/srv/check_stock.h
[0.543s] -- Up-to-date: /home/anthonyubuntu/Desktop/inmind/session6/Anthony-Moundalak-ROS2-Assignment-Session6/ros2ws/install/my_interface/include/my_interface/my_interface/msg
[0.544s] -- Up-to-date: /home/anthonyubuntu/Desktop/inmind/session6/Anthony-Moundalak-ROS2-Assignment-Session6/ros2ws/install/my_interface/include/my_interface/my_interface/msg/rosidl_generator_c__visibility_control.h
[0.544s] -- Up-to-date: /home/anthonyubuntu/Desktop/inmind/session6/Anthony-Moundalak-ROS2-Assignment-Session6/ros2ws/install/my_interface/include/my_interface/my_interface/action
[0.544s] -- Up-to-date: /home/anthonyubuntu/Desktop/inmind/session6/Anthony-Moundalak-ROS2-Assignment-Session6/ros2ws/install/my_interface/include/my_interface/my_interface/action/detail
[0.544s] -- Up-to-date: /home/anthonyubuntu/Desktop/inmind/session6/Anthony-Moundalak-ROS2-Assignment-Session6/ros2ws/install/my_interface/include/my_interface/my_interface/action/detail/deliver_item__type_support.h
[0.544s] -- Up-to-date: /home/anthonyubuntu/Desktop/inmind/session6/Anthony-Moundalak-ROS2-Assignment-Session6/ros2ws/install/my_interface/include/my_interface/my_interface/action/detail/deliver_item__struct.h
[0.545s] -- Up-to-date: /home/anthonyubuntu/Desktop/inmind/session6/Anthony-Moundalak-ROS2-Assignment-Session6/ros2ws/install/my_interface/include/my_interface/my_interface/action/detail/deliver_item__functions.h
[0.545s] -- Up-to-date: /home/anthonyubuntu/Desktop/inmind/session6/Anthony-Moundalak-ROS2-Assignment-Session6/ros2ws/install/my_interface/include/my_interface/my_interface/action/detail/deliver_item__functions.c
[0.545s] -- Up-to-date: /home/anthonyubuntu/Desktop/inmind/session6/Anthony-Moundalak-ROS2-Assignment-Session6/ros2ws/install/my_interface/include/my_interface/my_interface/action/deliver_item.h
[0.545s] -- Up-to-date: /home/anthonyubuntu/Desktop/inmind/session6/Anthony-Moundalak-ROS2-Assignment-Session6/ros2ws/install/my_interface/share/my_interface/environment/library_path.sh
[0.545s] -- Up-to-date: /home/anthonyubuntu/Desktop/inmind/session6/Anthony-Moundalak-ROS2-Assignment-Session6/ros2ws/install/my_interface/share/my_interface/environment/library_path.dsv
[0.545s] -- Up-to-date: /home/anthonyubuntu/Desktop/inmind/session6/Anthony-Moundalak-ROS2-Assignment-Session6/ros2ws/install/my_interface/lib/libmy_interface__rosidl_generator_c.so
[0.546s] -- Up-to-date: /home/anthonyubuntu/Desktop/inmind/session6/Anthony-Moundalak-ROS2-Assignment-Session6/ros2ws/install/my_interface/include/my_interface/my_interface
[0.546s] -- Up-to-date: /home/anthonyubuntu/Desktop/inmind/session6/Anthony-Moundalak-ROS2-Assignment-Session6/ros2ws/install/my_interface/include/my_interface/my_interface/srv
[0.546s] -- Up-to-date: /home/anthonyubuntu/Desktop/inmind/session6/Anthony-Moundalak-ROS2-Assignment-Session6/ros2ws/install/my_interface/include/my_interface/my_interface/srv/detail
[0.546s] -- Up-to-date: /home/anthonyubuntu/Desktop/inmind/session6/Anthony-Moundalak-ROS2-Assignment-Session6/ros2ws/install/my_interface/include/my_interface/my_interface/srv/detail/check_stock__rosidl_typesupport_fastrtps_c.h
[0.546s] -- Up-to-date: /home/anthonyubuntu/Desktop/inmind/session6/Anthony-Moundalak-ROS2-Assignment-Session6/ros2ws/install/my_interface/include/my_interface/my_interface/msg
[0.546s] -- Up-to-date: /home/anthonyubuntu/Desktop/inmind/session6/Anthony-Moundalak-ROS2-Assignment-Session6/ros2ws/install/my_interface/include/my_interface/my_interface/msg/rosidl_typesupport_fastrtps_c__visibility_control.h
[0.547s] -- Up-to-date: /home/anthonyubuntu/Desktop/inmind/session6/Anthony-Moundalak-ROS2-Assignment-Session6/ros2ws/install/my_interface/include/my_interface/my_interface/action
[0.547s] -- Up-to-date: /home/anthonyubuntu/Desktop/inmind/session6/Anthony-Moundalak-ROS2-Assignment-Session6/ros2ws/install/my_interface/include/my_interface/my_interface/action/detail
[0.547s] -- Up-to-date: /home/anthonyubuntu/Desktop/inmind/session6/Anthony-Moundalak-ROS2-Assignment-Session6/ros2ws/install/my_interface/include/my_interface/my_interface/action/detail/deliver_item__rosidl_typesupport_fastrtps_c.h
[0.547s] -- Up-to-date: /home/anthonyubuntu/Desktop/inmind/session6/Anthony-Moundalak-ROS2-Assignment-Session6/ros2ws/install/my_interface/lib/libmy_interface__rosidl_typesupport_fastrtps_c.so
[0.547s] -- Up-to-date: /home/anthonyubuntu/Desktop/inmind/session6/Anthony-Moundalak-ROS2-Assignment-Session6/ros2ws/install/my_interface/include/my_interface/my_interface
[0.548s] -- Up-to-date: /home/anthonyubuntu/Desktop/inmind/session6/Anthony-Moundalak-ROS2-Assignment-Session6/ros2ws/install/my_interface/include/my_interface/my_interface/srv
[0.548s] -- Up-to-date: /home/anthonyubuntu/Desktop/inmind/session6/Anthony-Moundalak-ROS2-Assignment-Session6/ros2ws/install/my_interface/include/my_interface/my_interface/srv/detail
[0.548s] -- Up-to-date: /home/anthonyubuntu/Desktop/inmind/session6/Anthony-Moundalak-ROS2-Assignment-Session6/ros2ws/install/my_interface/include/my_interface/my_interface/srv/detail/check_stock__type_support.c
[0.548s] -- Up-to-date: /home/anthonyubuntu/Desktop/inmind/session6/Anthony-Moundalak-ROS2-Assignment-Session6/ros2ws/install/my_interface/include/my_interface/my_interface/srv/detail/check_stock__rosidl_typesupport_introspection_c.h
[0.548s] -- Up-to-date: /home/anthonyubuntu/Desktop/inmind/session6/Anthony-Moundalak-ROS2-Assignment-Session6/ros2ws/install/my_interface/include/my_interface/my_interface/msg
[0.548s] -- Up-to-date: /home/anthonyubuntu/Desktop/inmind/session6/Anthony-Moundalak-ROS2-Assignment-Session6/ros2ws/install/my_interface/include/my_interface/my_interface/msg/rosidl_typesupport_introspection_c__visibility_control.h
[0.548s] -- Up-to-date: /home/anthonyubuntu/Desktop/inmind/session6/Anthony-Moundalak-ROS2-Assignment-Session6/ros2ws/install/my_interface/include/my_interface/my_interface/action
[0.549s] -- Up-to-date: /home/anthonyubuntu/Desktop/inmind/session6/Anthony-Moundalak-ROS2-Assignment-Session6/ros2ws/install/my_interface/include/my_interface/my_interface/action/detail
[0.549s] -- Up-to-date: /home/anthonyubuntu/Desktop/inmind/session6/Anthony-Moundalak-ROS2-Assignment-Session6/ros2ws/install/my_interface/include/my_interface/my_interface/action/detail/deliver_item__rosidl_typesupport_introspection_c.h
[0.549s] -- Up-to-date: /home/anthonyubuntu/Desktop/inmind/session6/Anthony-Moundalak-ROS2-Assignment-Session6/ros2ws/install/my_interface/include/my_interface/my_interface/action/detail/deliver_item__type_support.c
[0.549s] -- Up-to-date: /home/anthonyubuntu/Desktop/inmind/session6/Anthony-Moundalak-ROS2-Assignment-Session6/ros2ws/install/my_interface/lib/libmy_interface__rosidl_typesupport_introspection_c.so
[0.549s] -- Up-to-date: /home/anthonyubuntu/Desktop/inmind/session6/Anthony-Moundalak-ROS2-Assignment-Session6/ros2ws/install/my_interface/lib/libmy_interface__rosidl_typesupport_c.so
[0.549s] -- Up-to-date: /home/anthonyubuntu/Desktop/inmind/session6/Anthony-Moundalak-ROS2-Assignment-Session6/ros2ws/install/my_interface/include/my_interface/my_interface
[0.549s] -- Up-to-date: /home/anthonyubuntu/Desktop/inmind/session6/Anthony-Moundalak-ROS2-Assignment-Session6/ros2ws/install/my_interface/include/my_interface/my_interface/srv
[0.550s] -- Up-to-date: /home/anthonyubuntu/Desktop/inmind/session6/Anthony-Moundalak-ROS2-Assignment-Session6/ros2ws/install/my_interface/include/my_interface/my_interface/srv/detail
[0.550s] -- Up-to-date: /home/anthonyubuntu/Desktop/inmind/session6/Anthony-Moundalak-ROS2-Assignment-Session6/ros2ws/install/my_interface/include/my_interface/my_interface/srv/detail/check_stock__builder.hpp
[0.550s] -- Up-to-date: /home/anthonyubuntu/Desktop/inmind/session6/Anthony-Moundalak-ROS2-Assignment-Session6/ros2ws/install/my_interface/include/my_interface/my_interface/srv/detail/check_stock__struct.hpp
[0.550s] -- Up-to-date: /home/anthonyubuntu/Desktop/inmind/session6/Anthony-Moundalak-ROS2-Assignment-Session6/ros2ws/install/my_interface/include/my_interface/my_interface/srv/detail/check_stock__traits.hpp
[0.550s] -- Up-to-date: /home/anthonyubuntu/Desktop/inmind/session6/Anthony-Moundalak-ROS2-Assignment-Session6/ros2ws/install/my_interface/include/my_interface/my_interface/srv/check_stock.hpp
[0.550s] -- Up-to-date: /home/anthonyubuntu/Desktop/inmind/session6/Anthony-Moundalak-ROS2-Assignment-Session6/ros2ws/install/my_interface/include/my_interface/my_interface/action
[0.550s] -- Up-to-date: /home/anthonyubuntu/Desktop/inmind/session6/Anthony-Moundalak-ROS2-Assignment-Session6/ros2ws/install/my_interface/include/my_interface/my_interface/action/deliver_item.hpp
[0.550s] -- Up-to-date: /home/anthonyubuntu/Desktop/inmind/session6/Anthony-Moundalak-ROS2-Assignment-Session6/ros2ws/install/my_interface/include/my_interface/my_interface/action/detail
[0.550s] -- Up-to-date: /home/anthonyubuntu/Desktop/inmind/session6/Anthony-Moundalak-ROS2-Assignment-Session6/ros2ws/install/my_interface/include/my_interface/my_interface/action/detail/deliver_item__struct.hpp
[0.550s] -- Up-to-date: /home/anthonyubuntu/Desktop/inmind/session6/Anthony-Moundalak-ROS2-Assignment-Session6/ros2ws/install/my_interface/include/my_interface/my_interface/action/detail/deliver_item__builder.hpp
[0.550s] -- Up-to-date: /home/anthonyubuntu/Desktop/inmind/session6/Anthony-Moundalak-ROS2-Assignment-Session6/ros2ws/install/my_interface/include/my_interface/my_interface/action/detail/deliver_item__traits.hpp
[0.551s] -- Up-to-date: /home/anthonyubuntu/Desktop/inmind/session6/Anthony-Moundalak-ROS2-Assignment-Session6/ros2ws/install/my_interface/include/my_interface/my_interface
[0.551s] -- Up-to-date: /home/anthonyubuntu/Desktop/inmind/session6/Anthony-Moundalak-ROS2-Assignment-Session6/ros2ws/install/my_interface/include/my_interface/my_interface/srv
[0.551s] -- Up-to-date: /home/anthonyubuntu/Desktop/inmind/session6/Anthony-Moundalak-ROS2-Assignment-Session6/ros2ws/install/my_interface/include/my_interface/my_interface/srv/detail
[0.551s] -- Up-to-date: /home/anthonyubuntu/Desktop/inmind/session6/Anthony-Moundalak-ROS2-Assignment-Session6/ros2ws/install/my_interface/include/my_interface/my_interface/srv/detail/check_stock__rosidl_typesupport_fastrtps_cpp.hpp
[0.551s] -- Up-to-date: /home/anthonyubuntu/Desktop/inmind/session6/Anthony-Moundalak-ROS2-Assignment-Session6/ros2ws/install/my_interface/include/my_interface/my_interface/srv/detail/dds_fastrtps
[0.551s] -- Up-to-date: /home/anthonyubuntu/Desktop/inmind/session6/Anthony-Moundalak-ROS2-Assignment-Session6/ros2ws/install/my_interface/include/my_interface/my_interface/msg
[0.551s] -- Up-to-date: /home/anthonyubuntu/Desktop/inmind/session6/Anthony-Moundalak-ROS2-Assignment-Session6/ros2ws/install/my_interface/include/my_interface/my_interface/msg/rosidl_typesupport_fastrtps_cpp__visibility_control.h
[0.551s] -- Up-to-date: /home/anthonyubuntu/Desktop/inmind/session6/Anthony-Moundalak-ROS2-Assignment-Session6/ros2ws/install/my_interface/include/my_interface/my_interface/action
[0.551s] -- Up-to-date: /home/anthonyubuntu/Desktop/inmind/session6/Anthony-Moundalak-ROS2-Assignment-Session6/ros2ws/install/my_interface/include/my_interface/my_interface/action/detail
[0.551s] -- Up-to-date: /home/anthonyubuntu/Desktop/inmind/session6/Anthony-Moundalak-ROS2-Assignment-Session6/ros2ws/install/my_interface/include/my_interface/my_interface/action/detail/deliver_item__rosidl_typesupport_fastrtps_cpp.hpp
[0.551s] -- Up-to-date: /home/anthonyubuntu/Desktop/inmind/session6/Anthony-Moundalak-ROS2-Assignment-Session6/ros2ws/install/my_interface/include/my_interface/my_interface/action/detail/dds_fastrtps
[0.551s] -- Up-to-date: /home/anthonyubuntu/Desktop/inmind/session6/Anthony-Moundalak-ROS2-Assignment-Session6/ros2ws/install/my_interface/lib/libmy_interface__rosidl_typesupport_fastrtps_cpp.so
[0.551s] -- Up-to-date: /home/anthonyubuntu/Desktop/inmind/session6/Anthony-Moundalak-ROS2-Assignment-Session6/ros2ws/install/my_interface/include/my_interface/my_interface
[0.551s] -- Up-to-date: /home/anthonyubuntu/Desktop/inmind/session6/Anthony-Moundalak-ROS2-Assignment-Session6/ros2ws/install/my_interface/include/my_interface/my_interface/srv
[0.551s] -- Up-to-date: /home/anthonyubuntu/Desktop/inmind/session6/Anthony-Moundalak-ROS2-Assignment-Session6/ros2ws/install/my_interface/include/my_interface/my_interface/srv/detail
[0.551s] -- Up-to-date: /home/anthonyubuntu/Desktop/inmind/session6/Anthony-Moundalak-ROS2-Assignment-Session6/ros2ws/install/my_interface/include/my_interface/my_interface/srv/detail/check_stock__type_support.cpp
[0.552s] -- Up-to-date: /home/anthonyubuntu/Desktop/inmind/session6/Anthony-Moundalak-ROS2-Assignment-Session6/ros2ws/install/my_interface/include/my_interface/my_interface/srv/detail/check_stock__rosidl_typesupport_introspection_cpp.hpp
[0.552s] -- Up-to-date: /home/anthonyubuntu/Desktop/inmind/session6/Anthony-Moundalak-ROS2-Assignment-Session6/ros2ws/install/my_interface/include/my_interface/my_interface/action
[0.552s] -- Up-to-date: /home/anthonyubuntu/Desktop/inmind/session6/Anthony-Moundalak-ROS2-Assignment-Session6/ros2ws/install/my_interface/include/my_interface/my_interface/action/detail
[0.552s] -- Up-to-date: /home/anthonyubuntu/Desktop/inmind/session6/Anthony-Moundalak-ROS2-Assignment-Session6/ros2ws/install/my_interface/include/my_interface/my_interface/action/detail/deliver_item__rosidl_typesupport_introspection_cpp.hpp
[0.552s] -- Up-to-date: /home/anthonyubuntu/Desktop/inmind/session6/Anthony-Moundalak-ROS2-Assignment-Session6/ros2ws/install/my_interface/include/my_interface/my_interface/action/detail/deliver_item__type_support.cpp
[0.552s] -- Up-to-date: /home/anthonyubuntu/Desktop/inmind/session6/Anthony-Moundalak-ROS2-Assignment-Session6/ros2ws/install/my_interface/lib/libmy_interface__rosidl_typesupport_introspection_cpp.so
[0.552s] -- Up-to-date: /home/anthonyubuntu/Desktop/inmind/session6/Anthony-Moundalak-ROS2-Assignment-Session6/ros2ws/install/my_interface/lib/libmy_interface__rosidl_typesupport_cpp.so
[0.552s] -- Up-to-date: /home/anthonyubuntu/Desktop/inmind/session6/Anthony-Moundalak-ROS2-Assignment-Session6/ros2ws/install/my_interface/share/my_interface/environment/pythonpath.sh
[0.552s] -- Up-to-date: /home/anthonyubuntu/Desktop/inmind/session6/Anthony-Moundalak-ROS2-Assignment-Session6/ros2ws/install/my_interface/share/my_interface/environment/pythonpath.dsv
[0.552s] -- Up-to-date: /home/anthonyubuntu/Desktop/inmind/session6/Anthony-Moundalak-ROS2-Assignment-Session6/ros2ws/install/my_interface/local/lib/python3.10/dist-packages/my_interface-0.0.0-py3.10.egg-info
[0.552s] -- Installing: /home/anthonyubuntu/Desktop/inmind/session6/Anthony-Moundalak-ROS2-Assignment-Session6/ros2ws/install/my_interface/local/lib/python3.10/dist-packages/my_interface-0.0.0-py3.10.egg-info/dependency_links.txt
[0.552s] -- Installing: /home/anthonyubuntu/Desktop/inmind/session6/Anthony-Moundalak-ROS2-Assignment-Session6/ros2ws/install/my_interface/local/lib/python3.10/dist-packages/my_interface-0.0.0-py3.10.egg-info/top_level.txt
[0.552s] -- Installing: /home/anthonyubuntu/Desktop/inmind/session6/Anthony-Moundalak-ROS2-Assignment-Session6/ros2ws/install/my_interface/local/lib/python3.10/dist-packages/my_interface-0.0.0-py3.10.egg-info/PKG-INFO
[0.552s] -- Installing: /home/anthonyubuntu/Desktop/inmind/session6/Anthony-Moundalak-ROS2-Assignment-Session6/ros2ws/install/my_interface/local/lib/python3.10/dist-packages/my_interface-0.0.0-py3.10.egg-info/SOURCES.txt
[0.552s] -- Up-to-date: /home/anthonyubuntu/Desktop/inmind/session6/Anthony-Moundalak-ROS2-Assignment-Session6/ros2ws/install/my_interface/local/lib/python3.10/dist-packages/my_interface
[0.552s] -- Up-to-date: /home/anthonyubuntu/Desktop/inmind/session6/Anthony-Moundalak-ROS2-Assignment-Session6/ros2ws/install/my_interface/local/lib/python3.10/dist-packages/my_interface/__init__.py
[0.553s] -- Up-to-date: /home/anthonyubuntu/Desktop/inmind/session6/Anthony-Moundalak-ROS2-Assignment-Session6/ros2ws/install/my_interface/local/lib/python3.10/dist-packages/my_interface/srv
[0.553s] -- Up-to-date: /home/anthonyubuntu/Desktop/inmind/session6/Anthony-Moundalak-ROS2-Assignment-Session6/ros2ws/install/my_interface/local/lib/python3.10/dist-packages/my_interface/srv/__init__.py
[0.553s] -- Up-to-date: /home/anthonyubuntu/Desktop/inmind/session6/Anthony-Moundalak-ROS2-Assignment-Session6/ros2ws/install/my_interface/local/lib/python3.10/dist-packages/my_interface/srv/_check_stock.py
[0.553s] -- Up-to-date: /home/anthonyubuntu/Desktop/inmind/session6/Anthony-Moundalak-ROS2-Assignment-Session6/ros2ws/install/my_interface/local/lib/python3.10/dist-packages/my_interface/srv/_check_stock_s.c
[0.553s] -- Up-to-date: /home/anthonyubuntu/Desktop/inmind/session6/Anthony-Moundalak-ROS2-Assignment-Session6/ros2ws/install/my_interface/local/lib/python3.10/dist-packages/my_interface/my_interface_s__rosidl_typesupport_fastrtps_c.cpython-310-x86_64-linux-gnu.so
[0.553s] -- Up-to-date: /home/anthonyubuntu/Desktop/inmind/session6/Anthony-Moundalak-ROS2-Assignment-Session6/ros2ws/install/my_interface/local/lib/python3.10/dist-packages/my_interface/my_interface_s__rosidl_typesupport_c.cpython-310-x86_64-linux-gnu.so
[0.553s] -- Up-to-date: /home/anthonyubuntu/Desktop/inmind/session6/Anthony-Moundalak-ROS2-Assignment-Session6/ros2ws/install/my_interface/local/lib/python3.10/dist-packages/my_interface/_my_interface_s.ep.rosidl_typesupport_introspection_c.c
[0.553s] -- Up-to-date: /home/anthonyubuntu/Desktop/inmind/session6/Anthony-Moundalak-ROS2-Assignment-Session6/ros2ws/install/my_interface/local/lib/python3.10/dist-packages/my_interface/libmy_interface__rosidl_generator_py.so
[0.553s] -- Up-to-date: /home/anthonyubuntu/Desktop/inmind/session6/Anthony-Moundalak-ROS2-Assignment-Session6/ros2ws/install/my_interface/local/lib/python3.10/dist-packages/my_interface/my_interface_s__rosidl_typesupport_introspection_c.cpython-310-x86_64-linux-gnu.so
[0.553s] -- Up-to-date: /home/anthonyubuntu/Desktop/inmind/session6/Anthony-Moundalak-ROS2-Assignment-Session6/ros2ws/install/my_interface/local/lib/python3.10/dist-packages/my_interface/_my_interface_s.ep.rosidl_typesupport_c.c
[0.553s] -- Up-to-date: /home/anthonyubuntu/Desktop/inmind/session6/Anthony-Moundalak-ROS2-Assignment-Session6/ros2ws/install/my_interface/local/lib/python3.10/dist-packages/my_interface/_my_interface_s.ep.rosidl_typesupport_fastrtps_c.c
[0.553s] -- Up-to-date: /home/anthonyubuntu/Desktop/inmind/session6/Anthony-Moundalak-ROS2-Assignment-Session6/ros2ws/install/my_interface/local/lib/python3.10/dist-packages/my_interface/action
[0.553s] -- Up-to-date: /home/anthonyubuntu/Desktop/inmind/session6/Anthony-Moundalak-ROS2-Assignment-Session6/ros2ws/install/my_interface/local/lib/python3.10/dist-packages/my_interface/action/__init__.py
[0.553s] -- Up-to-date: /home/anthonyubuntu/Desktop/inmind/session6/Anthony-Moundalak-ROS2-Assignment-Session6/ros2ws/install/my_interface/local/lib/python3.10/dist-packages/my_interface/action/_deliver_item.py
[0.553s] -- Up-to-date: /home/anthonyubuntu/Desktop/inmind/session6/Anthony-Moundalak-ROS2-Assignment-Session6/ros2ws/install/my_interface/local/lib/python3.10/dist-packages/my_interface/action/_deliver_item_s.c
[0.582s] Listing '/home/anthonyubuntu/Desktop/inmind/session6/Anthony-Moundalak-ROS2-Assignment-Session6/ros2ws/install/my_interface/local/lib/python3.10/dist-packages/my_interface'...
[0.583s] Listing '/home/anthonyubuntu/Desktop/inmind/session6/Anthony-Moundalak-ROS2-Assignment-Session6/ros2ws/install/my_interface/local/lib/python3.10/dist-packages/my_interface/action'...
[0.583s] Listing '/home/anthonyubuntu/Desktop/inmind/session6/Anthony-Moundalak-ROS2-Assignment-Session6/ros2ws/install/my_interface/local/lib/python3.10/dist-packages/my_interface/srv'...
[0.588s] -- Up-to-date: /home/anthonyubuntu/Desktop/inmind/session6/Anthony-Moundalak-ROS2-Assignment-Session6/ros2ws/install/my_interface/local/lib/python3.10/dist-packages/my_interface/my_interface_s__rosidl_typesupport_fastrtps_c.cpython-310-x86_64-linux-gnu.so
[0.588s] -- Up-to-date: /home/anthonyubuntu/Desktop/inmind/session6/Anthony-Moundalak-ROS2-Assignment-Session6/ros2ws/install/my_interface/local/lib/python3.10/dist-packages/my_interface/my_interface_s__rosidl_typesupport_introspection_c.cpython-310-x86_64-linux-gnu.so
[0.589s] -- Up-to-date: /home/anthonyubuntu/Desktop/inmind/session6/Anthony-Moundalak-ROS2-Assignment-Session6/ros2ws/install/my_interface/local/lib/python3.10/dist-packages/my_interface/my_interface_s__rosidl_typesupport_c.cpython-310-x86_64-linux-gnu.so
[0.589s] -- Up-to-date: /home/anthonyubuntu/Desktop/inmind/session6/Anthony-Moundalak-ROS2-Assignment-Session6/ros2ws/install/my_interface/lib/libmy_interface__rosidl_generator_py.so
[0.590s] -- Up-to-date: /home/anthonyubuntu/Desktop/inmind/session6/Anthony-Moundalak-ROS2-Assignment-Session6/ros2ws/install/my_interface/share/my_interface/action/DeliverItem.idl
[0.590s] -- Up-to-date: /home/anthonyubuntu/Desktop/inmind/session6/Anthony-Moundalak-ROS2-Assignment-Session6/ros2ws/install/my_interface/share/my_interface/srv/CheckStock.idl
[0.591s] -- Up-to-date: /home/anthonyubuntu/Desktop/inmind/session6/Anthony-Moundalak-ROS2-Assignment-Session6/ros2ws/install/my_interface/share/my_interface/action/DeliverItem.action
[0.591s] -- Up-to-date: /home/anthonyubuntu/Desktop/inmind/session6/Anthony-Moundalak-ROS2-Assignment-Session6/ros2ws/install/my_interface/share/my_interface/srv/CheckStock.srv
[0.591s] -- Up-to-date: /home/anthonyubuntu/Desktop/inmind/session6/Anthony-Moundalak-ROS2-Assignment-Session6/ros2ws/install/my_interface/share/my_interface/srv/CheckStock_Request.msg
[0.591s] -- Up-to-date: /home/anthonyubuntu/Desktop/inmind/session6/Anthony-Moundalak-ROS2-Assignment-Session6/ros2ws/install/my_interface/share/my_interface/srv/CheckStock_Response.msg
[0.591s] -- Up-to-date: /home/anthonyubuntu/Desktop/inmind/session6/Anthony-Moundalak-ROS2-Assignment-Session6/ros2ws/install/my_interface/share/ament_index/resource_index/package_run_dependencies/my_interface
[0.591s] -- Up-to-date: /home/anthonyubuntu/Desktop/inmind/session6/Anthony-Moundalak-ROS2-Assignment-Session6/ros2ws/install/my_interface/share/ament_index/resource_index/parent_prefix_path/my_interface
[0.591s] -- Up-to-date: /home/anthonyubuntu/Desktop/inmind/session6/Anthony-Moundalak-ROS2-Assignment-Session6/ros2ws/install/my_interface/share/my_interface/environment/ament_prefix_path.sh
[0.592s] -- Up-to-date: /home/anthonyubuntu/Desktop/inmind/session6/Anthony-Moundalak-ROS2-Assignment-Session6/ros2ws/install/my_interface/share/my_interface/environment/ament_prefix_path.dsv
[0.592s] -- Up-to-date: /home/anthonyubuntu/Desktop/inmind/session6/Anthony-Moundalak-ROS2-Assignment-Session6/ros2ws/install/my_interface/share/my_interface/environment/path.sh
[0.592s] -- Up-to-date: /home/anthonyubuntu/Desktop/inmind/session6/Anthony-Moundalak-ROS2-Assignment-Session6/ros2ws/install/my_interface/share/my_interface/environment/path.dsv
[0.592s] -- Up-to-date: /home/anthonyubuntu/Desktop/inmind/session6/Anthony-Moundalak-ROS2-Assignment-Session6/ros2ws/install/my_interface/share/my_interface/local_setup.bash
[0.592s] -- Up-to-date: /home/anthonyubuntu/Desktop/inmind/session6/Anthony-Moundalak-ROS2-Assignment-Session6/ros2ws/install/my_interface/share/my_interface/local_setup.sh
[0.592s] -- Up-to-date: /home/anthonyubuntu/Desktop/inmind/session6/Anthony-Moundalak-ROS2-Assignment-Session6/ros2ws/install/my_interface/share/my_interface/local_setup.zsh
[0.593s] -- Up-to-date: /home/anthonyubuntu/Desktop/inmind/session6/Anthony-Moundalak-ROS2-Assignment-Session6/ros2ws/install/my_interface/share/my_interface/local_setup.dsv
[0.593s] -- Installing: /home/anthonyubuntu/Desktop/inmind/session6/Anthony-Moundalak-ROS2-Assignment-Session6/ros2ws/install/my_interface/share/my_interface/package.dsv
[0.593s] -- Up-to-date: /home/anthonyubuntu/Desktop/inmind/session6/Anthony-Moundalak-ROS2-Assignment-Session6/ros2ws/install/my_interface/share/ament_index/resource_index/packages/my_interface
[0.593s] -- Up-to-date: /home/anthonyubuntu/Desktop/inmind/session6/Anthony-Moundalak-ROS2-Assignment-Session6/ros2ws/install/my_interface/share/my_interface/cmake/export_my_interface__rosidl_generator_cExport.cmake
[0.593s] -- Up-to-date: /home/anthonyubuntu/Desktop/inmind/session6/Anthony-Moundalak-ROS2-Assignment-Session6/ros2ws/install/my_interface/share/my_interface/cmake/export_my_interface__rosidl_generator_cExport-noconfig.cmake
[0.593s] -- Up-to-date: /home/anthonyubuntu/Desktop/inmind/session6/Anthony-Moundalak-ROS2-Assignment-Session6/ros2ws/install/my_interface/share/my_interface/cmake/export_my_interface__rosidl_typesupport_fastrtps_cExport.cmake
[0.594s] -- Up-to-date: /home/anthonyubuntu/Desktop/inmind/session6/Anthony-Moundalak-ROS2-Assignment-Session6/ros2ws/install/my_interface/share/my_interface/cmake/export_my_interface__rosidl_typesupport_fastrtps_cExport-noconfig.cmake
[0.594s] -- Up-to-date: /home/anthonyubuntu/Desktop/inmind/session6/Anthony-Moundalak-ROS2-Assignment-Session6/ros2ws/install/my_interface/share/my_interface/cmake/my_interface__rosidl_typesupport_introspection_cExport.cmake
[0.594s] -- Up-to-date: /home/anthonyubuntu/Desktop/inmind/session6/Anthony-Moundalak-ROS2-Assignment-Session6/ros2ws/install/my_interface/share/my_interface/cmake/my_interface__rosidl_typesupport_introspection_cExport-noconfig.cmake
[0.594s] -- Up-to-date: /home/anthonyubuntu/Desktop/inmind/session6/Anthony-Moundalak-ROS2-Assignment-Session6/ros2ws/install/my_interface/share/my_interface/cmake/my_interface__rosidl_typesupport_cExport.cmake
[0.594s] -- Up-to-date: /home/anthonyubuntu/Desktop/inmind/session6/Anthony-Moundalak-ROS2-Assignment-Session6/ros2ws/install/my_interface/share/my_interface/cmake/my_interface__rosidl_typesupport_cExport-noconfig.cmake
[0.594s] -- Up-to-date: /home/anthonyubuntu/Desktop/inmind/session6/Anthony-Moundalak-ROS2-Assignment-Session6/ros2ws/install/my_interface/share/my_interface/cmake/export_my_interface__rosidl_generator_cppExport.cmake
[0.594s] -- Up-to-date: /home/anthonyubuntu/Desktop/inmind/session6/Anthony-Moundalak-ROS2-Assignment-Session6/ros2ws/install/my_interface/share/my_interface/cmake/export_my_interface__rosidl_typesupport_fastrtps_cppExport.cmake
[0.594s] -- Up-to-date: /home/anthonyubuntu/Desktop/inmind/session6/Anthony-Moundalak-ROS2-Assignment-Session6/ros2ws/install/my_interface/share/my_interface/cmake/export_my_interface__rosidl_typesupport_fastrtps_cppExport-noconfig.cmake
[0.594s] -- Up-to-date: /home/anthonyubuntu/Desktop/inmind/session6/Anthony-Moundalak-ROS2-Assignment-Session6/ros2ws/install/my_interface/share/my_interface/cmake/my_interface__rosidl_typesupport_introspection_cppExport.cmake
[0.594s] -- Up-to-date: /home/anthonyubuntu/Desktop/inmind/session6/Anthony-Moundalak-ROS2-Assignment-Session6/ros2ws/install/my_interface/share/my_interface/cmake/my_interface__rosidl_typesupport_introspection_cppExport-noconfig.cmake
[0.594s] -- Up-to-date: /home/anthonyubuntu/Desktop/inmind/session6/Anthony-Moundalak-ROS2-Assignment-Session6/ros2ws/install/my_interface/share/my_interface/cmake/my_interface__rosidl_typesupport_cppExport.cmake
[0.594s] -- Up-to-date: /home/anthonyubuntu/Desktop/inmind/session6/Anthony-Moundalak-ROS2-Assignment-Session6/ros2ws/install/my_interface/share/my_interface/cmake/my_interface__rosidl_typesupport_cppExport-noconfig.cmake
[0.594s] -- Up-to-date: /home/anthonyubuntu/Desktop/inmind/session6/Anthony-Moundalak-ROS2-Assignment-Session6/ros2ws/install/my_interface/share/my_interface/cmake/export_my_interface__rosidl_generator_pyExport.cmake
[0.595s] -- Up-to-date: /home/anthonyubuntu/Desktop/inmind/session6/Anthony-Moundalak-ROS2-Assignment-Session6/ros2ws/install/my_interface/share/my_interface/cmake/export_my_interface__rosidl_generator_pyExport-noconfig.cmake
[0.595s] -- Up-to-date: /home/anthonyubuntu/Desktop/inmind/session6/Anthony-Moundalak-ROS2-Assignment-Session6/ros2ws/install/my_interface/share/my_interface/cmake/rosidl_cmake-extras.cmake
[0.595s] -- Up-to-date: /home/anthonyubuntu/Desktop/inmind/session6/Anthony-Moundalak-ROS2-Assignment-Session6/ros2ws/install/my_interface/share/my_interface/cmake/ament_cmake_export_dependencies-extras.cmake
[0.596s] -- Up-to-date: /home/anthonyubuntu/Desktop/inmind/session6/Anthony-Moundalak-ROS2-Assignment-Session6/ros2ws/install/my_interface/share/my_interface/cmake/ament_cmake_export_include_directories-extras.cmake
[0.596s] -- Up-to-date: /home/anthonyubuntu/Desktop/inmind/session6/Anthony-Moundalak-ROS2-Assignment-Session6/ros2ws/install/my_interface/share/my_interface/cmake/ament_cmake_export_libraries-extras.cmake
[0.596s] -- Up-to-date: /home/anthonyubuntu/Desktop/inmind/session6/Anthony-Moundalak-ROS2-Assignment-Session6/ros2ws/install/my_interface/share/my_interface/cmake/ament_cmake_export_targets-extras.cmake
[0.596s] -- Up-to-date: /home/anthonyubuntu/Desktop/inmind/session6/Anthony-Moundalak-ROS2-Assignment-Session6/ros2ws/install/my_interface/share/my_interface/cmake/rosidl_cmake_export_typesupport_targets-extras.cmake
[0.597s] -- Up-to-date: /home/anthonyubuntu/Desktop/inmind/session6/Anthony-Moundalak-ROS2-Assignment-Session6/ros2ws/install/my_interface/share/my_interface/cmake/rosidl_cmake_export_typesupport_libraries-extras.cmake
[0.597s] -- Up-to-date: /home/anthonyubuntu/Desktop/inmind/session6/Anthony-Moundalak-ROS2-Assignment-Session6/ros2ws/install/my_interface/share/my_interface/cmake/my_interfaceConfig.cmake
[0.597s] -- Up-to-date: /home/anthonyubuntu/Desktop/inmind/session6/Anthony-Moundalak-ROS2-Assignment-Session6/ros2ws/install/my_interface/share/my_interface/cmake/my_interfaceConfig-version.cmake
[0.598s] -- Up-to-date: /home/anthonyubuntu/Desktop/inmind/session6/Anthony-Moundalak-ROS2-Assignment-Session6/ros2ws/install/my_interface/share/my_interface/package.xml
[0.598s] Invoked command in '/home/anthonyubuntu/Desktop/inmind/session6/Anthony-Moundalak-ROS2-Assignment-Session6/ros2ws/build/my_interface' returned '0': CMAKE_PREFIX_PATH=${CMAKE_PREFIX_PATH}:/home/anthonyubuntu/Desktop/inmind/session6/Anthony-Moundalak-ROS2-Assignment-Session6/ros2ws/install/warehouse_robot:/opt/ros/humble /usr/bin/cmake --install /home/anthonyubuntu/Desktop/inmind/session6/Anthony-Moundalak-ROS2-Assignment-Session6/ros2ws/build/my_interface
