[0.665s] DEBUG:colcon:Command line arguments: ['/usr/bin/colcon', 'build']
[0.666s] DEBUG:colcon:Parsed command line arguments: Namespace(log_base=None, log_level=None, verb_name='build', build_base='build', install_base='install', merge_install=False, symlink_install=False, test_result_base=None, continue_on_error=False, executor='parallel', parallel_workers=4, event_handlers=None, ignore_user_meta=False, metas=['./colcon.meta'], base_paths=['.'], packages_ignore=None, packages_ignore_regex=None, paths=None, packages_up_to=None, packages_up_to_regex=None, packages_above=None, packages_above_and_dependencies=None, packages_above_depth=None, packages_select_by_dep=None, packages_skip_by_dep=None, packages_skip_up_to=None, packages_select_build_failed=False, packages_skip_build_finished=False, packages_select_test_failures=False, packages_skip_test_passed=False, packages_select=None, packages_skip=None, packages_select_regex=None, packages_skip_regex=None, packages_start=None, packages_end=None, allow_overriding=[], cmake_args=None, cmake_target=None, cmake_target_skip_unavailable=False, cmake_clean_cache=False, cmake_clean_first=False, cmake_force_configure=False, ament_cmake_args=None, catkin_cmake_args=None, catkin_skip_building_tests=False, mixin_files=None, mixin=None, verb_parser=<colcon_mixin.mixin.mixin_argument.MixinArgumentDecorator object at 0x739566f29de0>, verb_extension=<colcon_core.verb.build.BuildVerb object at 0x7395670a2050>, main=<bound method BuildVerb.main of <colcon_core.verb.build.BuildVerb object at 0x7395670a2050>>, mixin_verb=('build',))
[4.282s] Level 1:colcon.colcon_core.package_discovery:discover_packages(colcon_meta) check parameters
[4.282s] Level 1:colcon.colcon_core.package_discovery:discover_packages(recursive) check parameters
[4.282s] Level 1:colcon.colcon_core.package_discovery:discover_packages(ignore) check parameters
[4.282s] Level 1:colcon.colcon_core.package_discovery:discover_packages(path) check parameters
[4.282s] Level 1:colcon.colcon_core.package_discovery:discover_packages(colcon_meta) discover
[4.282s] Level 1:colcon.colcon_core.package_discovery:discover_packages(recursive) discover
[4.282s] INFO:colcon.colcon_core.package_discovery:Crawling recursively for packages in '/home/anthonyubuntu/Desktop/inmind/session6/Anthony-Moundalak-ROS2-Assignment-Session6/ros2ws'
[4.283s] Level 1:colcon.colcon_core.package_identification:_identify(.) by extensions ['ignore', 'ignore_ament_install']
[4.283s] Level 1:colcon.colcon_core.package_identification:_identify(.) by extension 'ignore'
[4.283s] Level 1:colcon.colcon_core.package_identification:_identify(.) by extension 'ignore_ament_install'
[4.283s] Level 1:colcon.colcon_core.package_identification:_identify(.) by extensions ['colcon_pkg']
[4.283s] Level 1:colcon.colcon_core.package_identification:_identify(.) by extension 'colcon_pkg'
[4.283s] Level 1:colcon.colcon_core.package_identification:_identify(.) by extensions ['colcon_meta']
[4.283s] Level 1:colcon.colcon_core.package_identification:_identify(.) by extension 'colcon_meta'
[4.283s] Level 1:colcon.colcon_core.package_identification:_identify(.) by extensions ['ros']
[4.283s] Level 1:colcon.colcon_core.package_identification:_identify(.) by extension 'ros'
[4.333s] Level 1:colcon.colcon_core.package_identification:_identify(.) by extensions ['cmake', 'python']
[4.333s] Level 1:colcon.colcon_core.package_identification:_identify(.) by extension 'cmake'
[4.334s] Level 1:colcon.colcon_core.package_identification:_identify(.) by extension 'python'
[4.334s] Level 1:colcon.colcon_core.package_identification:_identify(.) by extensions ['python_setup_py']
[4.334s] Level 1:colcon.colcon_core.package_identification:_identify(.) by extension 'python_setup_py'
[4.334s] Level 1:colcon.colcon_core.package_identification:_identify(build) by extensions ['ignore', 'ignore_ament_install']
[4.334s] Level 1:colcon.colcon_core.package_identification:_identify(build) by extension 'ignore'
[4.334s] Level 1:colcon.colcon_core.package_identification:_identify(build) ignored
[4.334s] Level 1:colcon.colcon_core.package_identification:_identify(install) by extensions ['ignore', 'ignore_ament_install']
[4.334s] Level 1:colcon.colcon_core.package_identification:_identify(install) by extension 'ignore'
[4.334s] Level 1:colcon.colcon_core.package_identification:_identify(install) ignored
[4.335s] Level 1:colcon.colcon_core.package_identification:_identify(log) by extensions ['ignore', 'ignore_ament_install']
[4.335s] Level 1:colcon.colcon_core.package_identification:_identify(log) by extension 'ignore'
[4.335s] Level 1:colcon.colcon_core.package_identification:_identify(log) ignored
[4.335s] Level 1:colcon.colcon_core.package_identification:_identify(src) by extensions ['ignore', 'ignore_ament_install']
[4.335s] Level 1:colcon.colcon_core.package_identification:_identify(src) by extension 'ignore'
[4.335s] Level 1:colcon.colcon_core.package_identification:_identify(src) by extension 'ignore_ament_install'
[4.335s] Level 1:colcon.colcon_core.package_identification:_identify(src) by extensions ['colcon_pkg']
[4.335s] Level 1:colcon.colcon_core.package_identification:_identify(src) by extension 'colcon_pkg'
[4.335s] Level 1:colcon.colcon_core.package_identification:_identify(src) by extensions ['colcon_meta']
[4.335s] Level 1:colcon.colcon_core.package_identification:_identify(src) by extension 'colcon_meta'
[4.335s] Level 1:colcon.colcon_core.package_identification:_identify(src) by extensions ['ros']
[4.335s] Level 1:colcon.colcon_core.package_identification:_identify(src) by extension 'ros'
[4.335s] Level 1:colcon.colcon_core.package_identification:_identify(src) by extensions ['cmake', 'python']
[4.335s] Level 1:colcon.colcon_core.package_identification:_identify(src) by extension 'cmake'
[4.335s] Level 1:colcon.colcon_core.package_identification:_identify(src) by extension 'python'
[4.335s] Level 1:colcon.colcon_core.package_identification:_identify(src) by extensions ['python_setup_py']
[4.335s] Level 1:colcon.colcon_core.package_identification:_identify(src) by extension 'python_setup_py'
[4.336s] Level 1:colcon.colcon_core.package_identification:_identify(src/my_interface) by extensions ['ignore', 'ignore_ament_install']
[4.336s] Level 1:colcon.colcon_core.package_identification:_identify(src/my_interface) by extension 'ignore'
[4.336s] Level 1:colcon.colcon_core.package_identification:_identify(src/my_interface) by extension 'ignore_ament_install'
[4.336s] Level 1:colcon.colcon_core.package_identification:_identify(src/my_interface) by extensions ['colcon_pkg']
[4.336s] Level 1:colcon.colcon_core.package_identification:_identify(src/my_interface) by extension 'colcon_pkg'
[4.336s] Level 1:colcon.colcon_core.package_identification:_identify(src/my_interface) by extensions ['colcon_meta']
[4.336s] Level 1:colcon.colcon_core.package_identification:_identify(src/my_interface) by extension 'colcon_meta'
[4.336s] Level 1:colcon.colcon_core.package_identification:_identify(src/my_interface) by extensions ['ros']
[4.336s] Level 1:colcon.colcon_core.package_identification:_identify(src/my_interface) by extension 'ros'
[4.376s] DEBUG:colcon.colcon_core.package_identification:Package 'src/my_interface' with type 'ros.ament_cmake' and name 'my_interface'
[4.376s] Level 1:colcon.colcon_core.package_identification:_identify(src/warehouse_robot) by extensions ['ignore', 'ignore_ament_install']
[4.376s] Level 1:colcon.colcon_core.package_identification:_identify(src/warehouse_robot) by extension 'ignore'
[4.376s] Level 1:colcon.colcon_core.package_identification:_identify(src/warehouse_robot) by extension 'ignore_ament_install'
[4.377s] Level 1:colcon.colcon_core.package_identification:_identify(src/warehouse_robot) by extensions ['colcon_pkg']
[4.377s] Level 1:colcon.colcon_core.package_identification:_identify(src/warehouse_robot) by extension 'colcon_pkg'
[4.377s] Level 1:colcon.colcon_core.package_identification:_identify(src/warehouse_robot) by extensions ['colcon_meta']
[4.377s] Level 1:colcon.colcon_core.package_identification:_identify(src/warehouse_robot) by extension 'colcon_meta'
[4.377s] Level 1:colcon.colcon_core.package_identification:_identify(src/warehouse_robot) by extensions ['ros']
[4.377s] Level 1:colcon.colcon_core.package_identification:_identify(src/warehouse_robot) by extension 'ros'
[4.378s] DEBUG:colcon.colcon_core.package_identification:Package 'src/warehouse_robot' with type 'ros.ament_python' and name 'warehouse_robot'
[4.378s] Level 1:colcon.colcon_core.package_discovery:discover_packages(recursive) using defaults
[4.378s] Level 1:colcon.colcon_core.package_discovery:discover_packages(ignore) discover
[4.378s] Level 1:colcon.colcon_core.package_discovery:discover_packages(ignore) using defaults
[4.378s] Level 1:colcon.colcon_core.package_discovery:discover_packages(path) discover
[4.378s] Level 1:colcon.colcon_core.package_discovery:discover_packages(path) using defaults
[4.692s] Level 1:colcon.colcon_core.package_discovery:discover_packages(prefix_path) check parameters
[4.692s] Level 1:colcon.colcon_core.package_discovery:discover_packages(prefix_path) discover
[4.701s] DEBUG:colcon.colcon_installed_package_information.package_discovery:Found 0 installed packages in /home/anthonyubuntu/Desktop/inmind/session6/Anthony-Moundalak-ROS2-Assignment-Session6/ros2ws/install
[4.702s] DEBUG:colcon.colcon_installed_package_information.package_discovery:Found 270 installed packages in /opt/ros/humble
[4.707s] Level 1:colcon.colcon_core.package_discovery:discover_packages(prefix_path) using defaults
[4.818s] Level 5:colcon.colcon_core.verb:set package 'my_interface' build argument 'cmake_args' from command line to 'None'
[4.818s] Level 5:colcon.colcon_core.verb:set package 'my_interface' build argument 'cmake_target' from command line to 'None'
[4.818s] Level 5:colcon.colcon_core.verb:set package 'my_interface' build argument 'cmake_target_skip_unavailable' from command line to 'False'
[4.818s] Level 5:colcon.colcon_core.verb:set package 'my_interface' build argument 'cmake_clean_cache' from command line to 'False'
[4.818s] Level 5:colcon.colcon_core.verb:set package 'my_interface' build argument 'cmake_clean_first' from command line to 'False'
[4.818s] Level 5:colcon.colcon_core.verb:set package 'my_interface' build argument 'cmake_force_configure' from command line to 'False'
[4.818s] Level 5:colcon.colcon_core.verb:set package 'my_interface' build argument 'ament_cmake_args' from command line to 'None'
[4.818s] Level 5:colcon.colcon_core.verb:set package 'my_interface' build argument 'catkin_cmake_args' from command line to 'None'
[4.818s] Level 5:colcon.colcon_core.verb:set package 'my_interface' build argument 'catkin_skip_building_tests' from command line to 'False'
[4.818s] DEBUG:colcon.colcon_core.verb:Building package 'my_interface' with the following arguments: {'ament_cmake_args': None, 'build_base': '/home/anthonyubuntu/Desktop/inmind/session6/Anthony-Moundalak-ROS2-Assignment-Session6/ros2ws/build/my_interface', 'catkin_cmake_args': None, 'catkin_skip_building_tests': False, 'cmake_args': None, 'cmake_clean_cache': False, 'cmake_clean_first': False, 'cmake_force_configure': False, 'cmake_target': None, 'cmake_target_skip_unavailable': False, 'install_base': '/home/anthonyubuntu/Desktop/inmind/session6/Anthony-Moundalak-ROS2-Assignment-Session6/ros2ws/install/my_interface', 'merge_install': False, 'path': '/home/anthonyubuntu/Desktop/inmind/session6/Anthony-Moundalak-ROS2-Assignment-Session6/ros2ws/src/my_interface', 'symlink_install': False, 'test_result_base': None}
[4.819s] Level 5:colcon.colcon_core.verb:set package 'warehouse_robot' build argument 'cmake_args' from command line to 'None'
[4.819s] Level 5:colcon.colcon_core.verb:set package 'warehouse_robot' build argument 'cmake_target' from command line to 'None'
[4.819s] Level 5:colcon.colcon_core.verb:set package 'warehouse_robot' build argument 'cmake_target_skip_unavailable' from command line to 'False'
[4.819s] Level 5:colcon.colcon_core.verb:set package 'warehouse_robot' build argument 'cmake_clean_cache' from command line to 'False'
[4.819s] Level 5:colcon.colcon_core.verb:set package 'warehouse_robot' build argument 'cmake_clean_first' from command line to 'False'
[4.819s] Level 5:colcon.colcon_core.verb:set package 'warehouse_robot' build argument 'cmake_force_configure' from command line to 'False'
[4.819s] Level 5:colcon.colcon_core.verb:set package 'warehouse_robot' build argument 'ament_cmake_args' from command line to 'None'
[4.819s] Level 5:colcon.colcon_core.verb:set package 'warehouse_robot' build argument 'catkin_cmake_args' from command line to 'None'
[4.819s] Level 5:colcon.colcon_core.verb:set package 'warehouse_robot' build argument 'catkin_skip_building_tests' from command line to 'False'
[4.819s] DEBUG:colcon.colcon_core.verb:Building package 'warehouse_robot' with the following arguments: {'ament_cmake_args': None, 'build_base': '/home/anthonyubuntu/Desktop/inmind/session6/Anthony-Moundalak-ROS2-Assignment-Session6/ros2ws/build/warehouse_robot', 'catkin_cmake_args': None, 'catkin_skip_building_tests': False, 'cmake_args': None, 'cmake_clean_cache': False, 'cmake_clean_first': False, 'cmake_force_configure': False, 'cmake_target': None, 'cmake_target_skip_unavailable': False, 'install_base': '/home/anthonyubuntu/Desktop/inmind/session6/Anthony-Moundalak-ROS2-Assignment-Session6/ros2ws/install/warehouse_robot', 'merge_install': False, 'path': '/home/anthonyubuntu/Desktop/inmind/session6/Anthony-Moundalak-ROS2-Assignment-Session6/ros2ws/src/warehouse_robot', 'symlink_install': False, 'test_result_base': None}
[4.819s] INFO:colcon.colcon_core.executor:Executing jobs using 'parallel' executor
[4.821s] DEBUG:colcon.colcon_parallel_executor.executor.parallel:run_until_complete
[4.821s] INFO:colcon.colcon_ros.task.ament_cmake.build:Building ROS package in '/home/anthonyubuntu/Desktop/inmind/session6/Anthony-Moundalak-ROS2-Assignment-Session6/ros2ws/src/my_interface' with build type 'ament_cmake'
[4.821s] INFO:colcon.colcon_cmake.task.cmake.build:Building CMake package in '/home/anthonyubuntu/Desktop/inmind/session6/Anthony-Moundalak-ROS2-Assignment-Session6/ros2ws/src/my_interface'
[4.839s] INFO:colcon.colcon_core.plugin_system:Skipping extension 'colcon_core.shell.bat': Not used on non-Windows systems
[4.839s] INFO:colcon.colcon_core.shell:Skip shell extension 'powershell' for command environment: Not usable outside of PowerShell
[4.839s] DEBUG:colcon.colcon_core.shell:Skip shell extension 'dsv' for command environment
[4.846s] DEBUG:colcon.colcon_core.event_handler.log_command:Invoking command in '/home/anthonyubuntu/Desktop/inmind/session6/Anthony-Moundalak-ROS2-Assignment-Session6/ros2ws/build/my_interface': CMAKE_PREFIX_PATH=/opt/ros/humble /usr/bin/cmake /home/anthonyubuntu/Desktop/inmind/session6/Anthony-Moundalak-ROS2-Assignment-Session6/ros2ws/src/my_interface -DCMAKE_INSTALL_PREFIX=/home/anthonyubuntu/Desktop/inmind/session6/Anthony-Moundalak-ROS2-Assignment-Session6/ros2ws/install/my_interface
[11.653s] DEBUG:colcon.colcon_core.event_handler.log_command:Invoked command in '/home/anthonyubuntu/Desktop/inmind/session6/Anthony-Moundalak-ROS2-Assignment-Session6/ros2ws/build/my_interface' returned '0': CMAKE_PREFIX_PATH=/opt/ros/humble /usr/bin/cmake /home/anthonyubuntu/Desktop/inmind/session6/Anthony-Moundalak-ROS2-Assignment-Session6/ros2ws/src/my_interface -DCMAKE_INSTALL_PREFIX=/home/anthonyubuntu/Desktop/inmind/session6/Anthony-Moundalak-ROS2-Assignment-Session6/ros2ws/install/my_interface
[11.655s] DEBUG:colcon.colcon_core.event_handler.log_command:Invoking command in '/home/anthonyubuntu/Desktop/inmind/session6/Anthony-Moundalak-ROS2-Assignment-Session6/ros2ws/build/my_interface': CMAKE_PREFIX_PATH=/opt/ros/humble /usr/bin/cmake --build /home/anthonyubuntu/Desktop/inmind/session6/Anthony-Moundalak-ROS2-Assignment-Session6/ros2ws/build/my_interface -- -j4 -l4
[31.463s] DEBUG:colcon.colcon_core.event_handler.log_command:Invoked command in '/home/anthonyubuntu/Desktop/inmind/session6/Anthony-Moundalak-ROS2-Assignment-Session6/ros2ws/build/my_interface' returned '0': CMAKE_PREFIX_PATH=/opt/ros/humble /usr/bin/cmake --build /home/anthonyubuntu/Desktop/inmind/session6/Anthony-Moundalak-ROS2-Assignment-Session6/ros2ws/build/my_interface -- -j4 -l4
[31.560s] DEBUG:colcon.colcon_core.event_handler.log_command:Invoking command in '/home/anthonyubuntu/Desktop/inmind/session6/Anthony-Moundalak-ROS2-Assignment-Session6/ros2ws/build/my_interface': CMAKE_PREFIX_PATH=/opt/ros/humble /usr/bin/cmake --install /home/anthonyubuntu/Desktop/inmind/session6/Anthony-Moundalak-ROS2-Assignment-Session6/ros2ws/build/my_interface
[31.706s] Level 1:colcon.colcon_core.environment:create_environment_scripts_only(my_interface)
[31.707s] DEBUG:colcon.colcon_core.event_handler.log_command:Invoked command in '/home/anthonyubuntu/Desktop/inmind/session6/Anthony-Moundalak-ROS2-Assignment-Session6/ros2ws/build/my_interface' returned '0': CMAKE_PREFIX_PATH=/opt/ros/humble /usr/bin/cmake --install /home/anthonyubuntu/Desktop/inmind/session6/Anthony-Moundalak-ROS2-Assignment-Session6/ros2ws/build/my_interface
[31.815s] Level 1:colcon.colcon_core.environment:checking '/home/anthonyubuntu/Desktop/inmind/session6/Anthony-Moundalak-ROS2-Assignment-Session6/ros2ws/install/my_interface' for CMake module files
[31.815s] Level 1:colcon.colcon_core.environment:checking '/home/anthonyubuntu/Desktop/inmind/session6/Anthony-Moundalak-ROS2-Assignment-Session6/ros2ws/install/my_interface' for CMake config files
[31.816s] Level 1:colcon.colcon_core.shell:create_environment_hook('my_interface', 'cmake_prefix_path')
[31.816s] INFO:colcon.colcon_core.shell:Creating environment hook '/home/anthonyubuntu/Desktop/inmind/session6/Anthony-Moundalak-ROS2-Assignment-Session6/ros2ws/install/my_interface/share/my_interface/hook/cmake_prefix_path.ps1'
[31.835s] INFO:colcon.colcon_core.shell:Creating environment descriptor '/home/anthonyubuntu/Desktop/inmind/session6/Anthony-Moundalak-ROS2-Assignment-Session6/ros2ws/install/my_interface/share/my_interface/hook/cmake_prefix_path.dsv'
[31.853s] INFO:colcon.colcon_core.shell:Creating environment hook '/home/anthonyubuntu/Desktop/inmind/session6/Anthony-Moundalak-ROS2-Assignment-Session6/ros2ws/install/my_interface/share/my_interface/hook/cmake_prefix_path.sh'
[31.855s] Level 1:colcon.colcon_core.environment:checking '/home/anthonyubuntu/Desktop/inmind/session6/Anthony-Moundalak-ROS2-Assignment-Session6/ros2ws/install/my_interface/lib'
[31.856s] Level 1:colcon.colcon_core.shell:create_environment_hook('my_interface', 'ld_library_path_lib')
[31.856s] INFO:colcon.colcon_core.shell:Creating environment hook '/home/anthonyubuntu/Desktop/inmind/session6/Anthony-Moundalak-ROS2-Assignment-Session6/ros2ws/install/my_interface/share/my_interface/hook/ld_library_path_lib.ps1'
[31.856s] INFO:colcon.colcon_core.shell:Creating environment descriptor '/home/anthonyubuntu/Desktop/inmind/session6/Anthony-Moundalak-ROS2-Assignment-Session6/ros2ws/install/my_interface/share/my_interface/hook/ld_library_path_lib.dsv'
[31.857s] INFO:colcon.colcon_core.shell:Creating environment hook '/home/anthonyubuntu/Desktop/inmind/session6/Anthony-Moundalak-ROS2-Assignment-Session6/ros2ws/install/my_interface/share/my_interface/hook/ld_library_path_lib.sh'
[31.857s] Level 1:colcon.colcon_core.environment:checking '/home/anthonyubuntu/Desktop/inmind/session6/Anthony-Moundalak-ROS2-Assignment-Session6/ros2ws/install/my_interface/bin'
[31.857s] Level 1:colcon.colcon_core.environment:checking '/home/anthonyubuntu/Desktop/inmind/session6/Anthony-Moundalak-ROS2-Assignment-Session6/ros2ws/install/my_interface/lib/pkgconfig/my_interface.pc'
[31.857s] Level 1:colcon.colcon_core.environment:checking '/home/anthonyubuntu/Desktop/inmind/session6/Anthony-Moundalak-ROS2-Assignment-Session6/ros2ws/install/my_interface/lib/python3.10/site-packages'
[31.858s] Level 1:colcon.colcon_core.environment:checking '/home/anthonyubuntu/Desktop/inmind/session6/Anthony-Moundalak-ROS2-Assignment-Session6/ros2ws/install/my_interface/bin'
[31.858s] INFO:colcon.colcon_core.shell:Creating package script '/home/anthonyubuntu/Desktop/inmind/session6/Anthony-Moundalak-ROS2-Assignment-Session6/ros2ws/install/my_interface/share/my_interface/package.ps1'
[31.860s] INFO:colcon.colcon_core.shell:Creating package descriptor '/home/anthonyubuntu/Desktop/inmind/session6/Anthony-Moundalak-ROS2-Assignment-Session6/ros2ws/install/my_interface/share/my_interface/package.dsv'
[31.862s] INFO:colcon.colcon_core.shell:Creating package script '/home/anthonyubuntu/Desktop/inmind/session6/Anthony-Moundalak-ROS2-Assignment-Session6/ros2ws/install/my_interface/share/my_interface/package.sh'
[31.863s] INFO:colcon.colcon_core.shell:Creating package script '/home/anthonyubuntu/Desktop/inmind/session6/Anthony-Moundalak-ROS2-Assignment-Session6/ros2ws/install/my_interface/share/my_interface/package.bash'
[31.877s] INFO:colcon.colcon_core.shell:Creating package script '/home/anthonyubuntu/Desktop/inmind/session6/Anthony-Moundalak-ROS2-Assignment-Session6/ros2ws/install/my_interface/share/my_interface/package.zsh'
[31.887s] Level 1:colcon.colcon_core.environment:create_file_with_runtime_dependencies(/home/anthonyubuntu/Desktop/inmind/session6/Anthony-Moundalak-ROS2-Assignment-Session6/ros2ws/install/my_interface/share/colcon-core/packages/my_interface)
[31.975s] Level 1:colcon.colcon_core.environment:create_environment_scripts_only(my_interface)
[31.975s] Level 1:colcon.colcon_core.environment:checking '/home/anthonyubuntu/Desktop/inmind/session6/Anthony-Moundalak-ROS2-Assignment-Session6/ros2ws/install/my_interface' for CMake module files
[31.976s] Level 1:colcon.colcon_core.environment:checking '/home/anthonyubuntu/Desktop/inmind/session6/Anthony-Moundalak-ROS2-Assignment-Session6/ros2ws/install/my_interface' for CMake config files
[31.976s] Level 1:colcon.colcon_core.shell:create_environment_hook('my_interface', 'cmake_prefix_path')
[31.977s] INFO:colcon.colcon_core.shell:Creating environment hook '/home/anthonyubuntu/Desktop/inmind/session6/Anthony-Moundalak-ROS2-Assignment-Session6/ros2ws/install/my_interface/share/my_interface/hook/cmake_prefix_path.ps1'
[31.977s] INFO:colcon.colcon_core.shell:Creating environment descriptor '/home/anthonyubuntu/Desktop/inmind/session6/Anthony-Moundalak-ROS2-Assignment-Session6/ros2ws/install/my_interface/share/my_interface/hook/cmake_prefix_path.dsv'
[31.978s] INFO:colcon.colcon_core.shell:Creating environment hook '/home/anthonyubuntu/Desktop/inmind/session6/Anthony-Moundalak-ROS2-Assignment-Session6/ros2ws/install/my_interface/share/my_interface/hook/cmake_prefix_path.sh'
[31.979s] Level 1:colcon.colcon_core.environment:checking '/home/anthonyubuntu/Desktop/inmind/session6/Anthony-Moundalak-ROS2-Assignment-Session6/ros2ws/install/my_interface/lib'
[31.979s] Level 1:colcon.colcon_core.shell:create_environment_hook('my_interface', 'ld_library_path_lib')
[31.979s] INFO:colcon.colcon_core.shell:Creating environment hook '/home/anthonyubuntu/Desktop/inmind/session6/Anthony-Moundalak-ROS2-Assignment-Session6/ros2ws/install/my_interface/share/my_interface/hook/ld_library_path_lib.ps1'
[31.980s] INFO:colcon.colcon_core.shell:Creating environment descriptor '/home/anthonyubuntu/Desktop/inmind/session6/Anthony-Moundalak-ROS2-Assignment-Session6/ros2ws/install/my_interface/share/my_interface/hook/ld_library_path_lib.dsv'
[31.980s] INFO:colcon.colcon_core.shell:Creating environment hook '/home/anthonyubuntu/Desktop/inmind/session6/Anthony-Moundalak-ROS2-Assignment-Session6/ros2ws/install/my_interface/share/my_interface/hook/ld_library_path_lib.sh'
[31.981s] Level 1:colcon.colcon_core.environment:checking '/home/anthonyubuntu/Desktop/inmind/session6/Anthony-Moundalak-ROS2-Assignment-Session6/ros2ws/install/my_interface/bin'
[31.981s] Level 1:colcon.colcon_core.environment:checking '/home/anthonyubuntu/Desktop/inmind/session6/Anthony-Moundalak-ROS2-Assignment-Session6/ros2ws/install/my_interface/lib/pkgconfig/my_interface.pc'
[31.981s] Level 1:colcon.colcon_core.environment:checking '/home/anthonyubuntu/Desktop/inmind/session6/Anthony-Moundalak-ROS2-Assignment-Session6/ros2ws/install/my_interface/lib/python3.10/site-packages'
[31.981s] Level 1:colcon.colcon_core.environment:checking '/home/anthonyubuntu/Desktop/inmind/session6/Anthony-Moundalak-ROS2-Assignment-Session6/ros2ws/install/my_interface/bin'
[31.981s] INFO:colcon.colcon_core.shell:Creating package script '/home/anthonyubuntu/Desktop/inmind/session6/Anthony-Moundalak-ROS2-Assignment-Session6/ros2ws/install/my_interface/share/my_interface/package.ps1'
[31.982s] INFO:colcon.colcon_core.shell:Creating package descriptor '/home/anthonyubuntu/Desktop/inmind/session6/Anthony-Moundalak-ROS2-Assignment-Session6/ros2ws/install/my_interface/share/my_interface/package.dsv'
[31.983s] INFO:colcon.colcon_core.shell:Creating package script '/home/anthonyubuntu/Desktop/inmind/session6/Anthony-Moundalak-ROS2-Assignment-Session6/ros2ws/install/my_interface/share/my_interface/package.sh'
[31.983s] INFO:colcon.colcon_core.shell:Creating package script '/home/anthonyubuntu/Desktop/inmind/session6/Anthony-Moundalak-ROS2-Assignment-Session6/ros2ws/install/my_interface/share/my_interface/package.bash'
[31.984s] INFO:colcon.colcon_core.shell:Creating package script '/home/anthonyubuntu/Desktop/inmind/session6/Anthony-Moundalak-ROS2-Assignment-Session6/ros2ws/install/my_interface/share/my_interface/package.zsh'
[31.984s] Level 1:colcon.colcon_core.environment:create_file_with_runtime_dependencies(/home/anthonyubuntu/Desktop/inmind/session6/Anthony-Moundalak-ROS2-Assignment-Session6/ros2ws/install/my_interface/share/colcon-core/packages/my_interface)
[31.985s] INFO:colcon.colcon_ros.task.ament_python.build:Building ROS package in '/home/anthonyubuntu/Desktop/inmind/session6/Anthony-Moundalak-ROS2-Assignment-Session6/ros2ws/src/warehouse_robot' with build type 'ament_python'
[31.985s] Level 1:colcon.colcon_core.shell:create_environment_hook('warehouse_robot', 'ament_prefix_path')
[31.986s] INFO:colcon.colcon_core.shell:Creating environment hook '/home/anthonyubuntu/Desktop/inmind/session6/Anthony-Moundalak-ROS2-Assignment-Session6/ros2ws/install/warehouse_robot/share/warehouse_robot/hook/ament_prefix_path.ps1'
[31.987s] INFO:colcon.colcon_core.shell:Creating environment descriptor '/home/anthonyubuntu/Desktop/inmind/session6/Anthony-Moundalak-ROS2-Assignment-Session6/ros2ws/install/warehouse_robot/share/warehouse_robot/hook/ament_prefix_path.dsv'
[31.987s] INFO:colcon.colcon_core.shell:Creating environment hook '/home/anthonyubuntu/Desktop/inmind/session6/Anthony-Moundalak-ROS2-Assignment-Session6/ros2ws/install/warehouse_robot/share/warehouse_robot/hook/ament_prefix_path.sh'
[31.988s] INFO:colcon.colcon_core.shell:Skip shell extension 'powershell' for command environment: Not usable outside of PowerShell
[31.988s] DEBUG:colcon.colcon_core.shell:Skip shell extension 'dsv' for command environment
[32.293s] INFO:colcon.colcon_core.task.python.build:Building Python package in '/home/anthonyubuntu/Desktop/inmind/session6/Anthony-Moundalak-ROS2-Assignment-Session6/ros2ws/src/warehouse_robot'
[32.293s] INFO:colcon.colcon_core.shell:Skip shell extension 'powershell' for command environment: Not usable outside of PowerShell
[32.293s] DEBUG:colcon.colcon_core.shell:Skip shell extension 'dsv' for command environment
[33.187s] DEBUG:colcon.colcon_core.event_handler.log_command:Invoking command in '/home/anthonyubuntu/Desktop/inmind/session6/Anthony-Moundalak-ROS2-Assignment-Session6/ros2ws/src/warehouse_robot': AMENT_PREFIX_PATH=/home/anthonyubuntu/Desktop/inmind/session6/Anthony-Moundalak-ROS2-Assignment-Session6/ros2ws/install/my_interface:${AMENT_PREFIX_PATH} CMAKE_PREFIX_PATH=/home/anthonyubuntu/Desktop/inmind/session6/Anthony-Moundalak-ROS2-Assignment-Session6/ros2ws/install/my_interface LD_LIBRARY_PATH=/home/anthonyubuntu/Desktop/inmind/session6/Anthony-Moundalak-ROS2-Assignment-Session6/ros2ws/install/my_interface/lib:${LD_LIBRARY_PATH} PYTHONPATH=/home/anthonyubuntu/Desktop/inmind/session6/Anthony-Moundalak-ROS2-Assignment-Session6/ros2ws/build/warehouse_robot/prefix_override:/usr/lib/python3/dist-packages/colcon_core/task/python/colcon_distutils_commands:/home/anthonyubuntu/Desktop/inmind/session6/Anthony-Moundalak-ROS2-Assignment-Session6/ros2ws/install/warehouse_robot/lib/python3.10/site-packages:/home/anthonyubuntu/Desktop/inmind/session6/Anthony-Moundalak-ROS2-Assignment-Session6/ros2ws/install/my_interface/local/lib/python3.10/dist-packages:${PYTHONPATH} /usr/bin/python3 -W ignore:setup.py install is deprecated setup.py egg_info --egg-base ../../build/warehouse_robot build --build-base /home/anthonyubuntu/Desktop/inmind/session6/Anthony-Moundalak-ROS2-Assignment-Session6/ros2ws/build/warehouse_robot/build install --record /home/anthonyubuntu/Desktop/inmind/session6/Anthony-Moundalak-ROS2-Assignment-Session6/ros2ws/build/warehouse_robot/install.log --single-version-externally-managed install_data
[33.516s] Level 1:colcon.colcon_core.environment:checking '/home/anthonyubuntu/Desktop/inmind/session6/Anthony-Moundalak-ROS2-Assignment-Session6/ros2ws/install/warehouse_robot' for CMake module files
[33.517s] DEBUG:colcon.colcon_core.event_handler.log_command:Invoked command in '/home/anthonyubuntu/Desktop/inmind/session6/Anthony-Moundalak-ROS2-Assignment-Session6/ros2ws/src/warehouse_robot' returned '0': AMENT_PREFIX_PATH=/home/anthonyubuntu/Desktop/inmind/session6/Anthony-Moundalak-ROS2-Assignment-Session6/ros2ws/install/my_interface:${AMENT_PREFIX_PATH} CMAKE_PREFIX_PATH=/home/anthonyubuntu/Desktop/inmind/session6/Anthony-Moundalak-ROS2-Assignment-Session6/ros2ws/install/my_interface LD_LIBRARY_PATH=/home/anthonyubuntu/Desktop/inmind/session6/Anthony-Moundalak-ROS2-Assignment-Session6/ros2ws/install/my_interface/lib:${LD_LIBRARY_PATH} PYTHONPATH=/home/anthonyubuntu/Desktop/inmind/session6/Anthony-Moundalak-ROS2-Assignment-Session6/ros2ws/build/warehouse_robot/prefix_override:/usr/lib/python3/dist-packages/colcon_core/task/python/colcon_distutils_commands:/home/anthonyubuntu/Desktop/inmind/session6/Anthony-Moundalak-ROS2-Assignment-Session6/ros2ws/install/warehouse_robot/lib/python3.10/site-packages:/home/anthonyubuntu/Desktop/inmind/session6/Anthony-Moundalak-ROS2-Assignment-Session6/ros2ws/install/my_interface/local/lib/python3.10/dist-packages:${PYTHONPATH} /usr/bin/python3 -W ignore:setup.py install is deprecated setup.py egg_info --egg-base ../../build/warehouse_robot build --build-base /home/anthonyubuntu/Desktop/inmind/session6/Anthony-Moundalak-ROS2-Assignment-Session6/ros2ws/build/warehouse_robot/build install --record /home/anthonyubuntu/Desktop/inmind/session6/Anthony-Moundalak-ROS2-Assignment-Session6/ros2ws/build/warehouse_robot/install.log --single-version-externally-managed install_data
[33.517s] Level 1:colcon.colcon_core.environment:checking '/home/anthonyubuntu/Desktop/inmind/session6/Anthony-Moundalak-ROS2-Assignment-Session6/ros2ws/install/warehouse_robot' for CMake config files
[33.518s] Level 1:colcon.colcon_core.environment:checking '/home/anthonyubuntu/Desktop/inmind/session6/Anthony-Moundalak-ROS2-Assignment-Session6/ros2ws/install/warehouse_robot/lib'
[33.518s] Level 1:colcon.colcon_core.environment:checking '/home/anthonyubuntu/Desktop/inmind/session6/Anthony-Moundalak-ROS2-Assignment-Session6/ros2ws/install/warehouse_robot/bin'
[33.518s] Level 1:colcon.colcon_core.environment:checking '/home/anthonyubuntu/Desktop/inmind/session6/Anthony-Moundalak-ROS2-Assignment-Session6/ros2ws/install/warehouse_robot/lib/pkgconfig/warehouse_robot.pc'
[33.518s] Level 1:colcon.colcon_core.environment:checking '/home/anthonyubuntu/Desktop/inmind/session6/Anthony-Moundalak-ROS2-Assignment-Session6/ros2ws/install/warehouse_robot/lib/python3.10/site-packages'
[33.518s] Level 1:colcon.colcon_core.shell:create_environment_hook('warehouse_robot', 'pythonpath')
[33.518s] INFO:colcon.colcon_core.shell:Creating environment hook '/home/anthonyubuntu/Desktop/inmind/session6/Anthony-Moundalak-ROS2-Assignment-Session6/ros2ws/install/warehouse_robot/share/warehouse_robot/hook/pythonpath.ps1'
[33.519s] INFO:colcon.colcon_core.shell:Creating environment descriptor '/home/anthonyubuntu/Desktop/inmind/session6/Anthony-Moundalak-ROS2-Assignment-Session6/ros2ws/install/warehouse_robot/share/warehouse_robot/hook/pythonpath.dsv'
[33.519s] INFO:colcon.colcon_core.shell:Creating environment hook '/home/anthonyubuntu/Desktop/inmind/session6/Anthony-Moundalak-ROS2-Assignment-Session6/ros2ws/install/warehouse_robot/share/warehouse_robot/hook/pythonpath.sh'
[33.520s] Level 1:colcon.colcon_core.environment:checking '/home/anthonyubuntu/Desktop/inmind/session6/Anthony-Moundalak-ROS2-Assignment-Session6/ros2ws/install/warehouse_robot/bin'
[33.520s] Level 1:colcon.colcon_core.environment:create_environment_scripts_only(warehouse_robot)
[33.520s] INFO:colcon.colcon_core.shell:Creating package script '/home/anthonyubuntu/Desktop/inmind/session6/Anthony-Moundalak-ROS2-Assignment-Session6/ros2ws/install/warehouse_robot/share/warehouse_robot/package.ps1'
[33.521s] INFO:colcon.colcon_core.shell:Creating package descriptor '/home/anthonyubuntu/Desktop/inmind/session6/Anthony-Moundalak-ROS2-Assignment-Session6/ros2ws/install/warehouse_robot/share/warehouse_robot/package.dsv'
[33.521s] INFO:colcon.colcon_core.shell:Creating package script '/home/anthonyubuntu/Desktop/inmind/session6/Anthony-Moundalak-ROS2-Assignment-Session6/ros2ws/install/warehouse_robot/share/warehouse_robot/package.sh'
[33.522s] INFO:colcon.colcon_core.shell:Creating package script '/home/anthonyubuntu/Desktop/inmind/session6/Anthony-Moundalak-ROS2-Assignment-Session6/ros2ws/install/warehouse_robot/share/warehouse_robot/package.bash'
[33.522s] INFO:colcon.colcon_core.shell:Creating package script '/home/anthonyubuntu/Desktop/inmind/session6/Anthony-Moundalak-ROS2-Assignment-Session6/ros2ws/install/warehouse_robot/share/warehouse_robot/package.zsh'
[33.522s] Level 1:colcon.colcon_core.environment:create_file_with_runtime_dependencies(/home/anthonyubuntu/Desktop/inmind/session6/Anthony-Moundalak-ROS2-Assignment-Session6/ros2ws/install/warehouse_robot/share/colcon-core/packages/warehouse_robot)
[33.523s] DEBUG:colcon.colcon_parallel_executor.executor.parallel:closing loop
[33.524s] DEBUG:colcon.colcon_parallel_executor.executor.parallel:loop closed
[33.524s] DEBUG:colcon.colcon_parallel_executor.executor.parallel:run_until_complete finished with '0'
[33.524s] DEBUG:colcon.colcon_core.event_reactor:joining thread
[33.577s] INFO:colcon.colcon_core.plugin_system:Skipping extension 'colcon_notification.desktop_notification.terminal_notifier': Not used on non-Darwin systems
[33.578s] INFO:colcon.colcon_core.plugin_system:Skipping extension 'colcon_notification.desktop_notification.win32': Not used on non-Windows systems
[33.578s] INFO:colcon.colcon_notification.desktop_notification:Sending desktop notification using 'notify2'
[33.598s] DEBUG:colcon.colcon_core.event_reactor:joined thread
[33.598s] INFO:colcon.colcon_core.shell:Creating prefix script '/home/anthonyubuntu/Desktop/inmind/session6/Anthony-Moundalak-ROS2-Assignment-Session6/ros2ws/install/local_setup.ps1'
[33.613s] INFO:colcon.colcon_core.shell:Creating prefix util module '/home/anthonyubuntu/Desktop/inmind/session6/Anthony-Moundalak-ROS2-Assignment-Session6/ros2ws/install/_local_setup_util_ps1.py'
[33.617s] INFO:colcon.colcon_core.shell:Creating prefix chain script '/home/anthonyubuntu/Desktop/inmind/session6/Anthony-Moundalak-ROS2-Assignment-Session6/ros2ws/install/setup.ps1'
[33.619s] INFO:colcon.colcon_core.shell:Creating prefix script '/home/anthonyubuntu/Desktop/inmind/session6/Anthony-Moundalak-ROS2-Assignment-Session6/ros2ws/install/local_setup.sh'
[33.620s] INFO:colcon.colcon_core.shell:Creating prefix util module '/home/anthonyubuntu/Desktop/inmind/session6/Anthony-Moundalak-ROS2-Assignment-Session6/ros2ws/install/_local_setup_util_sh.py'
[33.621s] INFO:colcon.colcon_core.shell:Creating prefix chain script '/home/anthonyubuntu/Desktop/inmind/session6/Anthony-Moundalak-ROS2-Assignment-Session6/ros2ws/install/setup.sh'
[33.623s] INFO:colcon.colcon_core.shell:Creating prefix script '/home/anthonyubuntu/Desktop/inmind/session6/Anthony-Moundalak-ROS2-Assignment-Session6/ros2ws/install/local_setup.bash'
[33.625s] INFO:colcon.colcon_core.shell:Creating prefix chain script '/home/anthonyubuntu/Desktop/inmind/session6/Anthony-Moundalak-ROS2-Assignment-Session6/ros2ws/install/setup.bash'
[33.627s] INFO:colcon.colcon_core.shell:Creating prefix script '/home/anthonyubuntu/Desktop/inmind/session6/Anthony-Moundalak-ROS2-Assignment-Session6/ros2ws/install/local_setup.zsh'
[33.628s] INFO:colcon.colcon_core.shell:Creating prefix chain script '/home/anthonyubuntu/Desktop/inmind/session6/Anthony-Moundalak-ROS2-Assignment-Session6/ros2ws/install/setup.zsh'
