[1.200s] Invoking command in '/home/anthonyubuntu/Desktop/inmind/session6/Anthony-Moundalak-ROS2-Assignment-Session6/ros2ws/src/warehouse_robot': AMENT_PREFIX_PATH=/home/anthonyubuntu/Desktop/inmind/session6/Anthony-Moundalak-ROS2-Assignment-Session6/ros2ws/install/my_interface:${AMENT_PREFIX_PATH} CMAKE_PREFIX_PATH=/home/anthonyubuntu/Desktop/inmind/session6/Anthony-Moundalak-ROS2-Assignment-Session6/ros2ws/install/my_interface LD_LIBRARY_PATH=/home/anthonyubuntu/Desktop/inmind/session6/Anthony-Moundalak-ROS2-Assignment-Session6/ros2ws/install/my_interface/lib:${LD_LIBRARY_PATH} PYTHONPATH=/home/anthonyubuntu/Desktop/inmind/session6/Anthony-Moundalak-ROS2-Assignment-Session6/ros2ws/build/warehouse_robot/prefix_override:/usr/lib/python3/dist-packages/colcon_core/task/python/colcon_distutils_commands:/home/anthonyubuntu/Desktop/inmind/session6/Anthony-Moundalak-ROS2-Assignment-Session6/ros2ws/install/warehouse_robot/lib/python3.10/site-packages:/home/anthonyubuntu/Desktop/inmind/session6/Anthony-Moundalak-ROS2-Assignment-Session6/ros2ws/install/my_interface/local/lib/python3.10/dist-packages:${PYTHONPATH} /usr/bin/python3 -W ignore:setup.py install is deprecated setup.py egg_info --egg-base ../../build/warehouse_robot build --build-base /home/anthonyubuntu/Desktop/inmind/session6/Anthony-Moundalak-ROS2-Assignment-Session6/ros2ws/build/warehouse_robot/build install --record /home/anthonyubuntu/Desktop/inmind/session6/Anthony-Moundalak-ROS2-Assignment-Session6/ros2ws/build/warehouse_robot/install.log --single-version-externally-managed install_data
[1.460s] running egg_info
[1.461s] creating ../../build/warehouse_robot/warehouse_robot.egg-info
[1.461s] writing ../../build/warehouse_robot/warehouse_robot.egg-info/PKG-INFO
[1.462s] writing dependency_links to ../../build/warehouse_robot/warehouse_robot.egg-info/dependency_links.txt
[1.462s] writing entry points to ../../build/warehouse_robot/warehouse_robot.egg-info/entry_points.txt
[1.462s] writing requirements to ../../build/warehouse_robot/warehouse_robot.egg-info/requires.txt
[1.463s] writing top-level names to ../../build/warehouse_robot/warehouse_robot.egg-info/top_level.txt
[1.463s] writing manifest file '../../build/warehouse_robot/warehouse_robot.egg-info/SOURCES.txt'
[1.464s] reading manifest file '../../build/warehouse_robot/warehouse_robot.egg-info/SOURCES.txt'
[1.466s] writing manifest file '../../build/warehouse_robot/warehouse_robot.egg-info/SOURCES.txt'
[1.466s] running build
[1.467s] running build_py
[1.467s] creating /home/anthonyubuntu/Desktop/inmind/session6/Anthony-Moundalak-ROS2-Assignment-Session6/ros2ws/build/warehouse_robot/build
[1.467s] creating /home/anthonyubuntu/Desktop/inmind/session6/Anthony-Moundalak-ROS2-Assignment-Session6/ros2ws/build/warehouse_robot/build/lib
[1.467s] creating /home/anthonyubuntu/Desktop/inmind/session6/Anthony-Moundalak-ROS2-Assignment-Session6/ros2ws/build/warehouse_robot/build/lib/warehouse_robot
[1.467s] copying warehouse_robot/__init__.py -> /home/anthonyubuntu/Desktop/inmind/session6/Anthony-Moundalak-ROS2-Assignment-Session6/ros2ws/build/warehouse_robot/build/lib/warehouse_robot
[1.468s] copying warehouse_robot/item_delivery_action_server.py -> /home/anthonyubuntu/Desktop/inmind/session6/Anthony-Moundalak-ROS2-Assignment-Session6/ros2ws/build/warehouse_robot/build/lib/warehouse_robot
[1.468s] copying warehouse_robot/item_delivery_action_client.py -> /home/anthonyubuntu/Desktop/inmind/session6/Anthony-Moundalak-ROS2-Assignment-Session6/ros2ws/build/warehouse_robot/build/lib/warehouse_robot
[1.468s] copying warehouse_robot/stock_checker_service_client.py -> /home/anthonyubuntu/Desktop/inmind/session6/Anthony-Moundalak-ROS2-Assignment-Session6/ros2ws/build/warehouse_robot/build/lib/warehouse_robot
[1.468s] copying warehouse_robot/stock_checker_service_server.py -> /home/anthonyubuntu/Desktop/inmind/session6/Anthony-Moundalak-ROS2-Assignment-Session6/ros2ws/build/warehouse_robot/build/lib/warehouse_robot
[1.468s] running install
[1.468s] running install_lib
[1.469s] creating /home/anthonyubuntu/Desktop/inmind/session6/Anthony-Moundalak-ROS2-Assignment-Session6/ros2ws/install/warehouse_robot/lib/python3.10/site-packages/warehouse_robot
[1.469s] copying /home/anthonyubuntu/Desktop/inmind/session6/Anthony-Moundalak-ROS2-Assignment-Session6/ros2ws/build/warehouse_robot/build/lib/warehouse_robot/__init__.py -> /home/anthonyubuntu/Desktop/inmind/session6/Anthony-Moundalak-ROS2-Assignment-Session6/ros2ws/install/warehouse_robot/lib/python3.10/site-packages/warehouse_robot
[1.469s] copying /home/anthonyubuntu/Desktop/inmind/session6/Anthony-Moundalak-ROS2-Assignment-Session6/ros2ws/build/warehouse_robot/build/lib/warehouse_robot/item_delivery_action_server.py -> /home/anthonyubuntu/Desktop/inmind/session6/Anthony-Moundalak-ROS2-Assignment-Session6/ros2ws/install/warehouse_robot/lib/python3.10/site-packages/warehouse_robot
[1.470s] copying /home/anthonyubuntu/Desktop/inmind/session6/Anthony-Moundalak-ROS2-Assignment-Session6/ros2ws/build/warehouse_robot/build/lib/warehouse_robot/item_delivery_action_client.py -> /home/anthonyubuntu/Desktop/inmind/session6/Anthony-Moundalak-ROS2-Assignment-Session6/ros2ws/install/warehouse_robot/lib/python3.10/site-packages/warehouse_robot
[1.470s] copying /home/anthonyubuntu/Desktop/inmind/session6/Anthony-Moundalak-ROS2-Assignment-Session6/ros2ws/build/warehouse_robot/build/lib/warehouse_robot/stock_checker_service_client.py -> /home/anthonyubuntu/Desktop/inmind/session6/Anthony-Moundalak-ROS2-Assignment-Session6/ros2ws/install/warehouse_robot/lib/python3.10/site-packages/warehouse_robot
[1.470s] copying /home/anthonyubuntu/Desktop/inmind/session6/Anthony-Moundalak-ROS2-Assignment-Session6/ros2ws/build/warehouse_robot/build/lib/warehouse_robot/stock_checker_service_server.py -> /home/anthonyubuntu/Desktop/inmind/session6/Anthony-Moundalak-ROS2-Assignment-Session6/ros2ws/install/warehouse_robot/lib/python3.10/site-packages/warehouse_robot
[1.470s] byte-compiling /home/anthonyubuntu/Desktop/inmind/session6/Anthony-Moundalak-ROS2-Assignment-Session6/ros2ws/install/warehouse_robot/lib/python3.10/site-packages/warehouse_robot/__init__.py to __init__.cpython-310.pyc
[1.471s] byte-compiling /home/anthonyubuntu/Desktop/inmind/session6/Anthony-Moundalak-ROS2-Assignment-Session6/ros2ws/install/warehouse_robot/lib/python3.10/site-packages/warehouse_robot/item_delivery_action_server.py to item_delivery_action_server.cpython-310.pyc
[1.471s] byte-compiling /home/anthonyubuntu/Desktop/inmind/session6/Anthony-Moundalak-ROS2-Assignment-Session6/ros2ws/install/warehouse_robot/lib/python3.10/site-packages/warehouse_robot/item_delivery_action_client.py to item_delivery_action_client.cpython-310.pyc
[1.472s] byte-compiling /home/anthonyubuntu/Desktop/inmind/session6/Anthony-Moundalak-ROS2-Assignment-Session6/ros2ws/install/warehouse_robot/lib/python3.10/site-packages/warehouse_robot/stock_checker_service_client.py to stock_checker_service_client.cpython-310.pyc
[1.473s] byte-compiling /home/anthonyubuntu/Desktop/inmind/session6/Anthony-Moundalak-ROS2-Assignment-Session6/ros2ws/install/warehouse_robot/lib/python3.10/site-packages/warehouse_robot/stock_checker_service_server.py to stock_checker_service_server.cpython-310.pyc
[1.473s] running install_data
[1.473s] creating /home/anthonyubuntu/Desktop/inmind/session6/Anthony-Moundalak-ROS2-Assignment-Session6/ros2ws/install/warehouse_robot/share/ament_index
[1.474s] creating /home/anthonyubuntu/Desktop/inmind/session6/Anthony-Moundalak-ROS2-Assignment-Session6/ros2ws/install/warehouse_robot/share/ament_index/resource_index
[1.474s] creating /home/anthonyubuntu/Desktop/inmind/session6/Anthony-Moundalak-ROS2-Assignment-Session6/ros2ws/install/warehouse_robot/share/ament_index/resource_index/packages
[1.474s] copying resource/warehouse_robot -> /home/anthonyubuntu/Desktop/inmind/session6/Anthony-Moundalak-ROS2-Assignment-Session6/ros2ws/install/warehouse_robot/share/ament_index/resource_index/packages
[1.474s] copying package.xml -> /home/anthonyubuntu/Desktop/inmind/session6/Anthony-Moundalak-ROS2-Assignment-Session6/ros2ws/install/warehouse_robot/share/warehouse_robot
[1.474s] creating /home/anthonyubuntu/Desktop/inmind/session6/Anthony-Moundalak-ROS2-Assignment-Session6/ros2ws/install/warehouse_robot/share/warehouse_robot/launch
[1.474s] copying launch/warehouse_robot_launch.py -> /home/anthonyubuntu/Desktop/inmind/session6/Anthony-Moundalak-ROS2-Assignment-Session6/ros2ws/install/warehouse_robot/share/warehouse_robot/launch
[1.474s] running install_egg_info
[1.476s] Copying ../../build/warehouse_robot/warehouse_robot.egg-info to /home/anthonyubuntu/Desktop/inmind/session6/Anthony-Moundalak-ROS2-Assignment-Session6/ros2ws/install/warehouse_robot/lib/python3.10/site-packages/warehouse_robot-0.0.0-py3.10.egg-info
[1.477s] running install_scripts
[1.499s] Installing item_delivery_action_client script to /home/anthonyubuntu/Desktop/inmind/session6/Anthony-Moundalak-ROS2-Assignment-Session6/ros2ws/install/warehouse_robot/lib/warehouse_robot
[1.499s] Installing item_delivery_action_server script to /home/anthonyubuntu/Desktop/inmind/session6/Anthony-Moundalak-ROS2-Assignment-Session6/ros2ws/install/warehouse_robot/lib/warehouse_robot
[1.499s] Installing stock_checker_service_client script to /home/anthonyubuntu/Desktop/inmind/session6/Anthony-Moundalak-ROS2-Assignment-Session6/ros2ws/install/warehouse_robot/lib/warehouse_robot
[1.500s] Installing stock_checker_service_server script to /home/anthonyubuntu/Desktop/inmind/session6/Anthony-Moundalak-ROS2-Assignment-Session6/ros2ws/install/warehouse_robot/lib/warehouse_robot
[1.500s] writing list of installed files to '/home/anthonyubuntu/Desktop/inmind/session6/Anthony-Moundalak-ROS2-Assignment-Session6/ros2ws/build/warehouse_robot/install.log'
[1.530s] Invoked command in '/home/anthonyubuntu/Desktop/inmind/session6/Anthony-Moundalak-ROS2-Assignment-Session6/ros2ws/src/warehouse_robot' returned '0': AMENT_PREFIX_PATH=/home/anthonyubuntu/Desktop/inmind/session6/Anthony-Moundalak-ROS2-Assignment-Session6/ros2ws/install/my_interface:${AMENT_PREFIX_PATH} CMAKE_PREFIX_PATH=/home/anthonyubuntu/Desktop/inmind/session6/Anthony-Moundalak-ROS2-Assignment-Session6/ros2ws/install/my_interface LD_LIBRARY_PATH=/home/anthonyubuntu/Desktop/inmind/session6/Anthony-Moundalak-ROS2-Assignment-Session6/ros2ws/install/my_interface/lib:${LD_LIBRARY_PATH} PYTHONPATH=/home/anthonyubuntu/Desktop/inmind/session6/Anthony-Moundalak-ROS2-Assignment-Session6/ros2ws/build/warehouse_robot/prefix_override:/usr/lib/python3/dist-packages/colcon_core/task/python/colcon_distutils_commands:/home/anthonyubuntu/Desktop/inmind/session6/Anthony-Moundalak-ROS2-Assignment-Session6/ros2ws/install/warehouse_robot/lib/python3.10/site-packages:/home/anthonyubuntu/Desktop/inmind/session6/Anthony-Moundalak-ROS2-Assignment-Session6/ros2ws/install/my_interface/local/lib/python3.10/dist-packages:${PYTHONPATH} /usr/bin/python3 -W ignore:setup.py install is deprecated setup.py egg_info --egg-base ../../build/warehouse_robot build --build-base /home/anthonyubuntu/Desktop/inmind/session6/Anthony-Moundalak-ROS2-Assignment-Session6/ros2ws/build/warehouse_robot/build install --record /home/anthonyubuntu/Desktop/inmind/session6/Anthony-Moundalak-ROS2-Assignment-Session6/ros2ws/build/warehouse_robot/install.log --single-version-externally-managed install_data
