[0.025s] Invoking command in '/home/anthonyubuntu/Desktop/inmind/session6/Anthony-Moundalak-ROS2-Assignment-Session6/ros2ws/build/my_interface': CMAKE_PREFIX_PATH=/opt/ros/humble /usr/bin/cmake /home/anthonyubuntu/Desktop/inmind/session6/Anthony-Moundalak-ROS2-Assignment-Session6/ros2ws/src/my_interface -DCMAKE_INSTALL_PREFIX=/home/anthonyubuntu/Desktop/inmind/session6/Anthony-Moundalak-ROS2-Assignment-Session6/ros2ws/install/my_interface
[2.286s] -- The C compiler identification is GNU 11.4.0
[3.462s] -- The CXX compiler identification is GNU 11.4.0
[3.515s] -- Detecting C compiler ABI info
[3.861s] -- Detecting C compiler ABI info - done
[3.868s] -- Check for working C compiler: /usr/bin/cc - skipped
[3.869s] -- Detecting C compile features
[3.883s] -- Detecting C compile features - done
[3.894s] -- Detecting CXX compiler ABI info
[4.114s] -- Detecting CXX compiler ABI info - done
[4.122s] -- Check for working CXX compiler: /usr/bin/c++ - skipped
[4.123s] -- Detecting CXX compile features
[4.123s] -- Detecting CXX compile features - done
[4.197s] -- Found ament_cmake: 1.3.9 (/opt/ros/humble/share/ament_cmake/cmake)
[4.493s] -- Found Python3: /usr/bin/python3 (found version "3.10.12") found components: Interpreter 
[4.817s] -- Found ament_lint_auto: 0.12.11 (/opt/ros/humble/share/ament_lint_auto/cmake)
[5.056s] -- Found rosidl_default_generators: 1.2.0 (/opt/ros/humble/share/rosidl_default_generators/cmake)
[5.091s] -- Using all available rosidl_typesupport_c: rosidl_typesupport_fastrtps_c;rosidl_typesupport_introspection_c
[5.135s] -- Found rosidl_adapter: 3.1.5 (/opt/ros/humble/share/rosidl_adapter/cmake)
[5.263s] -- Using all available rosidl_typesupport_cpp: rosidl_typesupport_fastrtps_cpp;rosidl_typesupport_introspection_cpp
[5.844s] -- Found ament_cmake_ros: 0.10.0 (/opt/ros/humble/share/ament_cmake_ros/cmake)
[6.088s] -- Using all available rosidl_typesupport_c: rosidl_typesupport_fastrtps_c;rosidl_typesupport_introspection_c
[6.376s] -- Using all available rosidl_typesupport_cpp: rosidl_typesupport_fastrtps_cpp;rosidl_typesupport_introspection_cpp
[6.405s] -- Found PythonInterp: /usr/bin/python3 (found suitable version "3.10.12", minimum required is "3.6") 
[6.410s] -- Found python_cmake_module: 0.10.0 (/opt/ros/humble/share/python_cmake_module/cmake)
[6.531s] -- Found PythonLibs: /usr/lib/x86_64-linux-gnu/libpython3.10.so (found suitable version "3.10.12", minimum required is "3.5") 
[6.531s] -- Using PYTHON_EXECUTABLE: /usr/bin/python3
[6.531s] -- Using PYTHON_INCLUDE_DIRS: /usr/include/python3.10
[6.531s] -- Using PYTHON_LIBRARIES: /usr/lib/x86_64-linux-gnu/libpython3.10.so
[6.557s] -- Found PythonExtra: .so  
[6.647s] -- Added test 'lint_cmake' to check CMake code style
[6.659s] -- Added test 'xmllint' to check XML markup files
[6.678s] -- Configuring done
[6.799s] -- Generating done
[6.820s] -- Build files have been written to: /home/anthonyubuntu/Desktop/inmind/session6/Anthony-Moundalak-ROS2-Assignment-Session6/ros2ws/build/my_interface
[6.832s] Invoked command in '/home/anthonyubuntu/Desktop/inmind/session6/Anthony-Moundalak-ROS2-Assignment-Session6/ros2ws/build/my_interface' returned '0': CMAKE_PREFIX_PATH=/opt/ros/humble /usr/bin/cmake /home/anthonyubuntu/Desktop/inmind/session6/Anthony-Moundalak-ROS2-Assignment-Session6/ros2ws/src/my_interface -DCMAKE_INSTALL_PREFIX=/home/anthonyubuntu/Desktop/inmind/session6/Anthony-Moundalak-ROS2-Assignment-Session6/ros2ws/install/my_interface
[6.834s] Invoking command in '/home/anthonyubuntu/Desktop/inmind/session6/Anthony-Moundalak-ROS2-Assignment-Session6/ros2ws/build/my_interface': CMAKE_PREFIX_PATH=/opt/ros/humble /usr/bin/cmake --build /home/anthonyubuntu/Desktop/inmind/session6/Anthony-Moundalak-ROS2-Assignment-Session6/ros2ws/build/my_interface -- -j4 -l4
[6.893s] [  2%] [34m[1mGenerating C code for ROS interfaces[0m
[6.902s] [  5%] [34m[1mGenerating C++ code for ROS interfaces[0m
[6.909s] [  5%] Built target ament_cmake_python_copy_my_interface
[7.761s] running egg_info
[7.762s] creating my_interface.egg-info
[7.763s] writing my_interface.egg-info/PKG-INFO
[7.763s] writing dependency_links to my_interface.egg-info/dependency_links.txt
[7.764s] writing top-level names to my_interface.egg-info/top_level.txt
[7.764s] writing manifest file 'my_interface.egg-info/SOURCES.txt'
[7.781s] reading manifest file 'my_interface.egg-info/SOURCES.txt'
[7.782s] writing manifest file 'my_interface.egg-info/SOURCES.txt'
[7.814s] [  5%] Built target ament_cmake_python_build_my_interface_egg
[7.931s] [  5%] Built target my_interface__cpp
[7.941s] [  7%] [34m[1mGenerating C++ type support dispatch for ROS interfaces[0m
[7.949s] [ 12%] [34m[1mGenerating C++ introspection for ROS interfaces[0m
[7.949s] [ 12%] [34m[1mGenerating C++ type support for eProsima Fast-RTPS[0m
[7.960s] [ 15%] [32mBuilding C object CMakeFiles/my_interface__rosidl_generator_c.dir/rosidl_generator_c/my_interface/action/detail/deliver_item__functions.c.o[0m
[8.368s] [ 17%] [32mBuilding CXX object CMakeFiles/my_interface__rosidl_typesupport_cpp.dir/rosidl_typesupport_cpp/my_interface/action/deliver_item__type_support.cpp.o[0m
[8.421s] [ 20%] [32mBuilding CXX object CMakeFiles/my_interface__rosidl_typesupport_introspection_cpp.dir/rosidl_typesupport_introspection_cpp/my_interface/action/detail/deliver_item__type_support.cpp.o[0m
[8.503s] [ 23%] [32mBuilding CXX object CMakeFiles/my_interface__rosidl_typesupport_fastrtps_cpp.dir/rosidl_typesupport_fastrtps_cpp/my_interface/action/detail/dds_fastrtps/deliver_item__type_support.cpp.o[0m
[8.782s] [ 25%] [32mBuilding C object CMakeFiles/my_interface__rosidl_generator_c.dir/rosidl_generator_c/my_interface/srv/detail/check_stock__functions.c.o[0m
[8.904s] [ 28%] [32m[1mLinking C shared library libmy_interface__rosidl_generator_c.so[0m
[8.987s] [ 28%] Built target my_interface__rosidl_generator_c
[9.001s] [ 30%] [34m[1mGenerating C type support for eProsima Fast-RTPS[0m
[9.963s] [ 33%] [32mBuilding CXX object CMakeFiles/my_interface__rosidl_typesupport_fastrtps_c.dir/rosidl_typesupport_fastrtps_c/my_interface/action/detail/deliver_item__type_support_c.cpp.o[0m
[23.344s] [ 35%] [32mBuilding CXX object CMakeFiles/my_interface__rosidl_typesupport_cpp.dir/rosidl_typesupport_cpp/my_interface/srv/check_stock__type_support.cpp.o[0m
[23.354s] [ 38%] [32mBuilding CXX object CMakeFiles/my_interface__rosidl_typesupport_fastrtps_c.dir/rosidl_typesupport_fastrtps_c/my_interface/srv/detail/check_stock__type_support_c.cpp.o[0m
[23.493s] [ 41%] [32mBuilding CXX object CMakeFiles/my_interface__rosidl_typesupport_introspection_cpp.dir/rosidl_typesupport_introspection_cpp/my_interface/srv/detail/check_stock__type_support.cpp.o[0m
[23.507s] [ 43%] [32mBuilding CXX object CMakeFiles/my_interface__rosidl_typesupport_fastrtps_cpp.dir/rosidl_typesupport_fastrtps_cpp/my_interface/srv/detail/dds_fastrtps/check_stock__type_support.cpp.o[0m
[23.709s] [ 46%] [32m[1mLinking CXX shared library libmy_interface__rosidl_typesupport_cpp.so[0m
[23.818s] [ 46%] Built target my_interface__rosidl_typesupport_cpp
[23.835s] [ 48%] [34m[1mGenerating C introspection for ROS interfaces[0m
[23.896s] [ 51%] [32m[1mLinking CXX shared library libmy_interface__rosidl_typesupport_fastrtps_c.so[0m
[24.033s] [ 53%] [32m[1mLinking CXX shared library libmy_interface__rosidl_typesupport_introspection_cpp.so[0m
[24.067s] [ 56%] [32m[1mLinking CXX shared library libmy_interface__rosidl_typesupport_fastrtps_cpp.so[0m
[24.067s] [ 56%] Built target my_interface__rosidl_typesupport_fastrtps_c
[24.079s] [ 58%] [34m[1mGenerating C type support dispatch for ROS interfaces[0m
[24.164s] [ 58%] Built target my_interface__rosidl_typesupport_introspection_cpp
[24.203s] [ 58%] Built target my_interface__rosidl_typesupport_fastrtps_cpp
[24.443s] [ 64%] [32mBuilding C object CMakeFiles/my_interface__rosidl_typesupport_introspection_c.dir/rosidl_typesupport_introspection_c/my_interface/srv/detail/check_stock__type_support.c.o[0m
[24.443s] [ 64%] [32mBuilding C object CMakeFiles/my_interface__rosidl_typesupport_introspection_c.dir/rosidl_typesupport_introspection_c/my_interface/action/detail/deliver_item__type_support.c.o[0m
[24.477s] [ 66%] [32mBuilding CXX object CMakeFiles/my_interface__rosidl_typesupport_c.dir/rosidl_typesupport_c/my_interface/srv/check_stock__type_support.cpp.o[0m
[24.479s] [ 69%] [32mBuilding CXX object CMakeFiles/my_interface__rosidl_typesupport_c.dir/rosidl_typesupport_c/my_interface/action/deliver_item__type_support.cpp.o[0m
[24.504s] [ 71%] [32m[1mLinking C shared library libmy_interface__rosidl_typesupport_introspection_c.so[0m
[24.544s] [ 71%] Built target my_interface__rosidl_typesupport_introspection_c
[24.567s] [ 74%] [32m[1mLinking CXX shared library libmy_interface__rosidl_typesupport_c.so[0m
[24.615s] [ 74%] Built target my_interface__rosidl_typesupport_c
[24.635s] [ 74%] Built target my_interface
[24.658s] [ 76%] [34m[1mGenerating Python code for ROS interfaces[0m
[25.623s] [ 76%] Built target my_interface__py
[25.644s] [ 82%] [32mBuilding C object CMakeFiles/my_interface__rosidl_generator_py.dir/rosidl_generator_py/my_interface/action/_deliver_item_s.c.o[0m
[25.644s] [ 82%] [32mBuilding C object CMakeFiles/my_interface__rosidl_generator_py.dir/rosidl_generator_py/my_interface/srv/_check_stock_s.c.o[0m
[26.348s] [ 84%] [32m[1mLinking C shared library rosidl_generator_py/my_interface/libmy_interface__rosidl_generator_py.so[0m
[26.428s] [ 84%] Built target my_interface__rosidl_generator_py
[26.450s] [ 92%] [32mBuilding C object CMakeFiles/my_interface__rosidl_typesupport_introspection_c__pyext.dir/rosidl_generator_py/my_interface/_my_interface_s.ep.rosidl_typesupport_introspection_c.c.o[0m
[26.450s] [ 92%] [32mBuilding C object CMakeFiles/my_interface__rosidl_typesupport_c__pyext.dir/rosidl_generator_py/my_interface/_my_interface_s.ep.rosidl_typesupport_c.c.o[0m
[26.450s] [ 92%] [32mBuilding C object CMakeFiles/my_interface__rosidl_typesupport_fastrtps_c__pyext.dir/rosidl_generator_py/my_interface/_my_interface_s.ep.rosidl_typesupport_fastrtps_c.c.o[0m
[26.583s] [ 94%] [32m[1mLinking C shared library rosidl_generator_py/my_interface/my_interface_s__rosidl_typesupport_introspection_c.cpython-310-x86_64-linux-gnu.so[0m
[26.583s] [ 97%] [32m[1mLinking C shared library rosidl_generator_py/my_interface/my_interface_s__rosidl_typesupport_c.cpython-310-x86_64-linux-gnu.so[0m
[26.586s] [100%] [32m[1mLinking C shared library rosidl_generator_py/my_interface/my_interface_s__rosidl_typesupport_fastrtps_c.cpython-310-x86_64-linux-gnu.so[0m
[26.626s] [100%] Built target my_interface__rosidl_typesupport_c__pyext
[26.627s] [100%] Built target my_interface__rosidl_typesupport_introspection_c__pyext
[26.629s] [100%] Built target my_interface__rosidl_typesupport_fastrtps_c__pyext
[26.641s] Invoked command in '/home/anthonyubuntu/Desktop/inmind/session6/Anthony-Moundalak-ROS2-Assignment-Session6/ros2ws/build/my_interface' returned '0': CMAKE_PREFIX_PATH=/opt/ros/humble /usr/bin/cmake --build /home/anthonyubuntu/Desktop/inmind/session6/Anthony-Moundalak-ROS2-Assignment-Session6/ros2ws/build/my_interface -- -j4 -l4
[26.739s] Invoking command in '/home/anthonyubuntu/Desktop/inmind/session6/Anthony-Moundalak-ROS2-Assignment-Session6/ros2ws/build/my_interface': CMAKE_PREFIX_PATH=/opt/ros/humble /usr/bin/cmake --install /home/anthonyubuntu/Desktop/inmind/session6/Anthony-Moundalak-ROS2-Assignment-Session6/ros2ws/build/my_interface
[26.747s] -- Install configuration: ""
[26.747s] -- Installing: /home/anthonyubuntu/Desktop/inmind/session6/Anthony-Moundalak-ROS2-Assignment-Session6/ros2ws/install/my_interface/share/ament_index/resource_index/rosidl_interfaces/my_interface
[26.747s] -- Installing: /home/anthonyubuntu/Desktop/inmind/session6/Anthony-Moundalak-ROS2-Assignment-Session6/ros2ws/install/my_interface/include/my_interface/my_interface
[26.748s] -- Installing: /home/anthonyubuntu/Desktop/inmind/session6/Anthony-Moundalak-ROS2-Assignment-Session6/ros2ws/install/my_interface/include/my_interface/my_interface/srv
[26.748s] -- Installing: /home/anthonyubuntu/Desktop/inmind/session6/Anthony-Moundalak-ROS2-Assignment-Session6/ros2ws/install/my_interface/include/my_interface/my_interface/srv/detail
[26.748s] -- Installing: /home/anthonyubuntu/Desktop/inmind/session6/Anthony-Moundalak-ROS2-Assignment-Session6/ros2ws/install/my_interface/include/my_interface/my_interface/srv/detail/check_stock__functions.c
[26.748s] -- Installing: /home/anthonyubuntu/Desktop/inmind/session6/Anthony-Moundalak-ROS2-Assignment-Session6/ros2ws/install/my_interface/include/my_interface/my_interface/srv/detail/check_stock__type_support.h
[26.748s] -- Installing: /home/anthonyubuntu/Desktop/inmind/session6/Anthony-Moundalak-ROS2-Assignment-Session6/ros2ws/install/my_interface/include/my_interface/my_interface/srv/detail/check_stock__struct.h
[26.748s] -- Installing: /home/anthonyubuntu/Desktop/inmind/session6/Anthony-Moundalak-ROS2-Assignment-Session6/ros2ws/install/my_interface/include/my_interface/my_interface/srv/detail/check_stock__functions.h
[26.748s] -- Installing: /home/anthonyubuntu/Desktop/inmind/session6/Anthony-Moundalak-ROS2-Assignment-Session6/ros2ws/install/my_interface/include/my_interface/my_interface/srv/check_stock.h
[26.748s] -- Installing: /home/anthonyubuntu/Desktop/inmind/session6/Anthony-Moundalak-ROS2-Assignment-Session6/ros2ws/install/my_interface/include/my_interface/my_interface/msg
[26.749s] -- Installing: /home/anthonyubuntu/Desktop/inmind/session6/Anthony-Moundalak-ROS2-Assignment-Session6/ros2ws/install/my_interface/include/my_interface/my_interface/msg/rosidl_generator_c__visibility_control.h
[26.749s] -- Installing: /home/anthonyubuntu/Desktop/inmind/session6/Anthony-Moundalak-ROS2-Assignment-Session6/ros2ws/install/my_interface/include/my_interface/my_interface/action
[26.749s] -- Installing: /home/anthonyubuntu/Desktop/inmind/session6/Anthony-Moundalak-ROS2-Assignment-Session6/ros2ws/install/my_interface/include/my_interface/my_interface/action/detail
[26.749s] -- Installing: /home/anthonyubuntu/Desktop/inmind/session6/Anthony-Moundalak-ROS2-Assignment-Session6/ros2ws/install/my_interface/include/my_interface/my_interface/action/detail/deliver_item__type_support.h
[26.749s] -- Installing: /home/anthonyubuntu/Desktop/inmind/session6/Anthony-Moundalak-ROS2-Assignment-Session6/ros2ws/install/my_interface/include/my_interface/my_interface/action/detail/deliver_item__struct.h
[26.749s] -- Installing: /home/anthonyubuntu/Desktop/inmind/session6/Anthony-Moundalak-ROS2-Assignment-Session6/ros2ws/install/my_interface/include/my_interface/my_interface/action/detail/deliver_item__functions.h
[26.749s] -- Installing: /home/anthonyubuntu/Desktop/inmind/session6/Anthony-Moundalak-ROS2-Assignment-Session6/ros2ws/install/my_interface/include/my_interface/my_interface/action/detail/deliver_item__functions.c
[26.749s] -- Installing: /home/anthonyubuntu/Desktop/inmind/session6/Anthony-Moundalak-ROS2-Assignment-Session6/ros2ws/install/my_interface/include/my_interface/my_interface/action/deliver_item.h
[26.749s] -- Installing: /home/anthonyubuntu/Desktop/inmind/session6/Anthony-Moundalak-ROS2-Assignment-Session6/ros2ws/install/my_interface/share/my_interface/environment/library_path.sh
[26.750s] -- Installing: /home/anthonyubuntu/Desktop/inmind/session6/Anthony-Moundalak-ROS2-Assignment-Session6/ros2ws/install/my_interface/share/my_interface/environment/library_path.dsv
[26.750s] -- Installing: /home/anthonyubuntu/Desktop/inmind/session6/Anthony-Moundalak-ROS2-Assignment-Session6/ros2ws/install/my_interface/lib/libmy_interface__rosidl_generator_c.so
[26.750s] -- Set runtime path of "/home/anthonyubuntu/Desktop/inmind/session6/Anthony-Moundalak-ROS2-Assignment-Session6/ros2ws/install/my_interface/lib/libmy_interface__rosidl_generator_c.so" to ""
[26.750s] -- Up-to-date: /home/anthonyubuntu/Desktop/inmind/session6/Anthony-Moundalak-ROS2-Assignment-Session6/ros2ws/install/my_interface/include/my_interface/my_interface
[26.751s] -- Up-to-date: /home/anthonyubuntu/Desktop/inmind/session6/Anthony-Moundalak-ROS2-Assignment-Session6/ros2ws/install/my_interface/include/my_interface/my_interface/srv
[26.751s] -- Up-to-date: /home/anthonyubuntu/Desktop/inmind/session6/Anthony-Moundalak-ROS2-Assignment-Session6/ros2ws/install/my_interface/include/my_interface/my_interface/srv/detail
[26.751s] -- Installing: /home/anthonyubuntu/Desktop/inmind/session6/Anthony-Moundalak-ROS2-Assignment-Session6/ros2ws/install/my_interface/include/my_interface/my_interface/srv/detail/check_stock__rosidl_typesupport_fastrtps_c.h
[26.751s] -- Up-to-date: /home/anthonyubuntu/Desktop/inmind/session6/Anthony-Moundalak-ROS2-Assignment-Session6/ros2ws/install/my_interface/include/my_interface/my_interface/msg
[26.751s] -- Installing: /home/anthonyubuntu/Desktop/inmind/session6/Anthony-Moundalak-ROS2-Assignment-Session6/ros2ws/install/my_interface/include/my_interface/my_interface/msg/rosidl_typesupport_fastrtps_c__visibility_control.h
[26.751s] -- Up-to-date: /home/anthonyubuntu/Desktop/inmind/session6/Anthony-Moundalak-ROS2-Assignment-Session6/ros2ws/install/my_interface/include/my_interface/my_interface/action
[26.751s] -- Up-to-date: /home/anthonyubuntu/Desktop/inmind/session6/Anthony-Moundalak-ROS2-Assignment-Session6/ros2ws/install/my_interface/include/my_interface/my_interface/action/detail
[26.751s] -- Installing: /home/anthonyubuntu/Desktop/inmind/session6/Anthony-Moundalak-ROS2-Assignment-Session6/ros2ws/install/my_interface/include/my_interface/my_interface/action/detail/deliver_item__rosidl_typesupport_fastrtps_c.h
[26.752s] -- Installing: /home/anthonyubuntu/Desktop/inmind/session6/Anthony-Moundalak-ROS2-Assignment-Session6/ros2ws/install/my_interface/lib/libmy_interface__rosidl_typesupport_fastrtps_c.so
[26.752s] -- Set runtime path of "/home/anthonyubuntu/Desktop/inmind/session6/Anthony-Moundalak-ROS2-Assignment-Session6/ros2ws/install/my_interface/lib/libmy_interface__rosidl_typesupport_fastrtps_c.so" to ""
[26.752s] -- Up-to-date: /home/anthonyubuntu/Desktop/inmind/session6/Anthony-Moundalak-ROS2-Assignment-Session6/ros2ws/install/my_interface/include/my_interface/my_interface
[26.752s] -- Up-to-date: /home/anthonyubuntu/Desktop/inmind/session6/Anthony-Moundalak-ROS2-Assignment-Session6/ros2ws/install/my_interface/include/my_interface/my_interface/srv
[26.752s] -- Up-to-date: /home/anthonyubuntu/Desktop/inmind/session6/Anthony-Moundalak-ROS2-Assignment-Session6/ros2ws/install/my_interface/include/my_interface/my_interface/srv/detail
[26.752s] -- Installing: /home/anthonyubuntu/Desktop/inmind/session6/Anthony-Moundalak-ROS2-Assignment-Session6/ros2ws/install/my_interface/include/my_interface/my_interface/srv/detail/check_stock__type_support.c
[26.752s] -- Installing: /home/anthonyubuntu/Desktop/inmind/session6/Anthony-Moundalak-ROS2-Assignment-Session6/ros2ws/install/my_interface/include/my_interface/my_interface/srv/detail/check_stock__rosidl_typesupport_introspection_c.h
[26.753s] -- Up-to-date: /home/anthonyubuntu/Desktop/inmind/session6/Anthony-Moundalak-ROS2-Assignment-Session6/ros2ws/install/my_interface/include/my_interface/my_interface/msg
[26.753s] -- Installing: /home/anthonyubuntu/Desktop/inmind/session6/Anthony-Moundalak-ROS2-Assignment-Session6/ros2ws/install/my_interface/include/my_interface/my_interface/msg/rosidl_typesupport_introspection_c__visibility_control.h
[26.753s] -- Up-to-date: /home/anthonyubuntu/Desktop/inmind/session6/Anthony-Moundalak-ROS2-Assignment-Session6/ros2ws/install/my_interface/include/my_interface/my_interface/action
[26.753s] -- Up-to-date: /home/anthonyubuntu/Desktop/inmind/session6/Anthony-Moundalak-ROS2-Assignment-Session6/ros2ws/install/my_interface/include/my_interface/my_interface/action/detail
[26.753s] -- Installing: /home/anthonyubuntu/Desktop/inmind/session6/Anthony-Moundalak-ROS2-Assignment-Session6/ros2ws/install/my_interface/include/my_interface/my_interface/action/detail/deliver_item__rosidl_typesupport_introspection_c.h
[26.753s] -- Installing: /home/anthonyubuntu/Desktop/inmind/session6/Anthony-Moundalak-ROS2-Assignment-Session6/ros2ws/install/my_interface/include/my_interface/my_interface/action/detail/deliver_item__type_support.c
[26.753s] -- Installing: /home/anthonyubuntu/Desktop/inmind/session6/Anthony-Moundalak-ROS2-Assignment-Session6/ros2ws/install/my_interface/lib/libmy_interface__rosidl_typesupport_introspection_c.so
[26.754s] -- Set runtime path of "/home/anthonyubuntu/Desktop/inmind/session6/Anthony-Moundalak-ROS2-Assignment-Session6/ros2ws/install/my_interface/lib/libmy_interface__rosidl_typesupport_introspection_c.so" to ""
[26.754s] -- Installing: /home/anthonyubuntu/Desktop/inmind/session6/Anthony-Moundalak-ROS2-Assignment-Session6/ros2ws/install/my_interface/lib/libmy_interface__rosidl_typesupport_c.so
[26.754s] -- Set runtime path of "/home/anthonyubuntu/Desktop/inmind/session6/Anthony-Moundalak-ROS2-Assignment-Session6/ros2ws/install/my_interface/lib/libmy_interface__rosidl_typesupport_c.so" to ""
[26.754s] -- Up-to-date: /home/anthonyubuntu/Desktop/inmind/session6/Anthony-Moundalak-ROS2-Assignment-Session6/ros2ws/install/my_interface/include/my_interface/my_interface
[26.754s] -- Up-to-date: /home/anthonyubuntu/Desktop/inmind/session6/Anthony-Moundalak-ROS2-Assignment-Session6/ros2ws/install/my_interface/include/my_interface/my_interface/srv
[26.755s] -- Up-to-date: /home/anthonyubuntu/Desktop/inmind/session6/Anthony-Moundalak-ROS2-Assignment-Session6/ros2ws/install/my_interface/include/my_interface/my_interface/srv/detail
[26.755s] -- Installing: /home/anthonyubuntu/Desktop/inmind/session6/Anthony-Moundalak-ROS2-Assignment-Session6/ros2ws/install/my_interface/include/my_interface/my_interface/srv/detail/check_stock__builder.hpp
[26.755s] -- Installing: /home/anthonyubuntu/Desktop/inmind/session6/Anthony-Moundalak-ROS2-Assignment-Session6/ros2ws/install/my_interface/include/my_interface/my_interface/srv/detail/check_stock__struct.hpp
[26.755s] -- Installing: /home/anthonyubuntu/Desktop/inmind/session6/Anthony-Moundalak-ROS2-Assignment-Session6/ros2ws/install/my_interface/include/my_interface/my_interface/srv/detail/check_stock__traits.hpp
[26.755s] -- Installing: /home/anthonyubuntu/Desktop/inmind/session6/Anthony-Moundalak-ROS2-Assignment-Session6/ros2ws/install/my_interface/include/my_interface/my_interface/srv/check_stock.hpp
[26.755s] -- Up-to-date: /home/anthonyubuntu/Desktop/inmind/session6/Anthony-Moundalak-ROS2-Assignment-Session6/ros2ws/install/my_interface/include/my_interface/my_interface/action
[26.755s] -- Installing: /home/anthonyubuntu/Desktop/inmind/session6/Anthony-Moundalak-ROS2-Assignment-Session6/ros2ws/install/my_interface/include/my_interface/my_interface/action/deliver_item.hpp
[26.755s] -- Up-to-date: /home/anthonyubuntu/Desktop/inmind/session6/Anthony-Moundalak-ROS2-Assignment-Session6/ros2ws/install/my_interface/include/my_interface/my_interface/action/detail
[26.756s] -- Installing: /home/anthonyubuntu/Desktop/inmind/session6/Anthony-Moundalak-ROS2-Assignment-Session6/ros2ws/install/my_interface/include/my_interface/my_interface/action/detail/deliver_item__struct.hpp
[26.756s] -- Installing: /home/anthonyubuntu/Desktop/inmind/session6/Anthony-Moundalak-ROS2-Assignment-Session6/ros2ws/install/my_interface/include/my_interface/my_interface/action/detail/deliver_item__builder.hpp
[26.756s] -- Installing: /home/anthonyubuntu/Desktop/inmind/session6/Anthony-Moundalak-ROS2-Assignment-Session6/ros2ws/install/my_interface/include/my_interface/my_interface/action/detail/deliver_item__traits.hpp
[26.756s] -- Up-to-date: /home/anthonyubuntu/Desktop/inmind/session6/Anthony-Moundalak-ROS2-Assignment-Session6/ros2ws/install/my_interface/include/my_interface/my_interface
[26.756s] -- Up-to-date: /home/anthonyubuntu/Desktop/inmind/session6/Anthony-Moundalak-ROS2-Assignment-Session6/ros2ws/install/my_interface/include/my_interface/my_interface/srv
[26.756s] -- Up-to-date: /home/anthonyubuntu/Desktop/inmind/session6/Anthony-Moundalak-ROS2-Assignment-Session6/ros2ws/install/my_interface/include/my_interface/my_interface/srv/detail
[26.756s] -- Installing: /home/anthonyubuntu/Desktop/inmind/session6/Anthony-Moundalak-ROS2-Assignment-Session6/ros2ws/install/my_interface/include/my_interface/my_interface/srv/detail/check_stock__rosidl_typesupport_fastrtps_cpp.hpp
[26.756s] -- Installing: /home/anthonyubuntu/Desktop/inmind/session6/Anthony-Moundalak-ROS2-Assignment-Session6/ros2ws/install/my_interface/include/my_interface/my_interface/srv/detail/dds_fastrtps
[26.757s] -- Up-to-date: /home/anthonyubuntu/Desktop/inmind/session6/Anthony-Moundalak-ROS2-Assignment-Session6/ros2ws/install/my_interface/include/my_interface/my_interface/msg
[26.757s] -- Installing: /home/anthonyubuntu/Desktop/inmind/session6/Anthony-Moundalak-ROS2-Assignment-Session6/ros2ws/install/my_interface/include/my_interface/my_interface/msg/rosidl_typesupport_fastrtps_cpp__visibility_control.h
[26.757s] -- Up-to-date: /home/anthonyubuntu/Desktop/inmind/session6/Anthony-Moundalak-ROS2-Assignment-Session6/ros2ws/install/my_interface/include/my_interface/my_interface/action
[26.757s] -- Up-to-date: /home/anthonyubuntu/Desktop/inmind/session6/Anthony-Moundalak-ROS2-Assignment-Session6/ros2ws/install/my_interface/include/my_interface/my_interface/action/detail
[26.757s] -- Installing: /home/anthonyubuntu/Desktop/inmind/session6/Anthony-Moundalak-ROS2-Assignment-Session6/ros2ws/install/my_interface/include/my_interface/my_interface/action/detail/deliver_item__rosidl_typesupport_fastrtps_cpp.hpp
[26.757s] -- Installing: /home/anthonyubuntu/Desktop/inmind/session6/Anthony-Moundalak-ROS2-Assignment-Session6/ros2ws/install/my_interface/include/my_interface/my_interface/action/detail/dds_fastrtps
[26.757s] -- Installing: /home/anthonyubuntu/Desktop/inmind/session6/Anthony-Moundalak-ROS2-Assignment-Session6/ros2ws/install/my_interface/lib/libmy_interface__rosidl_typesupport_fastrtps_cpp.so
[26.757s] -- Set runtime path of "/home/anthonyubuntu/Desktop/inmind/session6/Anthony-Moundalak-ROS2-Assignment-Session6/ros2ws/install/my_interface/lib/libmy_interface__rosidl_typesupport_fastrtps_cpp.so" to ""
[26.758s] -- Up-to-date: /home/anthonyubuntu/Desktop/inmind/session6/Anthony-Moundalak-ROS2-Assignment-Session6/ros2ws/install/my_interface/include/my_interface/my_interface
[26.758s] -- Up-to-date: /home/anthonyubuntu/Desktop/inmind/session6/Anthony-Moundalak-ROS2-Assignment-Session6/ros2ws/install/my_interface/include/my_interface/my_interface/srv
[26.758s] -- Up-to-date: /home/anthonyubuntu/Desktop/inmind/session6/Anthony-Moundalak-ROS2-Assignment-Session6/ros2ws/install/my_interface/include/my_interface/my_interface/srv/detail
[26.758s] -- Installing: /home/anthonyubuntu/Desktop/inmind/session6/Anthony-Moundalak-ROS2-Assignment-Session6/ros2ws/install/my_interface/include/my_interface/my_interface/srv/detail/check_stock__type_support.cpp
[26.758s] -- Installing: /home/anthonyubuntu/Desktop/inmind/session6/Anthony-Moundalak-ROS2-Assignment-Session6/ros2ws/install/my_interface/include/my_interface/my_interface/srv/detail/check_stock__rosidl_typesupport_introspection_cpp.hpp
[26.758s] -- Up-to-date: /home/anthonyubuntu/Desktop/inmind/session6/Anthony-Moundalak-ROS2-Assignment-Session6/ros2ws/install/my_interface/include/my_interface/my_interface/action
[26.758s] -- Up-to-date: /home/anthonyubuntu/Desktop/inmind/session6/Anthony-Moundalak-ROS2-Assignment-Session6/ros2ws/install/my_interface/include/my_interface/my_interface/action/detail
[26.759s] -- Installing: /home/anthonyubuntu/Desktop/inmind/session6/Anthony-Moundalak-ROS2-Assignment-Session6/ros2ws/install/my_interface/include/my_interface/my_interface/action/detail/deliver_item__rosidl_typesupport_introspection_cpp.hpp
[26.759s] -- Installing: /home/anthonyubuntu/Desktop/inmind/session6/Anthony-Moundalak-ROS2-Assignment-Session6/ros2ws/install/my_interface/include/my_interface/my_interface/action/detail/deliver_item__type_support.cpp
[26.759s] -- Installing: /home/anthonyubuntu/Desktop/inmind/session6/Anthony-Moundalak-ROS2-Assignment-Session6/ros2ws/install/my_interface/lib/libmy_interface__rosidl_typesupport_introspection_cpp.so
[26.759s] -- Set runtime path of "/home/anthonyubuntu/Desktop/inmind/session6/Anthony-Moundalak-ROS2-Assignment-Session6/ros2ws/install/my_interface/lib/libmy_interface__rosidl_typesupport_introspection_cpp.so" to ""
[26.759s] -- Installing: /home/anthonyubuntu/Desktop/inmind/session6/Anthony-Moundalak-ROS2-Assignment-Session6/ros2ws/install/my_interface/lib/libmy_interface__rosidl_typesupport_cpp.so
[26.759s] -- Set runtime path of "/home/anthonyubuntu/Desktop/inmind/session6/Anthony-Moundalak-ROS2-Assignment-Session6/ros2ws/install/my_interface/lib/libmy_interface__rosidl_typesupport_cpp.so" to ""
[26.759s] -- Installing: /home/anthonyubuntu/Desktop/inmind/session6/Anthony-Moundalak-ROS2-Assignment-Session6/ros2ws/install/my_interface/share/my_interface/environment/pythonpath.sh
[26.759s] -- Installing: /home/anthonyubuntu/Desktop/inmind/session6/Anthony-Moundalak-ROS2-Assignment-Session6/ros2ws/install/my_interface/share/my_interface/environment/pythonpath.dsv
[26.759s] -- Installing: /home/anthonyubuntu/Desktop/inmind/session6/Anthony-Moundalak-ROS2-Assignment-Session6/ros2ws/install/my_interface/local/lib/python3.10/dist-packages/my_interface-0.0.0-py3.10.egg-info
[26.759s] -- Installing: /home/anthonyubuntu/Desktop/inmind/session6/Anthony-Moundalak-ROS2-Assignment-Session6/ros2ws/install/my_interface/local/lib/python3.10/dist-packages/my_interface-0.0.0-py3.10.egg-info/dependency_links.txt
[26.760s] -- Installing: /home/anthonyubuntu/Desktop/inmind/session6/Anthony-Moundalak-ROS2-Assignment-Session6/ros2ws/install/my_interface/local/lib/python3.10/dist-packages/my_interface-0.0.0-py3.10.egg-info/top_level.txt
[26.760s] -- Installing: /home/anthonyubuntu/Desktop/inmind/session6/Anthony-Moundalak-ROS2-Assignment-Session6/ros2ws/install/my_interface/local/lib/python3.10/dist-packages/my_interface-0.0.0-py3.10.egg-info/PKG-INFO
[26.760s] -- Installing: /home/anthonyubuntu/Desktop/inmind/session6/Anthony-Moundalak-ROS2-Assignment-Session6/ros2ws/install/my_interface/local/lib/python3.10/dist-packages/my_interface-0.0.0-py3.10.egg-info/SOURCES.txt
[26.760s] -- Installing: /home/anthonyubuntu/Desktop/inmind/session6/Anthony-Moundalak-ROS2-Assignment-Session6/ros2ws/install/my_interface/local/lib/python3.10/dist-packages/my_interface
[26.760s] -- Installing: /home/anthonyubuntu/Desktop/inmind/session6/Anthony-Moundalak-ROS2-Assignment-Session6/ros2ws/install/my_interface/local/lib/python3.10/dist-packages/my_interface/__init__.py
[26.760s] -- Installing: /home/anthonyubuntu/Desktop/inmind/session6/Anthony-Moundalak-ROS2-Assignment-Session6/ros2ws/install/my_interface/local/lib/python3.10/dist-packages/my_interface/srv
[26.760s] -- Installing: /home/anthonyubuntu/Desktop/inmind/session6/Anthony-Moundalak-ROS2-Assignment-Session6/ros2ws/install/my_interface/local/lib/python3.10/dist-packages/my_interface/srv/__init__.py
[26.760s] -- Installing: /home/anthonyubuntu/Desktop/inmind/session6/Anthony-Moundalak-ROS2-Assignment-Session6/ros2ws/install/my_interface/local/lib/python3.10/dist-packages/my_interface/srv/_check_stock.py
[26.760s] -- Installing: /home/anthonyubuntu/Desktop/inmind/session6/Anthony-Moundalak-ROS2-Assignment-Session6/ros2ws/install/my_interface/local/lib/python3.10/dist-packages/my_interface/srv/_check_stock_s.c
[26.760s] -- Installing: /home/anthonyubuntu/Desktop/inmind/session6/Anthony-Moundalak-ROS2-Assignment-Session6/ros2ws/install/my_interface/local/lib/python3.10/dist-packages/my_interface/my_interface_s__rosidl_typesupport_fastrtps_c.cpython-310-x86_64-linux-gnu.so
[26.760s] -- Installing: /home/anthonyubuntu/Desktop/inmind/session6/Anthony-Moundalak-ROS2-Assignment-Session6/ros2ws/install/my_interface/local/lib/python3.10/dist-packages/my_interface/my_interface_s__rosidl_typesupport_c.cpython-310-x86_64-linux-gnu.so
[26.761s] -- Installing: /home/anthonyubuntu/Desktop/inmind/session6/Anthony-Moundalak-ROS2-Assignment-Session6/ros2ws/install/my_interface/local/lib/python3.10/dist-packages/my_interface/_my_interface_s.ep.rosidl_typesupport_introspection_c.c
[26.761s] -- Installing: /home/anthonyubuntu/Desktop/inmind/session6/Anthony-Moundalak-ROS2-Assignment-Session6/ros2ws/install/my_interface/local/lib/python3.10/dist-packages/my_interface/libmy_interface__rosidl_generator_py.so
[26.761s] -- Installing: /home/anthonyubuntu/Desktop/inmind/session6/Anthony-Moundalak-ROS2-Assignment-Session6/ros2ws/install/my_interface/local/lib/python3.10/dist-packages/my_interface/my_interface_s__rosidl_typesupport_introspection_c.cpython-310-x86_64-linux-gnu.so
[26.761s] -- Installing: /home/anthonyubuntu/Desktop/inmind/session6/Anthony-Moundalak-ROS2-Assignment-Session6/ros2ws/install/my_interface/local/lib/python3.10/dist-packages/my_interface/_my_interface_s.ep.rosidl_typesupport_c.c
[26.761s] -- Installing: /home/anthonyubuntu/Desktop/inmind/session6/Anthony-Moundalak-ROS2-Assignment-Session6/ros2ws/install/my_interface/local/lib/python3.10/dist-packages/my_interface/_my_interface_s.ep.rosidl_typesupport_fastrtps_c.c
[26.761s] -- Installing: /home/anthonyubuntu/Desktop/inmind/session6/Anthony-Moundalak-ROS2-Assignment-Session6/ros2ws/install/my_interface/local/lib/python3.10/dist-packages/my_interface/action
[26.761s] -- Installing: /home/anthonyubuntu/Desktop/inmind/session6/Anthony-Moundalak-ROS2-Assignment-Session6/ros2ws/install/my_interface/local/lib/python3.10/dist-packages/my_interface/action/__init__.py
[26.761s] -- Installing: /home/anthonyubuntu/Desktop/inmind/session6/Anthony-Moundalak-ROS2-Assignment-Session6/ros2ws/install/my_interface/local/lib/python3.10/dist-packages/my_interface/action/_deliver_item.py
[26.761s] -- Installing: /home/anthonyubuntu/Desktop/inmind/session6/Anthony-Moundalak-ROS2-Assignment-Session6/ros2ws/install/my_interface/local/lib/python3.10/dist-packages/my_interface/action/_deliver_item_s.c
[26.865s] Listing '/home/anthonyubuntu/Desktop/inmind/session6/Anthony-Moundalak-ROS2-Assignment-Session6/ros2ws/install/my_interface/local/lib/python3.10/dist-packages/my_interface'...
[26.865s] Compiling '/home/anthonyubuntu/Desktop/inmind/session6/Anthony-Moundalak-ROS2-Assignment-Session6/ros2ws/install/my_interface/local/lib/python3.10/dist-packages/my_interface/__init__.py'...
[26.865s] Listing '/home/anthonyubuntu/Desktop/inmind/session6/Anthony-Moundalak-ROS2-Assignment-Session6/ros2ws/install/my_interface/local/lib/python3.10/dist-packages/my_interface/action'...
[26.865s] Compiling '/home/anthonyubuntu/Desktop/inmind/session6/Anthony-Moundalak-ROS2-Assignment-Session6/ros2ws/install/my_interface/local/lib/python3.10/dist-packages/my_interface/action/__init__.py'...
[26.865s] Compiling '/home/anthonyubuntu/Desktop/inmind/session6/Anthony-Moundalak-ROS2-Assignment-Session6/ros2ws/install/my_interface/local/lib/python3.10/dist-packages/my_interface/action/_deliver_item.py'...
[26.865s] Listing '/home/anthonyubuntu/Desktop/inmind/session6/Anthony-Moundalak-ROS2-Assignment-Session6/ros2ws/install/my_interface/local/lib/python3.10/dist-packages/my_interface/srv'...
[26.865s] Compiling '/home/anthonyubuntu/Desktop/inmind/session6/Anthony-Moundalak-ROS2-Assignment-Session6/ros2ws/install/my_interface/local/lib/python3.10/dist-packages/my_interface/srv/__init__.py'...
[26.865s] Compiling '/home/anthonyubuntu/Desktop/inmind/session6/Anthony-Moundalak-ROS2-Assignment-Session6/ros2ws/install/my_interface/local/lib/python3.10/dist-packages/my_interface/srv/_check_stock.py'...
[26.874s] -- Installing: /home/anthonyubuntu/Desktop/inmind/session6/Anthony-Moundalak-ROS2-Assignment-Session6/ros2ws/install/my_interface/local/lib/python3.10/dist-packages/my_interface/my_interface_s__rosidl_typesupport_fastrtps_c.cpython-310-x86_64-linux-gnu.so
[26.874s] -- Set runtime path of "/home/anthonyubuntu/Desktop/inmind/session6/Anthony-Moundalak-ROS2-Assignment-Session6/ros2ws/install/my_interface/local/lib/python3.10/dist-packages/my_interface/my_interface_s__rosidl_typesupport_fastrtps_c.cpython-310-x86_64-linux-gnu.so" to ""
[26.874s] -- Installing: /home/anthonyubuntu/Desktop/inmind/session6/Anthony-Moundalak-ROS2-Assignment-Session6/ros2ws/install/my_interface/local/lib/python3.10/dist-packages/my_interface/my_interface_s__rosidl_typesupport_introspection_c.cpython-310-x86_64-linux-gnu.so
[26.874s] -- Set runtime path of "/home/anthonyubuntu/Desktop/inmind/session6/Anthony-Moundalak-ROS2-Assignment-Session6/ros2ws/install/my_interface/local/lib/python3.10/dist-packages/my_interface/my_interface_s__rosidl_typesupport_introspection_c.cpython-310-x86_64-linux-gnu.so" to ""
[26.875s] -- Installing: /home/anthonyubuntu/Desktop/inmind/session6/Anthony-Moundalak-ROS2-Assignment-Session6/ros2ws/install/my_interface/local/lib/python3.10/dist-packages/my_interface/my_interface_s__rosidl_typesupport_c.cpython-310-x86_64-linux-gnu.so
[26.875s] -- Set runtime path of "/home/anthonyubuntu/Desktop/inmind/session6/Anthony-Moundalak-ROS2-Assignment-Session6/ros2ws/install/my_interface/local/lib/python3.10/dist-packages/my_interface/my_interface_s__rosidl_typesupport_c.cpython-310-x86_64-linux-gnu.so" to ""
[26.875s] -- Installing: /home/anthonyubuntu/Desktop/inmind/session6/Anthony-Moundalak-ROS2-Assignment-Session6/ros2ws/install/my_interface/lib/libmy_interface__rosidl_generator_py.so
[26.875s] -- Set runtime path of "/home/anthonyubuntu/Desktop/inmind/session6/Anthony-Moundalak-ROS2-Assignment-Session6/ros2ws/install/my_interface/lib/libmy_interface__rosidl_generator_py.so" to ""
[26.876s] -- Installing: /home/anthonyubuntu/Desktop/inmind/session6/Anthony-Moundalak-ROS2-Assignment-Session6/ros2ws/install/my_interface/share/my_interface/action/DeliverItem.idl
[26.876s] -- Installing: /home/anthonyubuntu/Desktop/inmind/session6/Anthony-Moundalak-ROS2-Assignment-Session6/ros2ws/install/my_interface/share/my_interface/srv/CheckStock.idl
[26.876s] -- Installing: /home/anthonyubuntu/Desktop/inmind/session6/Anthony-Moundalak-ROS2-Assignment-Session6/ros2ws/install/my_interface/share/my_interface/action/DeliverItem.action
[26.876s] -- Installing: /home/anthonyubuntu/Desktop/inmind/session6/Anthony-Moundalak-ROS2-Assignment-Session6/ros2ws/install/my_interface/share/my_interface/srv/CheckStock.srv
[26.876s] -- Installing: /home/anthonyubuntu/Desktop/inmind/session6/Anthony-Moundalak-ROS2-Assignment-Session6/ros2ws/install/my_interface/share/my_interface/srv/CheckStock_Request.msg
[26.876s] -- Installing: /home/anthonyubuntu/Desktop/inmind/session6/Anthony-Moundalak-ROS2-Assignment-Session6/ros2ws/install/my_interface/share/my_interface/srv/CheckStock_Response.msg
[26.876s] -- Installing: /home/anthonyubuntu/Desktop/inmind/session6/Anthony-Moundalak-ROS2-Assignment-Session6/ros2ws/install/my_interface/share/ament_index/resource_index/package_run_dependencies/my_interface
[26.877s] -- Installing: /home/anthonyubuntu/Desktop/inmind/session6/Anthony-Moundalak-ROS2-Assignment-Session6/ros2ws/install/my_interface/share/ament_index/resource_index/parent_prefix_path/my_interface
[26.877s] -- Installing: /home/anthonyubuntu/Desktop/inmind/session6/Anthony-Moundalak-ROS2-Assignment-Session6/ros2ws/install/my_interface/share/my_interface/environment/ament_prefix_path.sh
[26.877s] -- Installing: /home/anthonyubuntu/Desktop/inmind/session6/Anthony-Moundalak-ROS2-Assignment-Session6/ros2ws/install/my_interface/share/my_interface/environment/ament_prefix_path.dsv
[26.877s] -- Installing: /home/anthonyubuntu/Desktop/inmind/session6/Anthony-Moundalak-ROS2-Assignment-Session6/ros2ws/install/my_interface/share/my_interface/environment/path.sh
[26.877s] -- Installing: /home/anthonyubuntu/Desktop/inmind/session6/Anthony-Moundalak-ROS2-Assignment-Session6/ros2ws/install/my_interface/share/my_interface/environment/path.dsv
[26.877s] -- Installing: /home/anthonyubuntu/Desktop/inmind/session6/Anthony-Moundalak-ROS2-Assignment-Session6/ros2ws/install/my_interface/share/my_interface/local_setup.bash
[26.877s] -- Installing: /home/anthonyubuntu/Desktop/inmind/session6/Anthony-Moundalak-ROS2-Assignment-Session6/ros2ws/install/my_interface/share/my_interface/local_setup.sh
[26.878s] -- Installing: /home/anthonyubuntu/Desktop/inmind/session6/Anthony-Moundalak-ROS2-Assignment-Session6/ros2ws/install/my_interface/share/my_interface/local_setup.zsh
[26.878s] -- Installing: /home/anthonyubuntu/Desktop/inmind/session6/Anthony-Moundalak-ROS2-Assignment-Session6/ros2ws/install/my_interface/share/my_interface/local_setup.dsv
[26.878s] -- Installing: /home/anthonyubuntu/Desktop/inmind/session6/Anthony-Moundalak-ROS2-Assignment-Session6/ros2ws/install/my_interface/share/my_interface/package.dsv
[26.878s] -- Installing: /home/anthonyubuntu/Desktop/inmind/session6/Anthony-Moundalak-ROS2-Assignment-Session6/ros2ws/install/my_interface/share/ament_index/resource_index/packages/my_interface
[26.878s] -- Installing: /home/anthonyubuntu/Desktop/inmind/session6/Anthony-Moundalak-ROS2-Assignment-Session6/ros2ws/install/my_interface/share/my_interface/cmake/export_my_interface__rosidl_generator_cExport.cmake
[26.879s] -- Installing: /home/anthonyubuntu/Desktop/inmind/session6/Anthony-Moundalak-ROS2-Assignment-Session6/ros2ws/install/my_interface/share/my_interface/cmake/export_my_interface__rosidl_generator_cExport-noconfig.cmake
[26.879s] -- Installing: /home/anthonyubuntu/Desktop/inmind/session6/Anthony-Moundalak-ROS2-Assignment-Session6/ros2ws/install/my_interface/share/my_interface/cmake/export_my_interface__rosidl_typesupport_fastrtps_cExport.cmake
[26.879s] -- Installing: /home/anthonyubuntu/Desktop/inmind/session6/Anthony-Moundalak-ROS2-Assignment-Session6/ros2ws/install/my_interface/share/my_interface/cmake/export_my_interface__rosidl_typesupport_fastrtps_cExport-noconfig.cmake
[26.879s] -- Installing: /home/anthonyubuntu/Desktop/inmind/session6/Anthony-Moundalak-ROS2-Assignment-Session6/ros2ws/install/my_interface/share/my_interface/cmake/my_interface__rosidl_typesupport_introspection_cExport.cmake
[26.879s] -- Installing: /home/anthonyubuntu/Desktop/inmind/session6/Anthony-Moundalak-ROS2-Assignment-Session6/ros2ws/install/my_interface/share/my_interface/cmake/my_interface__rosidl_typesupport_introspection_cExport-noconfig.cmake
[26.879s] -- Installing: /home/anthonyubuntu/Desktop/inmind/session6/Anthony-Moundalak-ROS2-Assignment-Session6/ros2ws/install/my_interface/share/my_interface/cmake/my_interface__rosidl_typesupport_cExport.cmake
[26.879s] -- Installing: /home/anthonyubuntu/Desktop/inmind/session6/Anthony-Moundalak-ROS2-Assignment-Session6/ros2ws/install/my_interface/share/my_interface/cmake/my_interface__rosidl_typesupport_cExport-noconfig.cmake
[26.880s] -- Installing: /home/anthonyubuntu/Desktop/inmind/session6/Anthony-Moundalak-ROS2-Assignment-Session6/ros2ws/install/my_interface/share/my_interface/cmake/export_my_interface__rosidl_generator_cppExport.cmake
[26.880s] -- Installing: /home/anthonyubuntu/Desktop/inmind/session6/Anthony-Moundalak-ROS2-Assignment-Session6/ros2ws/install/my_interface/share/my_interface/cmake/export_my_interface__rosidl_typesupport_fastrtps_cppExport.cmake
[26.880s] -- Installing: /home/anthonyubuntu/Desktop/inmind/session6/Anthony-Moundalak-ROS2-Assignment-Session6/ros2ws/install/my_interface/share/my_interface/cmake/export_my_interface__rosidl_typesupport_fastrtps_cppExport-noconfig.cmake
[26.880s] -- Installing: /home/anthonyubuntu/Desktop/inmind/session6/Anthony-Moundalak-ROS2-Assignment-Session6/ros2ws/install/my_interface/share/my_interface/cmake/my_interface__rosidl_typesupport_introspection_cppExport.cmake
[26.880s] -- Installing: /home/anthonyubuntu/Desktop/inmind/session6/Anthony-Moundalak-ROS2-Assignment-Session6/ros2ws/install/my_interface/share/my_interface/cmake/my_interface__rosidl_typesupport_introspection_cppExport-noconfig.cmake
[26.881s] -- Installing: /home/anthonyubuntu/Desktop/inmind/session6/Anthony-Moundalak-ROS2-Assignment-Session6/ros2ws/install/my_interface/share/my_interface/cmake/my_interface__rosidl_typesupport_cppExport.cmake
[26.881s] -- Installing: /home/anthonyubuntu/Desktop/inmind/session6/Anthony-Moundalak-ROS2-Assignment-Session6/ros2ws/install/my_interface/share/my_interface/cmake/my_interface__rosidl_typesupport_cppExport-noconfig.cmake
[26.881s] -- Installing: /home/anthonyubuntu/Desktop/inmind/session6/Anthony-Moundalak-ROS2-Assignment-Session6/ros2ws/install/my_interface/share/my_interface/cmake/export_my_interface__rosidl_generator_pyExport.cmake
[26.881s] -- Installing: /home/anthonyubuntu/Desktop/inmind/session6/Anthony-Moundalak-ROS2-Assignment-Session6/ros2ws/install/my_interface/share/my_interface/cmake/export_my_interface__rosidl_generator_pyExport-noconfig.cmake
[26.881s] -- Installing: /home/anthonyubuntu/Desktop/inmind/session6/Anthony-Moundalak-ROS2-Assignment-Session6/ros2ws/install/my_interface/share/my_interface/cmake/rosidl_cmake-extras.cmake
[26.881s] -- Installing: /home/anthonyubuntu/Desktop/inmind/session6/Anthony-Moundalak-ROS2-Assignment-Session6/ros2ws/install/my_interface/share/my_interface/cmake/ament_cmake_export_dependencies-extras.cmake
[26.881s] -- Installing: /home/anthonyubuntu/Desktop/inmind/session6/Anthony-Moundalak-ROS2-Assignment-Session6/ros2ws/install/my_interface/share/my_interface/cmake/ament_cmake_export_include_directories-extras.cmake
[26.882s] -- Installing: /home/anthonyubuntu/Desktop/inmind/session6/Anthony-Moundalak-ROS2-Assignment-Session6/ros2ws/install/my_interface/share/my_interface/cmake/ament_cmake_export_libraries-extras.cmake
[26.882s] -- Installing: /home/anthonyubuntu/Desktop/inmind/session6/Anthony-Moundalak-ROS2-Assignment-Session6/ros2ws/install/my_interface/share/my_interface/cmake/ament_cmake_export_targets-extras.cmake
[26.882s] -- Installing: /home/anthonyubuntu/Desktop/inmind/session6/Anthony-Moundalak-ROS2-Assignment-Session6/ros2ws/install/my_interface/share/my_interface/cmake/rosidl_cmake_export_typesupport_targets-extras.cmake
[26.882s] -- Installing: /home/anthonyubuntu/Desktop/inmind/session6/Anthony-Moundalak-ROS2-Assignment-Session6/ros2ws/install/my_interface/share/my_interface/cmake/rosidl_cmake_export_typesupport_libraries-extras.cmake
[26.882s] -- Installing: /home/anthonyubuntu/Desktop/inmind/session6/Anthony-Moundalak-ROS2-Assignment-Session6/ros2ws/install/my_interface/share/my_interface/cmake/my_interfaceConfig.cmake
[26.882s] -- Installing: /home/anthonyubuntu/Desktop/inmind/session6/Anthony-Moundalak-ROS2-Assignment-Session6/ros2ws/install/my_interface/share/my_interface/cmake/my_interfaceConfig-version.cmake
[26.882s] -- Installing: /home/anthonyubuntu/Desktop/inmind/session6/Anthony-Moundalak-ROS2-Assignment-Session6/ros2ws/install/my_interface/share/my_interface/package.xml
[26.885s] Invoked command in '/home/anthonyubuntu/Desktop/inmind/session6/Anthony-Moundalak-ROS2-Assignment-Session6/ros2ws/build/my_interface' returned '0': CMAKE_PREFIX_PATH=/opt/ros/humble /usr/bin/cmake --install /home/anthonyubuntu/Desktop/inmind/session6/Anthony-Moundalak-ROS2-Assignment-Session6/ros2ws/build/my_interface
