[0.212s] DEBUG:colcon:Command line arguments: ['/usr/bin/colcon', 'build']
[0.212s] DEBUG:colcon:Parsed command line arguments: Namespace(log_base=None, log_level=None, verb_name='build', build_base='build', install_base='install', merge_install=False, symlink_install=False, test_result_base=None, continue_on_error=False, executor='parallel', parallel_workers=4, event_handlers=None, ignore_user_meta=False, metas=['./colcon.meta'], base_paths=['.'], packages_ignore=None, packages_ignore_regex=None, paths=None, packages_up_to=None, packages_up_to_regex=None, packages_above=None, packages_above_and_dependencies=None, packages_above_depth=None, packages_select_by_dep=None, packages_skip_by_dep=None, packages_skip_up_to=None, packages_select_build_failed=False, packages_skip_build_finished=False, packages_select_test_failures=False, packages_skip_test_passed=False, packages_select=None, packages_skip=None, packages_select_regex=None, packages_skip_regex=None, packages_start=None, packages_end=None, allow_overriding=[], cmake_args=None, cmake_target=None, cmake_target_skip_unavailable=False, cmake_clean_cache=False, cmake_clean_first=False, cmake_force_configure=False, ament_cmake_args=None, catkin_cmake_args=None, catkin_skip_building_tests=False, mixin_files=None, mixin=None, verb_parser=<colcon_mixin.mixin.mixin_argument.MixinArgumentDecorator object at 0x718a52f423b0>, verb_extension=<colcon_core.verb.build.BuildVerb object at 0x718a530be620>, main=<bound method BuildVerb.main of <colcon_core.verb.build.BuildVerb object at 0x718a530be620>>, mixin_verb=('build',))
[0.381s] Level 1:colcon.colcon_core.package_discovery:discover_packages(colcon_meta) check parameters
[0.381s] Level 1:colcon.colcon_core.package_discovery:discover_packages(recursive) check parameters
[0.381s] Level 1:colcon.colcon_core.package_discovery:discover_packages(ignore) check parameters
[0.381s] Level 1:colcon.colcon_core.package_discovery:discover_packages(path) check parameters
[0.381s] Level 1:colcon.colcon_core.package_discovery:discover_packages(colcon_meta) discover
[0.381s] Level 1:colcon.colcon_core.package_discovery:discover_packages(recursive) discover
[0.381s] INFO:colcon.colcon_core.package_discovery:Crawling recursively for packages in '/home/anthonyubuntu/Desktop/inmind/session6/Anthony-Moundalak-ROS2-Assignment-Session6/ros2ws'
[0.382s] Level 1:colcon.colcon_core.package_identification:_identify(.) by extensions ['ignore', 'ignore_ament_install']
[0.382s] Level 1:colcon.colcon_core.package_identification:_identify(.) by extension 'ignore'
[0.382s] Level 1:colcon.colcon_core.package_identification:_identify(.) by extension 'ignore_ament_install'
[0.382s] Level 1:colcon.colcon_core.package_identification:_identify(.) by extensions ['colcon_pkg']
[0.382s] Level 1:colcon.colcon_core.package_identification:_identify(.) by extension 'colcon_pkg'
[0.382s] Level 1:colcon.colcon_core.package_identification:_identify(.) by extensions ['colcon_meta']
[0.382s] Level 1:colcon.colcon_core.package_identification:_identify(.) by extension 'colcon_meta'
[0.382s] Level 1:colcon.colcon_core.package_identification:_identify(.) by extensions ['ros']
[0.382s] Level 1:colcon.colcon_core.package_identification:_identify(.) by extension 'ros'
[0.394s] Level 1:colcon.colcon_core.package_identification:_identify(.) by extensions ['cmake', 'python']
[0.394s] Level 1:colcon.colcon_core.package_identification:_identify(.) by extension 'cmake'
[0.394s] Level 1:colcon.colcon_core.package_identification:_identify(.) by extension 'python'
[0.394s] Level 1:colcon.colcon_core.package_identification:_identify(.) by extensions ['python_setup_py']
[0.394s] Level 1:colcon.colcon_core.package_identification:_identify(.) by extension 'python_setup_py'
[0.394s] Level 1:colcon.colcon_core.package_identification:_identify(build) by extensions ['ignore', 'ignore_ament_install']
[0.394s] Level 1:colcon.colcon_core.package_identification:_identify(build) by extension 'ignore'
[0.395s] Level 1:colcon.colcon_core.package_identification:_identify(build) ignored
[0.395s] Level 1:colcon.colcon_core.package_identification:_identify(install) by extensions ['ignore', 'ignore_ament_install']
[0.395s] Level 1:colcon.colcon_core.package_identification:_identify(install) by extension 'ignore'
[0.395s] Level 1:colcon.colcon_core.package_identification:_identify(install) ignored
[0.395s] Level 1:colcon.colcon_core.package_identification:_identify(log) by extensions ['ignore', 'ignore_ament_install']
[0.395s] Level 1:colcon.colcon_core.package_identification:_identify(log) by extension 'ignore'
[0.395s] Level 1:colcon.colcon_core.package_identification:_identify(log) ignored
[0.395s] Level 1:colcon.colcon_core.package_identification:_identify(src) by extensions ['ignore', 'ignore_ament_install']
[0.395s] Level 1:colcon.colcon_core.package_identification:_identify(src) by extension 'ignore'
[0.395s] Level 1:colcon.colcon_core.package_identification:_identify(src) by extension 'ignore_ament_install'
[0.395s] Level 1:colcon.colcon_core.package_identification:_identify(src) by extensions ['colcon_pkg']
[0.395s] Level 1:colcon.colcon_core.package_identification:_identify(src) by extension 'colcon_pkg'
[0.395s] Level 1:colcon.colcon_core.package_identification:_identify(src) by extensions ['colcon_meta']
[0.395s] Level 1:colcon.colcon_core.package_identification:_identify(src) by extension 'colcon_meta'
[0.396s] Level 1:colcon.colcon_core.package_identification:_identify(src) by extensions ['ros']
[0.396s] Level 1:colcon.colcon_core.package_identification:_identify(src) by extension 'ros'
[0.396s] Level 1:colcon.colcon_core.package_identification:_identify(src) by extensions ['cmake', 'python']
[0.396s] Level 1:colcon.colcon_core.package_identification:_identify(src) by extension 'cmake'
[0.396s] Level 1:colcon.colcon_core.package_identification:_identify(src) by extension 'python'
[0.396s] Level 1:colcon.colcon_core.package_identification:_identify(src) by extensions ['python_setup_py']
[0.396s] Level 1:colcon.colcon_core.package_identification:_identify(src) by extension 'python_setup_py'
[0.396s] Level 1:colcon.colcon_core.package_identification:_identify(src/my_interface) by extensions ['ignore', 'ignore_ament_install']
[0.396s] Level 1:colcon.colcon_core.package_identification:_identify(src/my_interface) by extension 'ignore'
[0.396s] Level 1:colcon.colcon_core.package_identification:_identify(src/my_interface) by extension 'ignore_ament_install'
[0.396s] Level 1:colcon.colcon_core.package_identification:_identify(src/my_interface) by extensions ['colcon_pkg']
[0.396s] Level 1:colcon.colcon_core.package_identification:_identify(src/my_interface) by extension 'colcon_pkg'
[0.396s] Level 1:colcon.colcon_core.package_identification:_identify(src/my_interface) by extensions ['colcon_meta']
[0.396s] Level 1:colcon.colcon_core.package_identification:_identify(src/my_interface) by extension 'colcon_meta'
[0.396s] Level 1:colcon.colcon_core.package_identification:_identify(src/my_interface) by extensions ['ros']
[0.396s] Level 1:colcon.colcon_core.package_identification:_identify(src/my_interface) by extension 'ros'
[0.399s] DEBUG:colcon.colcon_core.package_identification:Package 'src/my_interface' with type 'ros.ament_cmake' and name 'my_interface'
[0.399s] Level 1:colcon.colcon_core.package_identification:_identify(src/warehouse_robot) by extensions ['ignore', 'ignore_ament_install']
[0.399s] Level 1:colcon.colcon_core.package_identification:_identify(src/warehouse_robot) by extension 'ignore'
[0.399s] Level 1:colcon.colcon_core.package_identification:_identify(src/warehouse_robot) by extension 'ignore_ament_install'
[0.399s] Level 1:colcon.colcon_core.package_identification:_identify(src/warehouse_robot) by extensions ['colcon_pkg']
[0.399s] Level 1:colcon.colcon_core.package_identification:_identify(src/warehouse_robot) by extension 'colcon_pkg'
[0.399s] Level 1:colcon.colcon_core.package_identification:_identify(src/warehouse_robot) by extensions ['colcon_meta']
[0.399s] Level 1:colcon.colcon_core.package_identification:_identify(src/warehouse_robot) by extension 'colcon_meta'
[0.399s] Level 1:colcon.colcon_core.package_identification:_identify(src/warehouse_robot) by extensions ['ros']
[0.399s] Level 1:colcon.colcon_core.package_identification:_identify(src/warehouse_robot) by extension 'ros'
[0.400s] DEBUG:colcon.colcon_core.package_identification:Package 'src/warehouse_robot' with type 'ros.ament_python' and name 'warehouse_robot'
[0.400s] Level 1:colcon.colcon_core.package_discovery:discover_packages(recursive) using defaults
[0.400s] Level 1:colcon.colcon_core.package_discovery:discover_packages(ignore) discover
[0.400s] Level 1:colcon.colcon_core.package_discovery:discover_packages(ignore) using defaults
[0.400s] Level 1:colcon.colcon_core.package_discovery:discover_packages(path) discover
[0.400s] Level 1:colcon.colcon_core.package_discovery:discover_packages(path) using defaults
[0.420s] Level 1:colcon.colcon_core.package_discovery:discover_packages(prefix_path) check parameters
[0.420s] Level 1:colcon.colcon_core.package_discovery:discover_packages(prefix_path) discover
[0.422s] DEBUG:colcon.colcon_installed_package_information.package_discovery:Found 2 installed packages in /home/anthonyubuntu/Desktop/inmind/session6/Anthony-Moundalak-ROS2-Assignment-Session6/ros2ws/install
[0.423s] DEBUG:colcon.colcon_installed_package_information.package_discovery:Found 270 installed packages in /opt/ros/humble
[0.426s] Level 1:colcon.colcon_core.package_discovery:discover_packages(prefix_path) using defaults
[0.476s] Level 5:colcon.colcon_core.verb:set package 'my_interface' build argument 'cmake_args' from command line to 'None'
[0.476s] Level 5:colcon.colcon_core.verb:set package 'my_interface' build argument 'cmake_target' from command line to 'None'
[0.476s] Level 5:colcon.colcon_core.verb:set package 'my_interface' build argument 'cmake_target_skip_unavailable' from command line to 'False'
[0.476s] Level 5:colcon.colcon_core.verb:set package 'my_interface' build argument 'cmake_clean_cache' from command line to 'False'
[0.476s] Level 5:colcon.colcon_core.verb:set package 'my_interface' build argument 'cmake_clean_first' from command line to 'False'
[0.476s] Level 5:colcon.colcon_core.verb:set package 'my_interface' build argument 'cmake_force_configure' from command line to 'False'
[0.476s] Level 5:colcon.colcon_core.verb:set package 'my_interface' build argument 'ament_cmake_args' from command line to 'None'
[0.476s] Level 5:colcon.colcon_core.verb:set package 'my_interface' build argument 'catkin_cmake_args' from command line to 'None'
[0.476s] Level 5:colcon.colcon_core.verb:set package 'my_interface' build argument 'catkin_skip_building_tests' from command line to 'False'
[0.476s] DEBUG:colcon.colcon_core.verb:Building package 'my_interface' with the following arguments: {'ament_cmake_args': None, 'build_base': '/home/anthonyubuntu/Desktop/inmind/session6/Anthony-Moundalak-ROS2-Assignment-Session6/ros2ws/build/my_interface', 'catkin_cmake_args': None, 'catkin_skip_building_tests': False, 'cmake_args': None, 'cmake_clean_cache': False, 'cmake_clean_first': False, 'cmake_force_configure': False, 'cmake_target': None, 'cmake_target_skip_unavailable': False, 'install_base': '/home/anthonyubuntu/Desktop/inmind/session6/Anthony-Moundalak-ROS2-Assignment-Session6/ros2ws/install/my_interface', 'merge_install': False, 'path': '/home/anthonyubuntu/Desktop/inmind/session6/Anthony-Moundalak-ROS2-Assignment-Session6/ros2ws/src/my_interface', 'symlink_install': False, 'test_result_base': None}
[0.476s] Level 5:colcon.colcon_core.verb:set package 'warehouse_robot' build argument 'cmake_args' from command line to 'None'
[0.476s] Level 5:colcon.colcon_core.verb:set package 'warehouse_robot' build argument 'cmake_target' from command line to 'None'
[0.476s] Level 5:colcon.colcon_core.verb:set package 'warehouse_robot' build argument 'cmake_target_skip_unavailable' from command line to 'False'
[0.476s] Level 5:colcon.colcon_core.verb:set package 'warehouse_robot' build argument 'cmake_clean_cache' from command line to 'False'
[0.476s] Level 5:colcon.colcon_core.verb:set package 'warehouse_robot' build argument 'cmake_clean_first' from command line to 'False'
[0.476s] Level 5:colcon.colcon_core.verb:set package 'warehouse_robot' build argument 'cmake_force_configure' from command line to 'False'
[0.476s] Level 5:colcon.colcon_core.verb:set package 'warehouse_robot' build argument 'ament_cmake_args' from command line to 'None'
[0.477s] Level 5:colcon.colcon_core.verb:set package 'warehouse_robot' build argument 'catkin_cmake_args' from command line to 'None'
[0.477s] Level 5:colcon.colcon_core.verb:set package 'warehouse_robot' build argument 'catkin_skip_building_tests' from command line to 'False'
[0.477s] DEBUG:colcon.colcon_core.verb:Building package 'warehouse_robot' with the following arguments: {'ament_cmake_args': None, 'build_base': '/home/anthonyubuntu/Desktop/inmind/session6/Anthony-Moundalak-ROS2-Assignment-Session6/ros2ws/build/warehouse_robot', 'catkin_cmake_args': None, 'catkin_skip_building_tests': False, 'cmake_args': None, 'cmake_clean_cache': False, 'cmake_clean_first': False, 'cmake_force_configure': False, 'cmake_target': None, 'cmake_target_skip_unavailable': False, 'install_base': '/home/anthonyubuntu/Desktop/inmind/session6/Anthony-Moundalak-ROS2-Assignment-Session6/ros2ws/install/warehouse_robot', 'merge_install': False, 'path': '/home/anthonyubuntu/Desktop/inmind/session6/Anthony-Moundalak-ROS2-Assignment-Session6/ros2ws/src/warehouse_robot', 'symlink_install': False, 'test_result_base': None}
[0.477s] INFO:colcon.colcon_core.executor:Executing jobs using 'parallel' executor
[0.478s] DEBUG:colcon.colcon_parallel_executor.executor.parallel:run_until_complete
[0.478s] INFO:colcon.colcon_ros.task.ament_cmake.build:Building ROS package in '/home/anthonyubuntu/Desktop/inmind/session6/Anthony-Moundalak-ROS2-Assignment-Session6/ros2ws/src/my_interface' with build type 'ament_cmake'
[0.478s] INFO:colcon.colcon_cmake.task.cmake.build:Building CMake package in '/home/anthonyubuntu/Desktop/inmind/session6/Anthony-Moundalak-ROS2-Assignment-Session6/ros2ws/src/my_interface'
[0.481s] INFO:colcon.colcon_core.plugin_system:Skipping extension 'colcon_core.shell.bat': Not used on non-Windows systems
[0.481s] INFO:colcon.colcon_core.shell:Skip shell extension 'powershell' for command environment: Not usable outside of PowerShell
[0.481s] DEBUG:colcon.colcon_core.shell:Skip shell extension 'dsv' for command environment
[0.494s] DEBUG:colcon.colcon_core.event_handler.log_command:Invoking command in '/home/anthonyubuntu/Desktop/inmind/session6/Anthony-Moundalak-ROS2-Assignment-Session6/ros2ws/build/my_interface': CMAKE_PREFIX_PATH=${CMAKE_PREFIX_PATH}:/home/anthonyubuntu/Desktop/inmind/session6/Anthony-Moundalak-ROS2-Assignment-Session6/ros2ws/install/warehouse_robot:/opt/ros/humble /usr/bin/cmake --build /home/anthonyubuntu/Desktop/inmind/session6/Anthony-Moundalak-ROS2-Assignment-Session6/ros2ws/build/my_interface -- -j4 -l4
[0.926s] DEBUG:colcon.colcon_core.event_handler.log_command:Invoked command in '/home/anthonyubuntu/Desktop/inmind/session6/Anthony-Moundalak-ROS2-Assignment-Session6/ros2ws/build/my_interface' returned '0': CMAKE_PREFIX_PATH=${CMAKE_PREFIX_PATH}:/home/anthonyubuntu/Desktop/inmind/session6/Anthony-Moundalak-ROS2-Assignment-Session6/ros2ws/install/warehouse_robot:/opt/ros/humble /usr/bin/cmake --build /home/anthonyubuntu/Desktop/inmind/session6/Anthony-Moundalak-ROS2-Assignment-Session6/ros2ws/build/my_interface -- -j4 -l4
[1.030s] DEBUG:colcon.colcon_core.event_handler.log_command:Invoking command in '/home/anthonyubuntu/Desktop/inmind/session6/Anthony-Moundalak-ROS2-Assignment-Session6/ros2ws/build/my_interface': CMAKE_PREFIX_PATH=${CMAKE_PREFIX_PATH}:/home/anthonyubuntu/Desktop/inmind/session6/Anthony-Moundalak-ROS2-Assignment-Session6/ros2ws/install/warehouse_robot:/opt/ros/humble /usr/bin/cmake --install /home/anthonyubuntu/Desktop/inmind/session6/Anthony-Moundalak-ROS2-Assignment-Session6/ros2ws/build/my_interface
[1.088s] Level 1:colcon.colcon_core.environment:create_environment_scripts_only(my_interface)
[1.089s] DEBUG:colcon.colcon_core.event_handler.log_command:Invoked command in '/home/anthonyubuntu/Desktop/inmind/session6/Anthony-Moundalak-ROS2-Assignment-Session6/ros2ws/build/my_interface' returned '0': CMAKE_PREFIX_PATH=${CMAKE_PREFIX_PATH}:/home/anthonyubuntu/Desktop/inmind/session6/Anthony-Moundalak-ROS2-Assignment-Session6/ros2ws/install/warehouse_robot:/opt/ros/humble /usr/bin/cmake --install /home/anthonyubuntu/Desktop/inmind/session6/Anthony-Moundalak-ROS2-Assignment-Session6/ros2ws/build/my_interface
[1.091s] Level 1:colcon.colcon_core.environment:checking '/home/anthonyubuntu/Desktop/inmind/session6/Anthony-Moundalak-ROS2-Assignment-Session6/ros2ws/install/my_interface' for CMake module files
[1.091s] Level 1:colcon.colcon_core.environment:checking '/home/anthonyubuntu/Desktop/inmind/session6/Anthony-Moundalak-ROS2-Assignment-Session6/ros2ws/install/my_interface' for CMake config files
[1.092s] Level 1:colcon.colcon_core.shell:create_environment_hook('my_interface', 'cmake_prefix_path')
[1.092s] INFO:colcon.colcon_core.shell:Creating environment hook '/home/anthonyubuntu/Desktop/inmind/session6/Anthony-Moundalak-ROS2-Assignment-Session6/ros2ws/install/my_interface/share/my_interface/hook/cmake_prefix_path.ps1'
[1.093s] INFO:colcon.colcon_core.shell:Creating environment descriptor '/home/anthonyubuntu/Desktop/inmind/session6/Anthony-Moundalak-ROS2-Assignment-Session6/ros2ws/install/my_interface/share/my_interface/hook/cmake_prefix_path.dsv'
[1.093s] INFO:colcon.colcon_core.shell:Creating environment hook '/home/anthonyubuntu/Desktop/inmind/session6/Anthony-Moundalak-ROS2-Assignment-Session6/ros2ws/install/my_interface/share/my_interface/hook/cmake_prefix_path.sh'
[1.094s] Level 1:colcon.colcon_core.environment:checking '/home/anthonyubuntu/Desktop/inmind/session6/Anthony-Moundalak-ROS2-Assignment-Session6/ros2ws/install/my_interface/lib'
[1.095s] Level 1:colcon.colcon_core.shell:create_environment_hook('my_interface', 'ld_library_path_lib')
[1.095s] INFO:colcon.colcon_core.shell:Creating environment hook '/home/anthonyubuntu/Desktop/inmind/session6/Anthony-Moundalak-ROS2-Assignment-Session6/ros2ws/install/my_interface/share/my_interface/hook/ld_library_path_lib.ps1'
[1.095s] INFO:colcon.colcon_core.shell:Creating environment descriptor '/home/anthonyubuntu/Desktop/inmind/session6/Anthony-Moundalak-ROS2-Assignment-Session6/ros2ws/install/my_interface/share/my_interface/hook/ld_library_path_lib.dsv'
[1.096s] INFO:colcon.colcon_core.shell:Creating environment hook '/home/anthonyubuntu/Desktop/inmind/session6/Anthony-Moundalak-ROS2-Assignment-Session6/ros2ws/install/my_interface/share/my_interface/hook/ld_library_path_lib.sh'
[1.096s] Level 1:colcon.colcon_core.environment:checking '/home/anthonyubuntu/Desktop/inmind/session6/Anthony-Moundalak-ROS2-Assignment-Session6/ros2ws/install/my_interface/bin'
[1.096s] Level 1:colcon.colcon_core.environment:checking '/home/anthonyubuntu/Desktop/inmind/session6/Anthony-Moundalak-ROS2-Assignment-Session6/ros2ws/install/my_interface/lib/pkgconfig/my_interface.pc'
[1.097s] Level 1:colcon.colcon_core.environment:checking '/home/anthonyubuntu/Desktop/inmind/session6/Anthony-Moundalak-ROS2-Assignment-Session6/ros2ws/install/my_interface/lib/python3.10/site-packages'
[1.097s] Level 1:colcon.colcon_core.environment:checking '/home/anthonyubuntu/Desktop/inmind/session6/Anthony-Moundalak-ROS2-Assignment-Session6/ros2ws/install/my_interface/bin'
[1.097s] INFO:colcon.colcon_core.shell:Creating package script '/home/anthonyubuntu/Desktop/inmind/session6/Anthony-Moundalak-ROS2-Assignment-Session6/ros2ws/install/my_interface/share/my_interface/package.ps1'
[1.098s] INFO:colcon.colcon_core.shell:Creating package descriptor '/home/anthonyubuntu/Desktop/inmind/session6/Anthony-Moundalak-ROS2-Assignment-Session6/ros2ws/install/my_interface/share/my_interface/package.dsv'
[1.099s] INFO:colcon.colcon_core.shell:Creating package script '/home/anthonyubuntu/Desktop/inmind/session6/Anthony-Moundalak-ROS2-Assignment-Session6/ros2ws/install/my_interface/share/my_interface/package.sh'
[1.100s] INFO:colcon.colcon_core.shell:Creating package script '/home/anthonyubuntu/Desktop/inmind/session6/Anthony-Moundalak-ROS2-Assignment-Session6/ros2ws/install/my_interface/share/my_interface/package.bash'
[1.101s] INFO:colcon.colcon_core.shell:Creating package script '/home/anthonyubuntu/Desktop/inmind/session6/Anthony-Moundalak-ROS2-Assignment-Session6/ros2ws/install/my_interface/share/my_interface/package.zsh'
[1.102s] Level 1:colcon.colcon_core.environment:create_file_with_runtime_dependencies(/home/anthonyubuntu/Desktop/inmind/session6/Anthony-Moundalak-ROS2-Assignment-Session6/ros2ws/install/my_interface/share/colcon-core/packages/my_interface)
[1.199s] Level 1:colcon.colcon_core.environment:create_environment_scripts_only(my_interface)
[1.199s] Level 1:colcon.colcon_core.environment:checking '/home/anthonyubuntu/Desktop/inmind/session6/Anthony-Moundalak-ROS2-Assignment-Session6/ros2ws/install/my_interface' for CMake module files
[1.200s] Level 1:colcon.colcon_core.environment:checking '/home/anthonyubuntu/Desktop/inmind/session6/Anthony-Moundalak-ROS2-Assignment-Session6/ros2ws/install/my_interface' for CMake config files
[1.200s] Level 1:colcon.colcon_core.shell:create_environment_hook('my_interface', 'cmake_prefix_path')
[1.201s] INFO:colcon.colcon_core.shell:Creating environment hook '/home/anthonyubuntu/Desktop/inmind/session6/Anthony-Moundalak-ROS2-Assignment-Session6/ros2ws/install/my_interface/share/my_interface/hook/cmake_prefix_path.ps1'
[1.201s] INFO:colcon.colcon_core.shell:Creating environment descriptor '/home/anthonyubuntu/Desktop/inmind/session6/Anthony-Moundalak-ROS2-Assignment-Session6/ros2ws/install/my_interface/share/my_interface/hook/cmake_prefix_path.dsv'
[1.202s] INFO:colcon.colcon_core.shell:Creating environment hook '/home/anthonyubuntu/Desktop/inmind/session6/Anthony-Moundalak-ROS2-Assignment-Session6/ros2ws/install/my_interface/share/my_interface/hook/cmake_prefix_path.sh'
[1.202s] Level 1:colcon.colcon_core.environment:checking '/home/anthonyubuntu/Desktop/inmind/session6/Anthony-Moundalak-ROS2-Assignment-Session6/ros2ws/install/my_interface/lib'
[1.203s] Level 1:colcon.colcon_core.shell:create_environment_hook('my_interface', 'ld_library_path_lib')
[1.203s] INFO:colcon.colcon_core.shell:Creating environment hook '/home/anthonyubuntu/Desktop/inmind/session6/Anthony-Moundalak-ROS2-Assignment-Session6/ros2ws/install/my_interface/share/my_interface/hook/ld_library_path_lib.ps1'
[1.203s] INFO:colcon.colcon_core.shell:Creating environment descriptor '/home/anthonyubuntu/Desktop/inmind/session6/Anthony-Moundalak-ROS2-Assignment-Session6/ros2ws/install/my_interface/share/my_interface/hook/ld_library_path_lib.dsv'
[1.204s] INFO:colcon.colcon_core.shell:Creating environment hook '/home/anthonyubuntu/Desktop/inmind/session6/Anthony-Moundalak-ROS2-Assignment-Session6/ros2ws/install/my_interface/share/my_interface/hook/ld_library_path_lib.sh'
[1.205s] Level 1:colcon.colcon_core.environment:checking '/home/anthonyubuntu/Desktop/inmind/session6/Anthony-Moundalak-ROS2-Assignment-Session6/ros2ws/install/my_interface/bin'
[1.205s] Level 1:colcon.colcon_core.environment:checking '/home/anthonyubuntu/Desktop/inmind/session6/Anthony-Moundalak-ROS2-Assignment-Session6/ros2ws/install/my_interface/lib/pkgconfig/my_interface.pc'
[1.205s] Level 1:colcon.colcon_core.environment:checking '/home/anthonyubuntu/Desktop/inmind/session6/Anthony-Moundalak-ROS2-Assignment-Session6/ros2ws/install/my_interface/lib/python3.10/site-packages'
[1.205s] Level 1:colcon.colcon_core.environment:checking '/home/anthonyubuntu/Desktop/inmind/session6/Anthony-Moundalak-ROS2-Assignment-Session6/ros2ws/install/my_interface/bin'
[1.206s] INFO:colcon.colcon_core.shell:Creating package script '/home/anthonyubuntu/Desktop/inmind/session6/Anthony-Moundalak-ROS2-Assignment-Session6/ros2ws/install/my_interface/share/my_interface/package.ps1'
[1.206s] INFO:colcon.colcon_core.shell:Creating package descriptor '/home/anthonyubuntu/Desktop/inmind/session6/Anthony-Moundalak-ROS2-Assignment-Session6/ros2ws/install/my_interface/share/my_interface/package.dsv'
[1.208s] INFO:colcon.colcon_core.shell:Creating package script '/home/anthonyubuntu/Desktop/inmind/session6/Anthony-Moundalak-ROS2-Assignment-Session6/ros2ws/install/my_interface/share/my_interface/package.sh'
[1.208s] INFO:colcon.colcon_core.shell:Creating package script '/home/anthonyubuntu/Desktop/inmind/session6/Anthony-Moundalak-ROS2-Assignment-Session6/ros2ws/install/my_interface/share/my_interface/package.bash'
[1.209s] INFO:colcon.colcon_core.shell:Creating package script '/home/anthonyubuntu/Desktop/inmind/session6/Anthony-Moundalak-ROS2-Assignment-Session6/ros2ws/install/my_interface/share/my_interface/package.zsh'
[1.210s] Level 1:colcon.colcon_core.environment:create_file_with_runtime_dependencies(/home/anthonyubuntu/Desktop/inmind/session6/Anthony-Moundalak-ROS2-Assignment-Session6/ros2ws/install/my_interface/share/colcon-core/packages/my_interface)
[1.210s] INFO:colcon.colcon_ros.task.ament_python.build:Building ROS package in '/home/anthonyubuntu/Desktop/inmind/session6/Anthony-Moundalak-ROS2-Assignment-Session6/ros2ws/src/warehouse_robot' with build type 'ament_python'
[1.211s] Level 1:colcon.colcon_core.shell:create_environment_hook('warehouse_robot', 'ament_prefix_path')
[1.211s] INFO:colcon.colcon_core.shell:Creating environment hook '/home/anthonyubuntu/Desktop/inmind/session6/Anthony-Moundalak-ROS2-Assignment-Session6/ros2ws/install/warehouse_robot/share/warehouse_robot/hook/ament_prefix_path.ps1'
[1.212s] INFO:colcon.colcon_core.shell:Creating environment descriptor '/home/anthonyubuntu/Desktop/inmind/session6/Anthony-Moundalak-ROS2-Assignment-Session6/ros2ws/install/warehouse_robot/share/warehouse_robot/hook/ament_prefix_path.dsv'
[1.213s] INFO:colcon.colcon_core.shell:Creating environment hook '/home/anthonyubuntu/Desktop/inmind/session6/Anthony-Moundalak-ROS2-Assignment-Session6/ros2ws/install/warehouse_robot/share/warehouse_robot/hook/ament_prefix_path.sh'
[1.214s] INFO:colcon.colcon_core.shell:Skip shell extension 'powershell' for command environment: Not usable outside of PowerShell
[1.214s] DEBUG:colcon.colcon_core.shell:Skip shell extension 'dsv' for command environment
[1.537s] INFO:colcon.colcon_core.task.python.build:Building Python package in '/home/anthonyubuntu/Desktop/inmind/session6/Anthony-Moundalak-ROS2-Assignment-Session6/ros2ws/src/warehouse_robot'
[1.538s] INFO:colcon.colcon_core.shell:Skip shell extension 'powershell' for command environment: Not usable outside of PowerShell
[1.538s] DEBUG:colcon.colcon_core.shell:Skip shell extension 'dsv' for command environment
[1.919s] DEBUG:colcon.colcon_core.event_handler.log_command:Invoking command in '/home/anthonyubuntu/Desktop/inmind/session6/Anthony-Moundalak-ROS2-Assignment-Session6/ros2ws/src/warehouse_robot': PYTHONPATH=/home/anthonyubuntu/Desktop/inmind/session6/Anthony-Moundalak-ROS2-Assignment-Session6/ros2ws/build/warehouse_robot/prefix_override:/usr/lib/python3/dist-packages/colcon_core/task/python/colcon_distutils_commands:/home/anthonyubuntu/Desktop/inmind/session6/Anthony-Moundalak-ROS2-Assignment-Session6/ros2ws/install/warehouse_robot/lib/python3.10/site-packages:${PYTHONPATH} /usr/bin/python3 -W ignore:setup.py install is deprecated setup.py egg_info --egg-base ../../build/warehouse_robot build --build-base /home/anthonyubuntu/Desktop/inmind/session6/Anthony-Moundalak-ROS2-Assignment-Session6/ros2ws/build/warehouse_robot/build install --record /home/anthonyubuntu/Desktop/inmind/session6/Anthony-Moundalak-ROS2-Assignment-Session6/ros2ws/build/warehouse_robot/install.log --single-version-externally-managed install_data
[2.248s] Level 1:colcon.colcon_core.environment:checking '/home/anthonyubuntu/Desktop/inmind/session6/Anthony-Moundalak-ROS2-Assignment-Session6/ros2ws/install/warehouse_robot' for CMake module files
[2.249s] DEBUG:colcon.colcon_core.event_handler.log_command:Invoked command in '/home/anthonyubuntu/Desktop/inmind/session6/Anthony-Moundalak-ROS2-Assignment-Session6/ros2ws/src/warehouse_robot' returned '0': PYTHONPATH=/home/anthonyubuntu/Desktop/inmind/session6/Anthony-Moundalak-ROS2-Assignment-Session6/ros2ws/build/warehouse_robot/prefix_override:/usr/lib/python3/dist-packages/colcon_core/task/python/colcon_distutils_commands:/home/anthonyubuntu/Desktop/inmind/session6/Anthony-Moundalak-ROS2-Assignment-Session6/ros2ws/install/warehouse_robot/lib/python3.10/site-packages:${PYTHONPATH} /usr/bin/python3 -W ignore:setup.py install is deprecated setup.py egg_info --egg-base ../../build/warehouse_robot build --build-base /home/anthonyubuntu/Desktop/inmind/session6/Anthony-Moundalak-ROS2-Assignment-Session6/ros2ws/build/warehouse_robot/build install --record /home/anthonyubuntu/Desktop/inmind/session6/Anthony-Moundalak-ROS2-Assignment-Session6/ros2ws/build/warehouse_robot/install.log --single-version-externally-managed install_data
[2.250s] Level 1:colcon.colcon_core.environment:checking '/home/anthonyubuntu/Desktop/inmind/session6/Anthony-Moundalak-ROS2-Assignment-Session6/ros2ws/install/warehouse_robot' for CMake config files
[2.250s] Level 1:colcon.colcon_core.environment:checking '/home/anthonyubuntu/Desktop/inmind/session6/Anthony-Moundalak-ROS2-Assignment-Session6/ros2ws/install/warehouse_robot/lib'
[2.250s] Level 1:colcon.colcon_core.environment:checking '/home/anthonyubuntu/Desktop/inmind/session6/Anthony-Moundalak-ROS2-Assignment-Session6/ros2ws/install/warehouse_robot/bin'
[2.251s] Level 1:colcon.colcon_core.environment:checking '/home/anthonyubuntu/Desktop/inmind/session6/Anthony-Moundalak-ROS2-Assignment-Session6/ros2ws/install/warehouse_robot/lib/pkgconfig/warehouse_robot.pc'
[2.251s] Level 1:colcon.colcon_core.environment:checking '/home/anthonyubuntu/Desktop/inmind/session6/Anthony-Moundalak-ROS2-Assignment-Session6/ros2ws/install/warehouse_robot/lib/python3.10/site-packages'
[2.251s] Level 1:colcon.colcon_core.shell:create_environment_hook('warehouse_robot', 'pythonpath')
[2.251s] INFO:colcon.colcon_core.shell:Creating environment hook '/home/anthonyubuntu/Desktop/inmind/session6/Anthony-Moundalak-ROS2-Assignment-Session6/ros2ws/install/warehouse_robot/share/warehouse_robot/hook/pythonpath.ps1'
[2.252s] INFO:colcon.colcon_core.shell:Creating environment descriptor '/home/anthonyubuntu/Desktop/inmind/session6/Anthony-Moundalak-ROS2-Assignment-Session6/ros2ws/install/warehouse_robot/share/warehouse_robot/hook/pythonpath.dsv'
[2.252s] INFO:colcon.colcon_core.shell:Creating environment hook '/home/anthonyubuntu/Desktop/inmind/session6/Anthony-Moundalak-ROS2-Assignment-Session6/ros2ws/install/warehouse_robot/share/warehouse_robot/hook/pythonpath.sh'
[2.253s] Level 1:colcon.colcon_core.environment:checking '/home/anthonyubuntu/Desktop/inmind/session6/Anthony-Moundalak-ROS2-Assignment-Session6/ros2ws/install/warehouse_robot/bin'
[2.253s] Level 1:colcon.colcon_core.environment:create_environment_scripts_only(warehouse_robot)
[2.254s] INFO:colcon.colcon_core.shell:Creating package script '/home/anthonyubuntu/Desktop/inmind/session6/Anthony-Moundalak-ROS2-Assignment-Session6/ros2ws/install/warehouse_robot/share/warehouse_robot/package.ps1'
[2.254s] INFO:colcon.colcon_core.shell:Creating package descriptor '/home/anthonyubuntu/Desktop/inmind/session6/Anthony-Moundalak-ROS2-Assignment-Session6/ros2ws/install/warehouse_robot/share/warehouse_robot/package.dsv'
[2.255s] INFO:colcon.colcon_core.shell:Creating package script '/home/anthonyubuntu/Desktop/inmind/session6/Anthony-Moundalak-ROS2-Assignment-Session6/ros2ws/install/warehouse_robot/share/warehouse_robot/package.sh'
[2.256s] INFO:colcon.colcon_core.shell:Creating package script '/home/anthonyubuntu/Desktop/inmind/session6/Anthony-Moundalak-ROS2-Assignment-Session6/ros2ws/install/warehouse_robot/share/warehouse_robot/package.bash'
[2.256s] INFO:colcon.colcon_core.shell:Creating package script '/home/anthonyubuntu/Desktop/inmind/session6/Anthony-Moundalak-ROS2-Assignment-Session6/ros2ws/install/warehouse_robot/share/warehouse_robot/package.zsh'
[2.257s] Level 1:colcon.colcon_core.environment:create_file_with_runtime_dependencies(/home/anthonyubuntu/Desktop/inmind/session6/Anthony-Moundalak-ROS2-Assignment-Session6/ros2ws/install/warehouse_robot/share/colcon-core/packages/warehouse_robot)
[2.258s] DEBUG:colcon.colcon_parallel_executor.executor.parallel:closing loop
[2.258s] DEBUG:colcon.colcon_parallel_executor.executor.parallel:loop closed
[2.258s] DEBUG:colcon.colcon_parallel_executor.executor.parallel:run_until_complete finished with '0'
[2.259s] DEBUG:colcon.colcon_core.event_reactor:joining thread
[2.265s] INFO:colcon.colcon_core.plugin_system:Skipping extension 'colcon_notification.desktop_notification.terminal_notifier': Not used on non-Darwin systems
[2.265s] INFO:colcon.colcon_core.plugin_system:Skipping extension 'colcon_notification.desktop_notification.win32': Not used on non-Windows systems
[2.265s] INFO:colcon.colcon_notification.desktop_notification:Sending desktop notification using 'notify2'
[2.279s] DEBUG:colcon.colcon_core.event_reactor:joined thread
[2.279s] INFO:colcon.colcon_core.shell:Creating prefix script '/home/anthonyubuntu/Desktop/inmind/session6/Anthony-Moundalak-ROS2-Assignment-Session6/ros2ws/install/local_setup.ps1'
[2.280s] INFO:colcon.colcon_core.shell:Creating prefix util module '/home/anthonyubuntu/Desktop/inmind/session6/Anthony-Moundalak-ROS2-Assignment-Session6/ros2ws/install/_local_setup_util_ps1.py'
[2.282s] INFO:colcon.colcon_core.shell:Creating prefix chain script '/home/anthonyubuntu/Desktop/inmind/session6/Anthony-Moundalak-ROS2-Assignment-Session6/ros2ws/install/setup.ps1'
[2.283s] INFO:colcon.colcon_core.shell:Creating prefix script '/home/anthonyubuntu/Desktop/inmind/session6/Anthony-Moundalak-ROS2-Assignment-Session6/ros2ws/install/local_setup.sh'
[2.284s] INFO:colcon.colcon_core.shell:Creating prefix util module '/home/anthonyubuntu/Desktop/inmind/session6/Anthony-Moundalak-ROS2-Assignment-Session6/ros2ws/install/_local_setup_util_sh.py'
[2.284s] INFO:colcon.colcon_core.shell:Creating prefix chain script '/home/anthonyubuntu/Desktop/inmind/session6/Anthony-Moundalak-ROS2-Assignment-Session6/ros2ws/install/setup.sh'
[2.286s] INFO:colcon.colcon_core.shell:Creating prefix script '/home/anthonyubuntu/Desktop/inmind/session6/Anthony-Moundalak-ROS2-Assignment-Session6/ros2ws/install/local_setup.bash'
[2.287s] INFO:colcon.colcon_core.shell:Creating prefix chain script '/home/anthonyubuntu/Desktop/inmind/session6/Anthony-Moundalak-ROS2-Assignment-Session6/ros2ws/install/setup.bash'
[2.288s] INFO:colcon.colcon_core.shell:Creating prefix script '/home/anthonyubuntu/Desktop/inmind/session6/Anthony-Moundalak-ROS2-Assignment-Session6/ros2ws/install/local_setup.zsh'
[2.289s] INFO:colcon.colcon_core.shell:Creating prefix chain script '/home/anthonyubuntu/Desktop/inmind/session6/Anthony-Moundalak-ROS2-Assignment-Session6/ros2ws/install/setup.zsh'
