[0.678s] Invoking command in '/home/anthonyubuntu/Desktop/inmind/session6/Anthony-Moundalak-ROS2-Assignment-Session6/ros2ws/src/warehouse_robot': PYTHONPATH=/home/anthonyubuntu/Desktop/inmind/session6/Anthony-Moundalak-ROS2-Assignment-Session6/ros2ws/build/warehouse_robot/prefix_override:/usr/lib/python3/dist-packages/colcon_core/task/python/colcon_distutils_commands:/home/anthonyubuntu/Desktop/inmind/session6/Anthony-Moundalak-ROS2-Assignment-Session6/ros2ws/install/warehouse_robot/lib/python3.10/site-packages:${PYTHONPATH} /usr/bin/python3 -W ignore:setup.py install is deprecated setup.py egg_info --egg-base ../../build/warehouse_robot build --build-base /home/anthonyubuntu/Desktop/inmind/session6/Anthony-Moundalak-ROS2-Assignment-Session6/ros2ws/build/warehouse_robot/build install --record /home/anthonyubuntu/Desktop/inmind/session6/Anthony-Moundalak-ROS2-Assignment-Session6/ros2ws/build/warehouse_robot/install.log --single-version-externally-managed install_data
[0.950s] running egg_info
[0.951s] writing ../../build/warehouse_robot/warehouse_robot.egg-info/PKG-INFO
[0.952s] writing dependency_links to ../../build/warehouse_robot/warehouse_robot.egg-info/dependency_links.txt
[0.953s] writing entry points to ../../build/warehouse_robot/warehouse_robot.egg-info/entry_points.txt
[0.954s] writing requirements to ../../build/warehouse_robot/warehouse_robot.egg-info/requires.txt
[0.954s] writing top-level names to ../../build/warehouse_robot/warehouse_robot.egg-info/top_level.txt
[0.957s] reading manifest file '../../build/warehouse_robot/warehouse_robot.egg-info/SOURCES.txt'
[0.958s] writing manifest file '../../build/warehouse_robot/warehouse_robot.egg-info/SOURCES.txt'
[0.958s] running build
[0.958s] running build_py
[0.959s] copying warehouse_robot/item_delivery_action_server.py -> /home/anthonyubuntu/Desktop/inmind/session6/Anthony-Moundalak-ROS2-Assignment-Session6/ros2ws/build/warehouse_robot/build/lib/warehouse_robot
[0.959s] running install
[0.960s] running install_lib
[0.961s] copying /home/anthonyubuntu/Desktop/inmind/session6/Anthony-Moundalak-ROS2-Assignment-Session6/ros2ws/build/warehouse_robot/build/lib/warehouse_robot/item_delivery_action_server.py -> /home/anthonyubuntu/Desktop/inmind/session6/Anthony-Moundalak-ROS2-Assignment-Session6/ros2ws/install/warehouse_robot/lib/python3.10/site-packages/warehouse_robot
[0.962s] byte-compiling /home/anthonyubuntu/Desktop/inmind/session6/Anthony-Moundalak-ROS2-Assignment-Session6/ros2ws/install/warehouse_robot/lib/python3.10/site-packages/warehouse_robot/item_delivery_action_server.py to item_delivery_action_server.cpython-310.pyc
[0.963s] running install_data
[0.963s] running install_egg_info
[0.965s] removing '/home/anthonyubuntu/Desktop/inmind/session6/Anthony-Moundalak-ROS2-Assignment-Session6/ros2ws/install/warehouse_robot/lib/python3.10/site-packages/warehouse_robot-0.0.0-py3.10.egg-info' (and everything under it)
[0.965s] Copying ../../build/warehouse_robot/warehouse_robot.egg-info to /home/anthonyubuntu/Desktop/inmind/session6/Anthony-Moundalak-ROS2-Assignment-Session6/ros2ws/install/warehouse_robot/lib/python3.10/site-packages/warehouse_robot-0.0.0-py3.10.egg-info
[0.966s] running install_scripts
[0.989s] Installing item_delivery_action_client script to /home/anthonyubuntu/Desktop/inmind/session6/Anthony-Moundalak-ROS2-Assignment-Session6/ros2ws/install/warehouse_robot/lib/warehouse_robot
[0.990s] Installing item_delivery_action_server script to /home/anthonyubuntu/Desktop/inmind/session6/Anthony-Moundalak-ROS2-Assignment-Session6/ros2ws/install/warehouse_robot/lib/warehouse_robot
[0.990s] Installing stock_checker_service_client script to /home/anthonyubuntu/Desktop/inmind/session6/Anthony-Moundalak-ROS2-Assignment-Session6/ros2ws/install/warehouse_robot/lib/warehouse_robot
[0.990s] Installing stock_checker_service_server script to /home/anthonyubuntu/Desktop/inmind/session6/Anthony-Moundalak-ROS2-Assignment-Session6/ros2ws/install/warehouse_robot/lib/warehouse_robot
[0.991s] writing list of installed files to '/home/anthonyubuntu/Desktop/inmind/session6/Anthony-Moundalak-ROS2-Assignment-Session6/ros2ws/build/warehouse_robot/install.log'
[1.019s] Invoked command in '/home/anthonyubuntu/Desktop/inmind/session6/Anthony-Moundalak-ROS2-Assignment-Session6/ros2ws/src/warehouse_robot' returned '0': PYTHONPATH=/home/anthonyubuntu/Desktop/inmind/session6/Anthony-Moundalak-ROS2-Assignment-Session6/ros2ws/build/warehouse_robot/prefix_override:/usr/lib/python3/dist-packages/colcon_core/task/python/colcon_distutils_commands:/home/anthonyubuntu/Desktop/inmind/session6/Anthony-Moundalak-ROS2-Assignment-Session6/ros2ws/install/warehouse_robot/lib/python3.10/site-packages:${PYTHONPATH} /usr/bin/python3 -W ignore:setup.py install is deprecated setup.py egg_info --egg-base ../../build/warehouse_robot build --build-base /home/anthonyubuntu/Desktop/inmind/session6/Anthony-Moundalak-ROS2-Assignment-Session6/ros2ws/build/warehouse_robot/build install --record /home/anthonyubuntu/Desktop/inmind/session6/Anthony-Moundalak-ROS2-Assignment-Session6/ros2ws/build/warehouse_robot/install.log --single-version-externally-managed install_data
